#
# A fatal error has been detected by the Java Runtime Environment:
#
#  SIGSEGV (0xb) at pc=0x00000001923f2a23, pid=1407, tid=0x0000000000012903
#
# JRE version: Java(TM) SE Runtime Environment (8.0_161-b12) (build 1.8.0_161-b12)
# Java VM: Java HotSpot(TM) 64-Bit Server VM (25.161-b12 mixed mode bsd-amd64 compressed oops)
# Problematic frame:
# C  0x00000001923f2a23
#
# Failed to write core dump. Core dumps have been disabled. To enable core dumping, try "ulimit -c unlimited" before starting Java again
#
# If you would like to submit a bug report, please visit:
#   http://bugreport.java.com/bugreport/crash.jsp
# The crash happened outside the Java Virtual Machine in native code.
# See problematic frame for where to report the bug.
#

---------------  T H R E A D  ---------------

Current thread (0x00007f97a718f800):  JavaThread "AWT-EventQueue-0" [_thread_in_native, id=76035, stack(0x000070000dfcf000,0x000070000e0cf000)]

siginfo: si_signo: 11 (SIGSEGV), si_code: 1 (SEGV_MAPERR), si_addr: 0x000000010dd69000

Registers:
RAX=0x000000010dd60000, RBX=0x0000000000035110, RCX=0x0000000000009004, RDX=0x00000001253a9f58
RSP=0x000070000e0cbfa0, RBP=0x000070000e0cbfa0, RSI=0x00000001253a6648, RDI=0x000000000000d808
R8 =0x00007f97ac858600, R9 =0x00000001253a6674, R10=0x0000000000000000, R11=0x0000000000000004
R12=0x000000000000002c, R13=0x000000000000134c, R14=0x0000000001070000, R15=0x00007f97ac82fe00
RIP=0x00000001923f2a23, EFLAGS=0x0000000000010293, ERR=0x0000000000000004
  TRAPNO=0x000000000000000e

Top of Stack: (sp=0x000070000e0cbfa0)
0x000070000e0cbfa0:   000070000e0cc070 00007fff39be78b6
0x000070000e0cbfb0:   00007f97ac858600 0000000400000000
0x000070000e0cbfc0:   0000000c0000000c 000000000000000c
0x000070000e0cbfd0:   0000000000000000 0000000000000000
0x000070000e0cbfe0:   0000000000000008 0000000000000000
0x000070000e0cbff0:   0000000000000000 0000000000000000
0x000070000e0cc000:   0000000000000000 0000000000000000
0x000070000e0cc010:   0000000000000000 0000000000000000
0x000070000e0cc020:   0000000000000000 0000000000000000
0x000070000e0cc030:   0000000000000000 0000000000000000
0x000070000e0cc040:   f83ad2e47f29001a 00000001917ddc28
0x000070000e0cc050:   0000000000000000 00000001917ddc28
0x000070000e0cc060:   000070000e0cc130 00007f97a718f800
0x000070000e0cc070:   000070000e0cc0f0 000000010de3aa88
0x000070000e0cc080:   0000000191773fc0 000000010de220e0
0x000070000e0cc090:   0000000192421028 0000000191773fc0
0x000070000e0cc0a0:   000070000e0cc178 000000010e1ec4f3
0x000070000e0cc0b0:   000070000e0cc0b0 0000000000000000
0x000070000e0cc0c0:   000070000e0cc130 0000000192421028
0x000070000e0cc0d0:   0000000000000000 00000001917ddc28
0x000070000e0cc0e0:   0000000000000000 000070000e0cc110
0x000070000e0cc0f0:   000070000e0cc178 000000010de2235d
0x000070000e0cc100:   00000006c0000538 000000010de30d38
0x000070000e0cc110:   00007fff38fc975e 000000010de2235d
0x000070000e0cc120:   000000000000134c 0000000000000000
0x000070000e0cc130:   0000000000000004 000070000e0cc138
0x000070000e0cc140:   00000001917ddb4c 000070000e0cc1b0
0x000070000e0cc150:   0000000192421028 0000000000000000
0x000070000e0cc160:   00000001917ddba0 000070000e0cc110
0x000070000e0cc170:   000070000e0cc1a0 000070000e0cc1f8
0x000070000e0cc180:   000000010de2235d 00007fff38fc975e
0x000070000e0cc190:   0000000000000000 00000006c21b9828 

Instructions: (pc=0x00000001923f2a23)
0x00000001923f2a03:   0f 10 04 38 48 8b 44 38 f8 4c 8d 4e 2c 48 89 46
0x00000001923f2a13:   0c f3 0f 11 46 14 49 39 d1 49 8b 80 e0 03 00 00
0x00000001923f2a23:   48 8b 44 08 fc 48 8d 49 08 48 89 46 18 49 8b 80
0x00000001923f2a33:   a0 03 00 00 f3 0f 10 04 38 48 8b 44 38 f8 48 8d 

Register to memory mapping:

RAX=0x000000010dd60000 is an unknown value
RBX=0x0000000000035110 is an unknown value
RCX=0x0000000000009004 is an unknown value
RDX=0x00000001253a9f58 is an unknown value
RSP=0x000070000e0cbfa0 is pointing into the stack for thread: 0x00007f97a718f800
RBP=0x000070000e0cbfa0 is pointing into the stack for thread: 0x00007f97a718f800
RSI=0x00000001253a6648 is an unknown value
RDI=0x000000000000d808 is an unknown value
R8 =0x00007f97ac858600 is an unknown value
R9 =0x00000001253a6674 is an unknown value
R10=0x0000000000000000 is an unknown value
R11=0x0000000000000004 is an unknown value
R12=0x000000000000002c is an unknown value
R13=0x000000000000134c is an unknown value
R14=0x0000000001070000 is an unknown value
R15=0x00007f97ac82fe00 is an unknown value


Stack: [0x000070000dfcf000,0x000070000e0cf000],  sp=0x000070000e0cbfa0,  free space=1011k
Native frames: (J=compiled Java code, j=interpreted, Vv=VM code, C=native code)
C  0x00000001923f2a23
C  [GLEngine+0xa48b6]  gleDrawArraysOrElements_Comp+0x14e
j  org.lwjgl.opengl.GL11.nglDrawArrays(IIIJ)V+0
j  org.lwjgl.opengl.GL11.glDrawArrays(III)V+20
j  de.pueski.jrhythm.objects.Mesh.drawVBO()V+319
j  de.pueski.jrhythm.objects.Mesh.draw()V+1
j  de.pueski.jrhythm.scene.AbstractScene.drawChildren(Lde/pueski/jrhythm/objects/SceneNode;)V+46
j  de.pueski.jrhythm.scene.VehicleScene.genLists()V+23
j  de.pueski.jrhythm.scene.AbstractScene.<init>(Ljava/lang/String;)V+128
j  de.pueski.jrhythm.scene.VehicleScene.<init>(Ljava/lang/String;)V+2
j  de.pueski.jrhythm.core.Game.init()V+105
j  de.pueski.jrhythm.core.JRhythm.run(Lorg/lwjgl/opengl/DisplayMode;ZZ)V+26
j  de.pueski.jrhythm.core.JRhythm$4.actionPerformed(Ljava/awt/event/ActionEvent;)V+98
j  javax.swing.AbstractButton.fireActionPerformed(Ljava/awt/event/ActionEvent;)V+83
j  javax.swing.AbstractButton$Handler.actionPerformed(Ljava/awt/event/ActionEvent;)V+5
j  javax.swing.DefaultButtonModel.fireActionPerformed(Ljava/awt/event/ActionEvent;)V+34
j  javax.swing.DefaultButtonModel.setPressed(Z)V+117
j  javax.swing.plaf.basic.BasicButtonListener.mouseReleased(Ljava/awt/event/MouseEvent;)V+35
j  java.awt.Component.processMouseEvent(Ljava/awt/event/MouseEvent;)V+64
j  javax.swing.JComponent.processMouseEvent(Ljava/awt/event/MouseEvent;)V+23
j  java.awt.Component.processEvent(Ljava/awt/AWTEvent;)V+81
j  java.awt.Container.processEvent(Ljava/awt/AWTEvent;)V+18
j  java.awt.Component.dispatchEventImpl(Ljava/awt/AWTEvent;)V+589
j  java.awt.Container.dispatchEventImpl(Ljava/awt/AWTEvent;)V+42
j  java.awt.Component.dispatchEvent(Ljava/awt/AWTEvent;)V+2
j  java.awt.LightweightDispatcher.retargetMouseEvent(Ljava/awt/Component;ILjava/awt/event/MouseEvent;)V+327
j  java.awt.LightweightDispatcher.processMouseEvent(Ljava/awt/event/MouseEvent;)Z+155
j  java.awt.LightweightDispatcher.dispatchEvent(Ljava/awt/AWTEvent;)Z+50
j  java.awt.Container.dispatchEventImpl(Ljava/awt/AWTEvent;)V+12
j  java.awt.Window.dispatchEventImpl(Ljava/awt/AWTEvent;)V+19
j  java.awt.Component.dispatchEvent(Ljava/awt/AWTEvent;)V+2
j  java.awt.EventQueue.dispatchEventImpl(Ljava/awt/AWTEvent;Ljava/lang/Object;)V+41
j  java.awt.EventQueue.access$500(Ljava/awt/EventQueue;Ljava/awt/AWTEvent;Ljava/lang/Object;)V+3
j  java.awt.EventQueue$3.run()Ljava/lang/Void;+32
j  java.awt.EventQueue$3.run()Ljava/lang/Object;+1
v  ~StubRoutines::call_stub
V  [libjvm.dylib+0x2ef9aa]
V  [libjvm.dylib+0x35019c]
J 667  java.security.AccessController.doPrivileged(Ljava/security/PrivilegedAction;Ljava/security/AccessControlContext;)Ljava/lang/Object; (0 bytes) @ 0x000000010e0fb195 [0x000000010e0fb0c0+0xd5]
j  java.security.ProtectionDomain$JavaSecurityAccessImpl.doIntersectionPrivilege(Ljava/security/PrivilegedAction;Ljava/security/AccessControlContext;Ljava/security/AccessControlContext;)Ljava/lang/Object;+18
j  java.security.ProtectionDomain$JavaSecurityAccessImpl.doIntersectionPrivilege(Ljava/security/PrivilegedAction;Ljava/security/AccessControlContext;)Ljava/lang/Object;+6
j  java.awt.EventQueue$4.run()Ljava/lang/Void;+11
j  java.awt.EventQueue$4.run()Ljava/lang/Object;+1
v  ~StubRoutines::call_stub
V  [libjvm.dylib+0x2ef9aa]
V  [libjvm.dylib+0x35019c]
J 667  java.security.AccessController.doPrivileged(Ljava/security/PrivilegedAction;Ljava/security/AccessControlContext;)Ljava/lang/Object; (0 bytes) @ 0x000000010e0fb195 [0x000000010e0fb0c0+0xd5]
j  java.security.ProtectionDomain$JavaSecurityAccessImpl.doIntersectionPrivilege(Ljava/security/PrivilegedAction;Ljava/security/AccessControlContext;Ljava/security/AccessControlContext;)Ljava/lang/Object;+18
j  java.awt.EventQueue.dispatchEvent(Ljava/awt/AWTEvent;)V+73
j  java.awt.EventDispatchThread.pumpOneEventForFilters(I)V+245
j  java.awt.EventDispatchThread.pumpEventsForFilter(ILjava/awt/Conditional;Ljava/awt/EventFilter;)V+35
j  java.awt.EventDispatchThread.pumpEventsForHierarchy(ILjava/awt/Conditional;Ljava/awt/Component;)V+11
j  java.awt.EventDispatchThread.pumpEvents(ILjava/awt/Conditional;)V+4
j  java.awt.EventDispatchThread.pumpEvents(Ljava/awt/Conditional;)V+3
j  java.awt.EventDispatchThread.run()V+9
v  ~StubRoutines::call_stub
V  [libjvm.dylib+0x2ef9aa]
V  [libjvm.dylib+0x2f014e]
V  [libjvm.dylib+0x2f02fa]
V  [libjvm.dylib+0x34aae5]
V  [libjvm.dylib+0x56edef]
V  [libjvm.dylib+0x5704ea]
V  [libjvm.dylib+0x48d83a]
C  [libsystem_pthread.dylib+0x3661]  _pthread_body+0x154
C  [libsystem_pthread.dylib+0x350d]  _pthread_body+0x0
C  [libsystem_pthread.dylib+0x2bf9]  thread_start+0xd
C  0x0000000000000000

Java frames: (J=compiled Java code, j=interpreted, Vv=VM code)
j  org.lwjgl.opengl.GL11.nglDrawArrays(IIIJ)V+0
j  org.lwjgl.opengl.GL11.glDrawArrays(III)V+20
j  de.pueski.jrhythm.objects.Mesh.drawVBO()V+319
j  de.pueski.jrhythm.objects.Mesh.draw()V+1
j  de.pueski.jrhythm.scene.AbstractScene.drawChildren(Lde/pueski/jrhythm/objects/SceneNode;)V+46
j  de.pueski.jrhythm.scene.VehicleScene.genLists()V+23
j  de.pueski.jrhythm.scene.AbstractScene.<init>(Ljava/lang/String;)V+128
j  de.pueski.jrhythm.scene.VehicleScene.<init>(Ljava/lang/String;)V+2
j  de.pueski.jrhythm.core.Game.init()V+105
j  de.pueski.jrhythm.core.JRhythm.run(Lorg/lwjgl/opengl/DisplayMode;ZZ)V+26
j  de.pueski.jrhythm.core.JRhythm$4.actionPerformed(Ljava/awt/event/ActionEvent;)V+98
j  javax.swing.AbstractButton.fireActionPerformed(Ljava/awt/event/ActionEvent;)V+83
j  javax.swing.AbstractButton$Handler.actionPerformed(Ljava/awt/event/ActionEvent;)V+5
j  javax.swing.DefaultButtonModel.fireActionPerformed(Ljava/awt/event/ActionEvent;)V+34
j  javax.swing.DefaultButtonModel.setPressed(Z)V+117
j  javax.swing.plaf.basic.BasicButtonListener.mouseReleased(Ljava/awt/event/MouseEvent;)V+35
j  java.awt.Component.processMouseEvent(Ljava/awt/event/MouseEvent;)V+64
j  javax.swing.JComponent.processMouseEvent(Ljava/awt/event/MouseEvent;)V+23
j  java.awt.Component.processEvent(Ljava/awt/AWTEvent;)V+81
j  java.awt.Container.processEvent(Ljava/awt/AWTEvent;)V+18
j  java.awt.Component.dispatchEventImpl(Ljava/awt/AWTEvent;)V+589
j  java.awt.Container.dispatchEventImpl(Ljava/awt/AWTEvent;)V+42
j  java.awt.Component.dispatchEvent(Ljava/awt/AWTEvent;)V+2
j  java.awt.LightweightDispatcher.retargetMouseEvent(Ljava/awt/Component;ILjava/awt/event/MouseEvent;)V+327
j  java.awt.LightweightDispatcher.processMouseEvent(Ljava/awt/event/MouseEvent;)Z+155
j  java.awt.LightweightDispatcher.dispatchEvent(Ljava/awt/AWTEvent;)Z+50
j  java.awt.Container.dispatchEventImpl(Ljava/awt/AWTEvent;)V+12
j  java.awt.Window.dispatchEventImpl(Ljava/awt/AWTEvent;)V+19
j  java.awt.Component.dispatchEvent(Ljava/awt/AWTEvent;)V+2
j  java.awt.EventQueue.dispatchEventImpl(Ljava/awt/AWTEvent;Ljava/lang/Object;)V+41
j  java.awt.EventQueue.access$500(Ljava/awt/EventQueue;Ljava/awt/AWTEvent;Ljava/lang/Object;)V+3
j  java.awt.EventQueue$3.run()Ljava/lang/Void;+32
j  java.awt.EventQueue$3.run()Ljava/lang/Object;+1
v  ~StubRoutines::call_stub
J 667  java.security.AccessController.doPrivileged(Ljava/security/PrivilegedAction;Ljava/security/AccessControlContext;)Ljava/lang/Object; (0 bytes) @ 0x000000010e0fb123 [0x000000010e0fb0c0+0x63]
j  java.security.ProtectionDomain$JavaSecurityAccessImpl.doIntersectionPrivilege(Ljava/security/PrivilegedAction;Ljava/security/AccessControlContext;Ljava/security/AccessControlContext;)Ljava/lang/Object;+18
j  java.security.ProtectionDomain$JavaSecurityAccessImpl.doIntersectionPrivilege(Ljava/security/PrivilegedAction;Ljava/security/AccessControlContext;)Ljava/lang/Object;+6
j  java.awt.EventQueue$4.run()Ljava/lang/Void;+11
j  java.awt.EventQueue$4.run()Ljava/lang/Object;+1
v  ~StubRoutines::call_stub
J 667  java.security.AccessController.doPrivileged(Ljava/security/PrivilegedAction;Ljava/security/AccessControlContext;)Ljava/lang/Object; (0 bytes) @ 0x000000010e0fb123 [0x000000010e0fb0c0+0x63]
j  java.security.ProtectionDomain$JavaSecurityAccessImpl.doIntersectionPrivilege(Ljava/security/PrivilegedAction;Ljava/security/AccessControlContext;Ljava/security/AccessControlContext;)Ljava/lang/Object;+18
j  java.awt.EventQueue.dispatchEvent(Ljava/awt/AWTEvent;)V+73
j  java.awt.EventDispatchThread.pumpOneEventForFilters(I)V+245
j  java.awt.EventDispatchThread.pumpEventsForFilter(ILjava/awt/Conditional;Ljava/awt/EventFilter;)V+35
j  java.awt.EventDispatchThread.pumpEventsForHierarchy(ILjava/awt/Conditional;Ljava/awt/Component;)V+11
j  java.awt.EventDispatchThread.pumpEvents(ILjava/awt/Conditional;)V+4
j  java.awt.EventDispatchThread.pumpEvents(Ljava/awt/Conditional;)V+3
j  java.awt.EventDispatchThread.run()V+9
v  ~StubRoutines::call_stub

---------------  P R O C E S S  ---------------

Java Threads: ( => current thread )
  0x00007f97a7361000 JavaThread "DestroyJavaVM" [_thread_blocked, id=6147, stack(0x000070000c16c000,0x000070000c26c000)]
=>0x00007f97a718f800 JavaThread "AWT-EventQueue-0" [_thread_in_native, id=76035, stack(0x000070000dfcf000,0x000070000e0cf000)]
  0x00007f97a9c16000 JavaThread "Image Fetcher 0" daemon [_thread_blocked, id=76299, stack(0x000070000decc000,0x000070000dfcc000)]
  0x00007f97a9993000 JavaThread "Timer-0" daemon [_thread_blocked, id=76803, stack(0x000070000ddc9000,0x000070000dec9000)]
  0x00007f97a7a36000 JavaThread "Java2D Disposer" daemon [_thread_blocked, id=78859, stack(0x000070000dcc6000,0x000070000ddc6000)]
  0x00007f97a7a0d000 JavaThread "Java2D Queue Flusher" daemon [_thread_blocked, id=53255, stack(0x000070000dbc3000,0x000070000dcc3000)]
  0x00007f97a792f800 JavaThread "AWT-Shutdown" [_thread_blocked, id=28715, stack(0x000070000d831000,0x000070000d931000)]
  0x00007f97a7930000 JavaThread "AppKit Thread" daemon [_thread_in_native, id=775, stack(0x00007ffeeb50e000,0x00007ffeebd0e000)]
  0x00007f97a9804800 JavaThread "Service Thread" daemon [_thread_blocked, id=22019, stack(0x000070000d5a8000,0x000070000d6a8000)]
  0x00007f97a9803000 JavaThread "C1 CompilerThread3" daemon [_thread_blocked, id=21763, stack(0x000070000d4a5000,0x000070000d5a5000)]
  0x00007f97a8809000 JavaThread "C2 CompilerThread2" daemon [_thread_blocked, id=15363, stack(0x000070000d3a2000,0x000070000d4a2000)]
  0x00007f97a8808000 JavaThread "C2 CompilerThread1" daemon [_thread_in_native, id=14851, stack(0x000070000d29f000,0x000070000d39f000)]
  0x00007f97a8806800 JavaThread "C2 CompilerThread0" daemon [_thread_blocked, id=14595, stack(0x000070000d19c000,0x000070000d29c000)]
  0x00007f97aa801000 JavaThread "JDWP Command Reader" daemon [_thread_in_native, id=14083, stack(0x000070000d099000,0x000070000d199000)]
  0x00007f97a8804000 JavaThread "JDWP Event Helper Thread" daemon [_thread_blocked, id=16387, stack(0x000070000cf96000,0x000070000d096000)]
  0x00007f97a700a800 JavaThread "JDWP Transport Listener: dt_socket" daemon [_thread_blocked, id=16647, stack(0x000070000ce93000,0x000070000cf93000)]
  0x00007f97aa800000 JavaThread "Signal Dispatcher" daemon [_thread_blocked, id=13579, stack(0x000070000cd90000,0x000070000ce90000)]
  0x00007f97a8802000 JavaThread "Finalizer" daemon [_thread_blocked, id=12547, stack(0x000070000cc8d000,0x000070000cd8d000)]
  0x00007f97a702d800 JavaThread "Reference Handler" daemon [_thread_blocked, id=19715, stack(0x000070000cb8a000,0x000070000cc8a000)]

Other Threads:
  0x00007f97a7029000 VMThread [stack: 0x000070000ca87000,0x000070000cb87000] [id=19971]
  0x00007f97a981d800 WatcherThread [stack: 0x000070000d6ab000,0x000070000d7ab000] [id=22531]

VM state:not at safepoint (normal execution)

VM Mutex/Monitor currently owned by a thread: None

Heap:
 PSYoungGen      total 245760K, used 6727K [0x000000076ab00000, 0x000000077e100000, 0x00000007c0000000)
  eden space 229376K, 1% used [0x000000076ab00000,0x000000076af64bf8,0x0000000778b00000)
  from space 16384K, 13% used [0x000000077d100000,0x000000077d32d010,0x000000077e100000)
  to   space 44032K, 0% used [0x0000000778b00000,0x0000000778b00000,0x000000077b600000)
 ParOldGen       total 272896K, used 70201K [0x00000006c0000000, 0x00000006d0a80000, 0x000000076ab00000)
  object space 272896K, 25% used [0x00000006c0000000,0x00000006c448e550,0x00000006d0a80000)
 Metaspace       used 17628K, capacity 17987K, committed 18176K, reserved 1064960K
  class space    used 2125K, capacity 2243K, committed 2304K, reserved 1048576K

Card table byte_map: [0x00000001063ae000,0x0000000106baf000] byte_map_base: 0x0000000102dae000

Marking Bits: (ParMarkBitMap*) 0x00000001058f76c0
 Begin Bits: [0x000000011ce1a000, 0x0000000120e1a000)
 End Bits:   [0x0000000120e1a000, 0x0000000124e1a000)

Polling page: 0x0000000103f77000

CodeCache: size=245760Kb used=5442Kb max_used=5454Kb free=240317Kb
 bounds [0x000000010de1a000, 0x000000010e37a000, 0x000000011ce1a000]
 total_blobs=2182 nmethods=1539 adapters=564
 compilation: enabled

Compilation events (10 events):
Event: 3.700 Thread 0x00007f97a8806800 1537   !   4       java.util.Vector$Itr::next (63 bytes)
Event: 3.700 Thread 0x00007f97a8809000 1538       4       de.pueski.jrhythm.objects.Face::calculatePlane (236 bytes)
Event: 3.701 Thread 0x00007f97a8806800 nmethod 1537 0x000000010e363050 code [0x000000010e3631c0, 0x000000010e3635f8]
Event: 3.701 Thread 0x00007f97a8806800 1539       4       java.util.Vector$Itr::hasNext (20 bytes)
Event: 3.701 Thread 0x00007f97a8809000 nmethod 1538 0x000000010e362a50 code [0x000000010e362bc0, 0x000000010e362eb8]
Event: 3.702 Thread 0x00007f97a8806800 nmethod 1539 0x000000010e366b10 code [0x000000010e366c60, 0x000000010e366d18]
Event: 3.702 Thread 0x00007f97a8809000 1540       4       java.nio.DirectFloatBufferU::put (17 bytes)
Event: 3.702 Thread 0x00007f97a8809000 nmethod 1540 0x000000010e366850 code [0x000000010e3669a0, 0x000000010e366a58]
Event: 3.703 Thread 0x00007f97a8806800 1541       4       java.nio.DirectIntBufferU::put (17 bytes)
Event: 3.703 Thread 0x00007f97a8806800 nmethod 1541 0x000000010e366590 code [0x000000010e3666e0, 0x000000010e366798]

GC Heap History (10 events):
Event: 3.204 GC heap before
{Heap before GC invocations=4 (full 0):
 PSYoungGen      total 76288K, used 69684K [0x000000076ab00000, 0x0000000774000000, 0x00000007c0000000)
  eden space 65536K, 100% used [0x000000076ab00000,0x000000076eb00000,0x000000076eb00000)
  from space 10752K, 38% used [0x000000076eb00000,0x000000076ef0d120,0x000000076f580000)
  to   space 10752K, 0% used [0x0000000773580000,0x0000000773580000,0x0000000774000000)
 ParOldGen       total 175104K, used 85230K [0x00000006c0000000, 0x00000006cab00000, 0x000000076ab00000)
  object space 175104K, 48% used [0x00000006c0000000,0x00000006c533baf0,0x00000006cab00000)
 Metaspace       used 17618K, capacity 17987K, committed 18176K, reserved 1064960K
  class space    used 2125K, capacity 2243K, committed 2304K, reserved 1048576K
Event: 3.218 GC heap after
Heap after GC invocations=4 (full 0):
 PSYoungGen      total 141824K, used 4100K [0x000000076ab00000, 0x0000000774000000, 0x00000007c0000000)
  eden space 131072K, 0% used [0x000000076ab00000,0x000000076ab00000,0x0000000772b00000)
  from space 10752K, 38% used [0x0000000773580000,0x0000000773981110,0x0000000774000000)
  to   space 10752K, 0% used [0x0000000772b00000,0x0000000772b00000,0x0000000773580000)
 ParOldGen       total 175104K, used 134382K [0x00000006c0000000, 0x00000006cab00000, 0x000000076ab00000)
  object space 175104K, 76% used [0x00000006c0000000,0x00000006c833bb20,0x00000006cab00000)
 Metaspace       used 17618K, capacity 17987K, committed 18176K, reserved 1064960K
  class space    used 2125K, capacity 2243K, committed 2304K, reserved 1048576K
}
Event: 3.218 GC heap before
{Heap before GC invocations=5 (full 1):
 PSYoungGen      total 141824K, used 4100K [0x000000076ab00000, 0x0000000774000000, 0x00000007c0000000)
  eden space 131072K, 0% used [0x000000076ab00000,0x000000076ab00000,0x0000000772b00000)
  from space 10752K, 38% used [0x0000000773580000,0x0000000773981110,0x0000000774000000)
  to   space 10752K, 0% used [0x0000000772b00000,0x0000000772b00000,0x0000000773580000)
 ParOldGen       total 175104K, used 134382K [0x00000006c0000000, 0x00000006cab00000, 0x000000076ab00000)
  object space 175104K, 76% used [0x00000006c0000000,0x00000006c833bb20,0x00000006cab00000)
 Metaspace       used 17618K, capacity 17987K, committed 18176K, reserved 1064960K
  class space    used 2125K, capacity 2243K, committed 2304K, reserved 1048576K
Event: 3.235 GC heap after
Heap after GC invocations=5 (full 1):
 PSYoungGen      total 141824K, used 0K [0x000000076ab00000, 0x0000000774000000, 0x00000007c0000000)
  eden space 131072K, 0% used [0x000000076ab00000,0x000000076ab00000,0x0000000772b00000)
  from space 10752K, 0% used [0x0000000773580000,0x0000000773580000,0x0000000774000000)
  to   space 10752K, 0% used [0x0000000772b00000,0x0000000772b00000,0x0000000773580000)
 ParOldGen       total 177664K, used 37430K [0x00000006c0000000, 0x00000006cad80000, 0x000000076ab00000)
  object space 177664K, 21% used [0x00000006c0000000,0x00000006c248d878,0x00000006cad80000)
 Metaspace       used 17618K, capacity 17987K, committed 18176K, reserved 1064960K
  class space    used 2125K, capacity 2243K, committed 2304K, reserved 1048576K
}
Event: 3.515 GC heap before
{Heap before GC invocations=6 (full 1):
 PSYoungGen      total 141824K, used 131072K [0x000000076ab00000, 0x0000000774000000, 0x00000007c0000000)
  eden space 131072K, 100% used [0x000000076ab00000,0x0000000772b00000,0x0000000772b00000)
  from space 10752K, 0% used [0x0000000773580000,0x0000000773580000,0x0000000774000000)
  to   space 10752K, 0% used [0x0000000772b00000,0x0000000772b00000,0x0000000773580000)
 ParOldGen       total 177664K, used 37430K [0x00000006c0000000, 0x00000006cad80000, 0x000000076ab00000)
  object space 177664K, 21% used [0x00000006c0000000,0x00000006c248d878,0x00000006cad80000)
 Metaspace       used 17618K, capacity 17987K, committed 18176K, reserved 1064960K
  class space    used 2125K, capacity 2243K, committed 2304K, reserved 1048576K
Event: 3.530 GC heap after
Heap after GC invocations=6 (full 1):
 PSYoungGen      total 141824K, used 224K [0x000000076ab00000, 0x000000077fe80000, 0x00000007c0000000)
  eden space 131072K, 0% used [0x000000076ab00000,0x000000076ab00000,0x0000000772b00000)
  from space 10752K, 2% used [0x0000000772b00000,0x0000000772b38000,0x0000000773580000)
  to   space 46592K, 0% used [0x000000077d100000,0x000000077d100000,0x000000077fe80000)
 ParOldGen       total 177664K, used 152118K [0x00000006c0000000, 0x00000006cad80000, 0x000000076ab00000)
  object space 177664K, 85% used [0x00000006c0000000,0x00000006c948d8e8,0x00000006cad80000)
 Metaspace       used 17618K, capacity 17987K, committed 18176K, reserved 1064960K
  class space    used 2125K, capacity 2243K, committed 2304K, reserved 1048576K
}
Event: 3.530 GC heap before
{Heap before GC invocations=7 (full 2):
 PSYoungGen      total 141824K, used 224K [0x000000076ab00000, 0x000000077fe80000, 0x00000007c0000000)
  eden space 131072K, 0% used [0x000000076ab00000,0x000000076ab00000,0x0000000772b00000)
  from space 10752K, 2% used [0x0000000772b00000,0x0000000772b38000,0x0000000773580000)
  to   space 46592K, 0% used [0x000000077d100000,0x000000077d100000,0x000000077fe80000)
 ParOldGen       total 177664K, used 152118K [0x00000006c0000000, 0x00000006cad80000, 0x000000076ab00000)
  object space 177664K, 85% used [0x00000006c0000000,0x00000006c948d8e8,0x00000006cad80000)
 Metaspace       used 17618K, capacity 17987K, committed 18176K, reserved 1064960K
  class space    used 2125K, capacity 2243K, committed 2304K, reserved 1048576K
Event: 3.542 GC heap after
Heap after GC invocations=7 (full 2):
 PSYoungGen      total 141824K, used 0K [0x000000076ab00000, 0x000000077fe80000, 0x00000007c0000000)
  eden space 131072K, 0% used [0x000000076ab00000,0x000000076ab00000,0x0000000772b00000)
  from space 10752K, 0% used [0x0000000772b00000,0x0000000772b00000,0x0000000773580000)
  to   space 46592K, 0% used [0x000000077d100000,0x000000077d100000,0x000000077fe80000)
 ParOldGen       total 272896K, used 70201K [0x00000006c0000000, 0x00000006d0a80000, 0x000000076ab00000)
  object space 272896K, 25% used [0x00000006c0000000,0x00000006c448e550,0x00000006d0a80000)
 Metaspace       used 17618K, capacity 17987K, committed 18176K, reserved 1064960K
  class space    used 2125K, capacity 2243K, committed 2304K, reserved 1048576K
}
Event: 3.690 GC heap before
{Heap before GC invocations=8 (full 2):
 PSYoungGen      total 141824K, used 131072K [0x000000076ab00000, 0x000000077fe80000, 0x00000007c0000000)
  eden space 131072K, 100% used [0x000000076ab00000,0x0000000772b00000,0x0000000772b00000)
  from space 10752K, 0% used [0x0000000772b00000,0x0000000772b00000,0x0000000773580000)
  to   space 46592K, 0% used [0x000000077d100000,0x000000077d100000,0x000000077fe80000)
 ParOldGen       total 272896K, used 70201K [0x00000006c0000000, 0x00000006d0a80000, 0x000000076ab00000)
  object space 272896K, 25% used [0x00000006c0000000,0x00000006c448e550,0x00000006d0a80000)
 Metaspace       used 17620K, capacity 17987K, committed 18176K, reserved 1064960K
  class space    used 2125K, capacity 2243K, committed 2304K, reserved 1048576K
Event: 3.692 GC heap after
Heap after GC invocations=8 (full 2):
 PSYoungGen      total 245760K, used 2228K [0x000000076ab00000, 0x000000077e100000, 0x00000007c0000000)
  eden space 229376K, 0% used [0x000000076ab00000,0x000000076ab00000,0x0000000778b00000)
  from space 16384K, 13% used [0x000000077d100000,0x000000077d32d010,0x000000077e100000)
  to   space 44032K, 0% used [0x0000000778b00000,0x0000000778b00000,0x000000077b600000)
 ParOldGen       total 272896K, used 70201K [0x00000006c0000000, 0x00000006d0a80000, 0x000000076ab00000)
  object space 272896K, 25% used [0x00000006c0000000,0x00000006c448e550,0x00000006d0a80000)
 Metaspace       used 17620K, capacity 17987K, committed 18176K, reserved 1064960K
  class space    used 2125K, capacity 2243K, committed 2304K, reserved 1048576K
}

Deoptimization events (10 events):
Event: 2.761 Thread 0x00007f97a718f800 Uncommon trap: reason=unstable_if action=reinterpret pc=0x000000010e23865c method=java.awt.image.ComponentColorModel.getDataElements(ILjava/lang/Object;)Ljava/lang/Object; @ 30
Event: 2.791 Thread 0x00007f97a718f800 Uncommon trap: reason=unstable_if action=reinterpret pc=0x000000010e26afe4 method=java.awt.image.ComponentColorModel.getDataElements(ILjava/lang/Object;)Ljava/lang/Object; @ 2085
Event: 2.791 Thread 0x00007f97a718f800 Uncommon trap: reason=unstable_if action=reinterpret pc=0x000000010e22319c method=java.awt.image.ComponentColorModel.getAlpha(Ljava/lang/Object;)I @ 4
Event: 2.791 Thread 0x00007f97a718f800 Uncommon trap: reason=unstable_if action=reinterpret pc=0x000000010e2213f0 method=java.awt.image.ComponentColorModel.extractComponent(Ljava/lang/Object;II)I @ 4
Event: 2.791 Thread 0x00007f97a718f800 Uncommon trap: reason=unstable_if action=reinterpret pc=0x000000010e226290 method=java.awt.image.ComponentColorModel.getAlpha(Ljava/lang/Object;)I @ 4
Event: 3.648 Thread 0x00007f97a718f800 Uncommon trap: reason=unstable_if action=reinterpret pc=0x000000010e304660 method=java.io.BufferedReader.readLine(Z)Ljava/lang/String; @ 137
Event: 3.669 Thread 0x00007f97a718f800 Uncommon trap: reason=array_check action=maybe_recompile pc=0x000000010e3531f8 method=java.util.AbstractCollection.toArray([Ljava/lang/Object;)[Ljava/lang/Object; @ 119
Event: 3.669 Thread 0x00007f97a718f800 Uncommon trap: reason=array_check action=maybe_recompile pc=0x000000010e3531f8 method=java.util.AbstractCollection.toArray([Ljava/lang/Object;)[Ljava/lang/Object; @ 119
Event: 3.669 Thread 0x00007f97a718f800 Uncommon trap: reason=array_check action=maybe_recompile pc=0x000000010e3531f8 method=java.util.AbstractCollection.toArray([Ljava/lang/Object;)[Ljava/lang/Object; @ 119
Event: 3.669 Thread 0x00007f97a718f800 Uncommon trap: reason=array_check action=maybe_recompile pc=0x000000010e3531f8 method=java.util.AbstractCollection.toArray([Ljava/lang/Object;)[Ljava/lang/Object; @ 119

Classes redefined (0 events):
No events

Internal exceptions (10 events):
Event: 0.195 Thread 0x00007f97a7809800 Exception <a 'java/lang/ClassNotFoundException': org/apache/log4j/RollingFileAppenderBeanInfo> (0x000000076b192290) thrown at [/Users/java_re/workspace/8-2-build-macosx-x86_64/jdk8u161/10277/hotspot/src/share/vm/classfile/systemDictionary.cpp, line 210]
Event: 0.196 Thread 0x00007f97a7809800 Exception <a 'java/lang/ClassNotFoundException': org/apache/log4j/FileAppenderBeanInfo> (0x000000076b19ace8) thrown at [/Users/java_re/workspace/8-2-build-macosx-x86_64/jdk8u161/10277/hotspot/src/share/vm/classfile/systemDictionary.cpp, line 210]
Event: 0.196 Thread 0x00007f97a7809800 Exception <a 'java/lang/ClassNotFoundException': org/apache/log4j/FileAppenderCustomizer> (0x000000076b1a3908) thrown at [/Users/java_re/workspace/8-2-build-macosx-x86_64/jdk8u161/10277/hotspot/src/share/vm/classfile/systemDictionary.cpp, line 210]
Event: 0.197 Thread 0x00007f97a7809800 Exception <a 'java/lang/ClassNotFoundException': org/apache/log4j/RollingFileAppenderCustomizer> (0x000000076b1b9b18) thrown at [/Users/java_re/workspace/8-2-build-macosx-x86_64/jdk8u161/10277/hotspot/src/share/vm/classfile/systemDictionary.cpp, line 210]
Event: 0.225 Thread 0x00007f97a7809800 Exception <a 'java/lang/NoSuchFieldError': method resolution failed> (0x000000076b2a4220) thrown at [/Users/java_re/workspace/8-2-build-macosx-x86_64/jdk8u161/10277/hotspot/src/share/vm/prims/methodHandles.cpp, line 1167]
Event: 0.227 Thread 0x00007f97a7809800 Exception <a 'java/lang/NoSuchFieldError': method resolution failed> (0x000000076b2b1920) thrown at [/Users/java_re/workspace/8-2-build-macosx-x86_64/jdk8u161/10277/hotspot/src/share/vm/prims/methodHandles.cpp, line 1167]
Event: 0.327 Thread 0x00007f97a7809800 Exception <a 'java/io/FileNotFoundException'> (0x000000076b32c180) thrown at [/Users/java_re/workspace/8-2-build-macosx-x86_64/jdk8u161/10277/hotspot/src/share/vm/prims/jni.cpp, line 709]
Event: 0.327 Thread 0x00007f97a7809800 Exception <a 'java/io/FileNotFoundException'> (0x000000076b32cce0) thrown at [/Users/java_re/workspace/8-2-build-macosx-x86_64/jdk8u161/10277/hotspot/src/share/vm/prims/jni.cpp, line 709]
Event: 0.475 Thread 0x00007f97a7809800 Exception <a 'java/io/FileNotFoundException'> (0x000000076b7c4cb0) thrown at [/Users/java_re/workspace/8-2-build-macosx-x86_64/jdk8u161/10277/hotspot/src/share/vm/prims/jni.cpp, line 709]
Event: 2.315 Thread 0x00007f97a718f800 Exception <a 'org/lwjgl/LWJGLException': Could not create pixel format> (0x000000076bf985d8) thrown at [/Users/java_re/workspace/8-2-build-macosx-x86_64/jdk8u161/10277/hotspot/src/share/vm/prims/jni.cpp, line 735]

Events (10 events):
Event: 3.669 Thread 0x00007f97a718f800 DEOPT PACKING pc=0x000000010e3531f8 sp=0x000070000e0cbe00
Event: 3.669 Thread 0x00007f97a718f800 DEOPT UNPACKING pc=0x000000010de5f73a sp=0x000070000e0cbdc8 mode 2
Event: 3.669 Thread 0x00007f97a718f800 Uncommon trap: trap_request=0xffffffd6 fr.pc=0x000000010e3531f8
Event: 3.669 Thread 0x00007f97a718f800 DEOPT PACKING pc=0x000000010e3531f8 sp=0x000070000e0cbe00
Event: 3.669 Thread 0x00007f97a718f800 DEOPT UNPACKING pc=0x000000010de5f73a sp=0x000070000e0cbdc8 mode 2
Event: 3.669 Thread 0x00007f97a718f800 Uncommon trap: trap_request=0xffffffd6 fr.pc=0x000000010e3531f8
Event: 3.669 Thread 0x00007f97a718f800 DEOPT PACKING pc=0x000000010e3531f8 sp=0x000070000e0cbe00
Event: 3.669 Thread 0x00007f97a718f800 DEOPT UNPACKING pc=0x000000010de5f73a sp=0x000070000e0cbdc8 mode 2
Event: 3.690 Executing VM operation: ParallelGCFailedAllocation
Event: 3.692 Executing VM operation: ParallelGCFailedAllocation done


Dynamic libraries:
0x0000000007a9f000 	/System/Library/Frameworks/Cocoa.framework/Versions/A/Cocoa
0x0000000007a9f000 	/System/Library/Frameworks/Security.framework/Versions/A/Security
0x0000000007a9f000 	/System/Library/Frameworks/ApplicationServices.framework/Versions/A/ApplicationServices
0x0000000007a9f000 	/usr/lib/libz.1.dylib
0x0000000007a9f000 	/usr/lib/libSystem.B.dylib
0x0000000007a9f000 	/usr/lib/libobjc.A.dylib
0x0000000007a9f000 	/System/Library/Frameworks/CoreFoundation.framework/Versions/A/CoreFoundation
0x0000000007a9f000 	/System/Library/Frameworks/Foundation.framework/Versions/C/Foundation
0x0000000007a9f000 	/System/Library/Frameworks/AppKit.framework/Versions/C/AppKit
0x0000000007a9f000 	/System/Library/Frameworks/CoreData.framework/Versions/A/CoreData
0x0000000007a9f000 	/System/Library/PrivateFrameworks/RemoteViewServices.framework/Versions/A/RemoteViewServices
0x0000000007a9f000 	/System/Library/PrivateFrameworks/UIFoundation.framework/Versions/A/UIFoundation
0x0000000007a9f000 	/System/Library/PrivateFrameworks/DFRFoundation.framework/Versions/A/DFRFoundation
0x0000000007a9f000 	/System/Library/Frameworks/Metal.framework/Versions/A/Metal
0x0000000007a9f000 	/System/Library/PrivateFrameworks/DesktopServicesPriv.framework/Versions/A/DesktopServicesPriv
0x0000000007a9f000 	/usr/lib/libenergytrace.dylib
0x0000000007a9f000 	/System/Library/PrivateFrameworks/SkyLight.framework/Versions/A/SkyLight
0x0000000007a9f000 	/System/Library/Frameworks/CoreGraphics.framework/Versions/A/CoreGraphics
0x0000000007a9f000 	/usr/lib/libScreenReader.dylib
0x0000000007a9f000 	/System/Library/Frameworks/Accelerate.framework/Versions/A/Accelerate
0x0000000007a9f000 	/System/Library/Frameworks/IOSurface.framework/Versions/A/IOSurface
0x0000000007a9f000 	/System/Library/Frameworks/AudioToolbox.framework/Versions/A/AudioToolbox
0x0000000007a9f000 	/System/Library/Frameworks/AudioUnit.framework/Versions/A/AudioUnit
0x0000000007a9f000 	/System/Library/PrivateFrameworks/DataDetectorsCore.framework/Versions/A/DataDetectorsCore
0x0000000007a9f000 	/System/Library/Frameworks/Carbon.framework/Versions/A/Frameworks/HIToolbox.framework/Versions/A/HIToolbox
0x0000000007a9f000 	/usr/lib/libicucore.A.dylib
0x0000000007a9f000 	/System/Library/Frameworks/QuartzCore.framework/Versions/A/QuartzCore
0x0000000007a9f000 	/System/Library/PrivateFrameworks/SignpostNotification.framework/Versions/A/SignpostNotification
0x0000000007a9f000 	/System/Library/Frameworks/Carbon.framework/Versions/A/Frameworks/SpeechRecognition.framework/Versions/A/SpeechRecognition
0x0000000007a9f000 	/usr/lib/libauto.dylib
0x0000000007a9f000 	/usr/lib/libxml2.2.dylib
0x0000000007a9f000 	/System/Library/PrivateFrameworks/CoreUI.framework/Versions/A/CoreUI
0x0000000007a9f000 	/System/Library/Frameworks/CoreAudio.framework/Versions/A/CoreAudio
0x0000000007a9f000 	/System/Library/Frameworks/DiskArbitration.framework/Versions/A/DiskArbitration
0x0000000007a9f000 	/usr/lib/liblangid.dylib
0x0000000007a9f000 	/System/Library/PrivateFrameworks/MultitouchSupport.framework/Versions/A/MultitouchSupport
0x0000000007a9f000 	/System/Library/Frameworks/IOKit.framework/Versions/A/IOKit
0x0000000007a9f000 	/usr/lib/libDiagnosticMessagesClient.dylib
0x0000000007a9f000 	/System/Library/Frameworks/CoreServices.framework/Versions/A/CoreServices
0x0000000007a9f000 	/System/Library/PrivateFrameworks/PerformanceAnalysis.framework/Versions/A/PerformanceAnalysis
0x0000000007a9f000 	/System/Library/Frameworks/OpenGL.framework/Versions/A/OpenGL
0x0000000007a9f000 	/System/Library/Frameworks/ColorSync.framework/Versions/A/ColorSync
0x0000000007a9f000 	/System/Library/Frameworks/CoreImage.framework/Versions/A/CoreImage
0x0000000007a9f000 	/System/Library/Frameworks/CoreText.framework/Versions/A/CoreText
0x0000000007a9f000 	/System/Library/Frameworks/ImageIO.framework/Versions/A/ImageIO
0x0000000007a9f000 	/System/Library/PrivateFrameworks/Backup.framework/Versions/A/Backup
0x0000000007a9f000 	/usr/lib/libarchive.2.dylib
0x0000000007a9f000 	/System/Library/Frameworks/CFNetwork.framework/Versions/A/CFNetwork
0x0000000007a9f000 	/System/Library/Frameworks/SystemConfiguration.framework/Versions/A/SystemConfiguration
0x0000000007a9f000 	/usr/lib/libCRFSuite.dylib
0x0000000007a9f000 	/usr/lib/libc++.1.dylib
0x0000000007a9f000 	/usr/lib/libc++abi.dylib
0x0000000007a9f000 	/usr/lib/system/libcache.dylib
0x0000000007a9f000 	/usr/lib/system/libcommonCrypto.dylib
0x0000000007a9f000 	/usr/lib/system/libcompiler_rt.dylib
0x0000000007a9f000 	/usr/lib/system/libcopyfile.dylib
0x0000000007a9f000 	/usr/lib/system/libcorecrypto.dylib
0x0000000007a9f000 	/usr/lib/system/libdispatch.dylib
0x0000000007a9f000 	/usr/lib/system/libdyld.dylib
0x0000000007a9f000 	/usr/lib/system/libkeymgr.dylib
0x0000000007a9f000 	/usr/lib/system/liblaunch.dylib
0x0000000007a9f000 	/usr/lib/system/libmacho.dylib
0x0000000007a9f000 	/usr/lib/system/libquarantine.dylib
0x0000000007a9f000 	/usr/lib/system/libremovefile.dylib
0x0000000007a9f000 	/usr/lib/system/libsystem_asl.dylib
0x0000000007a9f000 	/usr/lib/system/libsystem_blocks.dylib
0x0000000007a9f000 	/usr/lib/system/libsystem_c.dylib
0x0000000007a9f000 	/usr/lib/system/libsystem_configuration.dylib
0x0000000007a9f000 	/usr/lib/system/libsystem_coreservices.dylib
0x0000000007a9f000 	/usr/lib/system/libsystem_darwin.dylib
0x0000000007a9f000 	/usr/lib/system/libsystem_dnssd.dylib
0x0000000007a9f000 	/usr/lib/system/libsystem_info.dylib
0x0000000007a9f000 	/usr/lib/system/libsystem_m.dylib
0x0000000007a9f000 	/usr/lib/system/libsystem_malloc.dylib
0x0000000007a9f000 	/usr/lib/system/libsystem_network.dylib
0x0000000007a9f000 	/usr/lib/system/libsystem_networkextension.dylib
0x0000000007a9f000 	/usr/lib/system/libsystem_notify.dylib
0x0000000007a9f000 	/usr/lib/system/libsystem_sandbox.dylib
0x0000000007a9f000 	/usr/lib/system/libsystem_secinit.dylib
0x0000000007a9f000 	/usr/lib/system/libsystem_kernel.dylib
0x0000000007a9f000 	/usr/lib/system/libsystem_platform.dylib
0x0000000007a9f000 	/usr/lib/system/libsystem_pthread.dylib
0x0000000007a9f000 	/usr/lib/system/libsystem_symptoms.dylib
0x0000000007a9f000 	/usr/lib/system/libsystem_trace.dylib
0x0000000007a9f000 	/usr/lib/system/libunwind.dylib
0x0000000007a9f000 	/usr/lib/system/libxpc.dylib
0x0000000007a9f000 	/usr/lib/closure/libclosured.dylib
0x0000000007a9f000 	/usr/lib/libbsm.0.dylib
0x0000000007a9f000 	/usr/lib/system/libkxld.dylib
0x0000000007a9f000 	/usr/lib/libOpenScriptingUtil.dylib
0x0000000007a9f000 	/usr/lib/libcoretls.dylib
0x0000000007a9f000 	/usr/lib/libcoretls_cfhelpers.dylib
0x0000000007a9f000 	/usr/lib/libpam.2.dylib
0x0000000007a9f000 	/usr/lib/libsqlite3.dylib
0x0000000007a9f000 	/usr/lib/libxar.1.dylib
0x0000000007a9f000 	/usr/lib/libbz2.1.0.dylib
0x0000000007a9f000 	/usr/lib/liblzma.5.dylib
0x0000000007a9f000 	/usr/lib/libnetwork.dylib
0x0000000007a9f000 	/usr/lib/libapple_nghttp2.dylib
0x0000000007a9f000 	/usr/lib/libpcap.A.dylib
0x0000000007a9f000 	/usr/lib/libboringssl.dylib
0x0000000007a9f000 	/usr/lib/libusrtcp.dylib
0x0000000007a9f000 	/usr/lib/libapple_crypto.dylib
0x0000000007a9f000 	/System/Library/Frameworks/CoreServices.framework/Versions/A/Frameworks/FSEvents.framework/Versions/A/FSEvents
0x0000000007a9f000 	/System/Library/Frameworks/CoreServices.framework/Versions/A/Frameworks/CarbonCore.framework/Versions/A/CarbonCore
0x0000000007a9f000 	/System/Library/Frameworks/CoreServices.framework/Versions/A/Frameworks/Metadata.framework/Versions/A/Metadata
0x0000000007a9f000 	/System/Library/Frameworks/CoreServices.framework/Versions/A/Frameworks/OSServices.framework/Versions/A/OSServices
0x0000000007a9f000 	/System/Library/Frameworks/CoreServices.framework/Versions/A/Frameworks/SearchKit.framework/Versions/A/SearchKit
0x0000000007a9f000 	/System/Library/Frameworks/CoreServices.framework/Versions/A/Frameworks/AE.framework/Versions/A/AE
0x0000000007a9f000 	/System/Library/Frameworks/CoreServices.framework/Versions/A/Frameworks/LaunchServices.framework/Versions/A/LaunchServices
0x0000000007a9f000 	/System/Library/Frameworks/CoreServices.framework/Versions/A/Frameworks/DictionaryServices.framework/Versions/A/DictionaryServices
0x0000000007a9f000 	/System/Library/Frameworks/CoreServices.framework/Versions/A/Frameworks/SharedFileList.framework/Versions/A/SharedFileList
0x0000000007a9f000 	/System/Library/Frameworks/NetFS.framework/Versions/A/NetFS
0x0000000007a9f000 	/System/Library/PrivateFrameworks/NetAuth.framework/Versions/A/NetAuth
0x0000000007a9f000 	/System/Library/PrivateFrameworks/login.framework/Versions/A/Frameworks/loginsupport.framework/Versions/A/loginsupport
0x0000000007a9f000 	/System/Library/PrivateFrameworks/TCC.framework/Versions/A/TCC
0x0000000007a9f000 	/usr/lib/libmecabra.dylib
0x0000000007a9f000 	/System/Library/Frameworks/ApplicationServices.framework/Versions/A/Frameworks/ATS.framework/Versions/A/ATS
0x0000000007a9f000 	/System/Library/Frameworks/ApplicationServices.framework/Versions/A/Frameworks/ColorSyncLegacy.framework/Versions/A/ColorSyncLegacy
0x0000000007a9f000 	/System/Library/Frameworks/ApplicationServices.framework/Versions/A/Frameworks/HIServices.framework/Versions/A/HIServices
0x0000000007a9f000 	/System/Library/Frameworks/ApplicationServices.framework/Versions/A/Frameworks/LangAnalysis.framework/Versions/A/LangAnalysis
0x0000000007a9f000 	/System/Library/Frameworks/ApplicationServices.framework/Versions/A/Frameworks/PrintCore.framework/Versions/A/PrintCore
0x0000000007a9f000 	/System/Library/Frameworks/ApplicationServices.framework/Versions/A/Frameworks/QD.framework/Versions/A/QD
0x0000000007a9f000 	/System/Library/Frameworks/ApplicationServices.framework/Versions/A/Frameworks/SpeechSynthesis.framework/Versions/A/SpeechSynthesis
0x0000000007a9f000 	/System/Library/Frameworks/CoreDisplay.framework/Versions/A/CoreDisplay
0x0000000007a9f000 	/System/Library/Frameworks/Accelerate.framework/Versions/A/Frameworks/vImage.framework/Versions/A/vImage
0x0000000007a9f000 	/System/Library/Frameworks/Accelerate.framework/Versions/A/Frameworks/vecLib.framework/Versions/A/vecLib
0x0000000007a9f000 	/System/Library/Frameworks/Accelerate.framework/Versions/A/Frameworks/vecLib.framework/Versions/A/libvDSP.dylib
0x0000000007a9f000 	/System/Library/Frameworks/Accelerate.framework/Versions/A/Frameworks/vecLib.framework/Versions/A/libBNNS.dylib
0x0000000007a9f000 	/System/Library/Frameworks/Accelerate.framework/Versions/A/Frameworks/vecLib.framework/Versions/A/libQuadrature.dylib
0x0000000007a9f000 	/System/Library/Frameworks/Accelerate.framework/Versions/A/Frameworks/vecLib.framework/Versions/A/libvMisc.dylib
0x0000000007a9f000 	/System/Library/Frameworks/Accelerate.framework/Versions/A/Frameworks/vecLib.framework/Versions/A/libLAPACK.dylib
0x0000000007a9f000 	/System/Library/Frameworks/Accelerate.framework/Versions/A/Frameworks/vecLib.framework/Versions/A/libBLAS.dylib
0x0000000007a9f000 	/System/Library/Frameworks/Accelerate.framework/Versions/A/Frameworks/vecLib.framework/Versions/A/libLinearAlgebra.dylib
0x0000000007a9f000 	/System/Library/Frameworks/Accelerate.framework/Versions/A/Frameworks/vecLib.framework/Versions/A/libSparse.dylib
0x0000000007a9f000 	/System/Library/Frameworks/Accelerate.framework/Versions/A/Frameworks/vecLib.framework/Versions/A/libSparseBLAS.dylib
0x0000000007a9f000 	/System/Library/PrivateFrameworks/GPUWrangler.framework/Versions/A/GPUWrangler
0x0000000007a9f000 	/System/Library/PrivateFrameworks/IOAccelerator.framework/Versions/A/IOAccelerator
0x0000000007a9f000 	/System/Library/PrivateFrameworks/IOPresentment.framework/Versions/A/IOPresentment
0x0000000007a9f000 	/System/Library/PrivateFrameworks/DSExternalDisplay.framework/Versions/A/DSExternalDisplay
0x0000000007a9f000 	/System/Library/Frameworks/OpenGL.framework/Versions/A/Libraries/libCoreFSCache.dylib
0x0000000007a9f000 	/System/Library/Frameworks/CoreVideo.framework/Versions/A/CoreVideo
0x0000000007a9f000 	/System/Library/PrivateFrameworks/GraphVisualizer.framework/Versions/A/GraphVisualizer
0x0000000007a9f000 	/System/Library/Frameworks/MetalPerformanceShaders.framework/Versions/A/MetalPerformanceShaders
0x0000000007a9f000 	/usr/lib/libFosl_dynamic.dylib
0x0000000007a9f000 	/System/Library/PrivateFrameworks/FaceCore.framework/Versions/A/FaceCore
0x0000000007a9f000 	/System/Library/Frameworks/OpenCL.framework/Versions/A/OpenCL
0x0000000007a9f000 	/usr/lib/libcompression.dylib
0x0000000007a9f000 	/System/Library/Frameworks/ApplicationServices.framework/Versions/A/Frameworks/ATS.framework/Versions/A/Resources/libFontParser.dylib
0x0000000007a9f000 	/System/Library/Frameworks/ApplicationServices.framework/Versions/A/Frameworks/ATS.framework/Versions/A/Resources/libFontRegistry.dylib
0x0000000007a9f000 	/System/Library/Frameworks/ImageIO.framework/Versions/A/Resources/libJPEG.dylib
0x0000000007a9f000 	/System/Library/Frameworks/ImageIO.framework/Versions/A/Resources/libTIFF.dylib
0x0000000007a9f000 	/System/Library/Frameworks/ImageIO.framework/Versions/A/Resources/libPng.dylib
0x0000000007a9f000 	/System/Library/Frameworks/ImageIO.framework/Versions/A/Resources/libGIF.dylib
0x0000000007a9f000 	/System/Library/Frameworks/ImageIO.framework/Versions/A/Resources/libJP2.dylib
0x0000000007a9f000 	/System/Library/Frameworks/ImageIO.framework/Versions/A/Resources/libRadiance.dylib
0x0000000007a9f000 	/System/Library/PrivateFrameworks/AppleJPEG.framework/Versions/A/AppleJPEG
0x0000000007a9f000 	/System/Library/Frameworks/MetalPerformanceShaders.framework/Frameworks/MPSCore.framework/Versions/A/MPSCore
0x0000000007a9f000 	/System/Library/Frameworks/MetalPerformanceShaders.framework/Frameworks/MPSImage.framework/Versions/A/MPSImage
0x0000000007a9f000 	/System/Library/Frameworks/MetalPerformanceShaders.framework/Frameworks/MPSNeuralNetwork.framework/Versions/A/MPSNeuralNetwork
0x0000000007a9f000 	/System/Library/Frameworks/MetalPerformanceShaders.framework/Frameworks/MPSMatrix.framework/Versions/A/MPSMatrix
0x0000000007a9f000 	/System/Library/PrivateFrameworks/MetalTools.framework/Versions/A/MetalTools
0x0000000007a9f000 	/System/Library/Frameworks/OpenGL.framework/Versions/A/Libraries/libGLU.dylib
0x0000000007a9f000 	/System/Library/Frameworks/OpenGL.framework/Versions/A/Libraries/libGFXShared.dylib
0x0000000007a9f000 	/System/Library/Frameworks/OpenGL.framework/Versions/A/Libraries/libGL.dylib
0x0000000007a9f000 	/System/Library/Frameworks/OpenGL.framework/Versions/A/Libraries/libGLImage.dylib
0x0000000007a9f000 	/System/Library/Frameworks/OpenGL.framework/Versions/A/Libraries/libCVMSPluginSupport.dylib
0x0000000007a9f000 	/System/Library/Frameworks/OpenGL.framework/Versions/A/Libraries/libCoreVMClient.dylib
0x0000000007a9f000 	/usr/lib/libcups.2.dylib
0x0000000007a9f000 	/System/Library/Frameworks/Kerberos.framework/Versions/A/Kerberos
0x0000000007a9f000 	/System/Library/Frameworks/GSS.framework/Versions/A/GSS
0x0000000007a9f000 	/usr/lib/libresolv.9.dylib
0x0000000007a9f000 	/usr/lib/libiconv.2.dylib
0x0000000007a9f000 	/System/Library/PrivateFrameworks/Heimdal.framework/Versions/A/Heimdal
0x0000000007a9f000 	/usr/lib/libheimdal-asn1.dylib
0x0000000007a9f000 	/System/Library/Frameworks/OpenDirectory.framework/Versions/A/OpenDirectory
0x0000000007a9f000 	/System/Library/PrivateFrameworks/CommonAuth.framework/Versions/A/CommonAuth
0x0000000007a9f000 	/System/Library/Frameworks/OpenDirectory.framework/Versions/A/Frameworks/CFOpenDirectory.framework/Versions/A/CFOpenDirectory
0x0000000007a9f000 	/System/Library/Frameworks/SecurityFoundation.framework/Versions/A/SecurityFoundation
0x0000000007a9f000 	/System/Library/PrivateFrameworks/APFS.framework/Versions/A/APFS
0x0000000007a9f000 	/usr/lib/libutil.dylib
0x0000000007a9f000 	/System/Library/PrivateFrameworks/AppleSauce.framework/Versions/A/AppleSauce
0x0000000007a9f000 	/System/Library/PrivateFrameworks/LinguisticData.framework/Versions/A/LinguisticData
0x0000000007a9f000 	/usr/lib/libmarisa.dylib
0x0000000007a9f000 	/System/Library/PrivateFrameworks/Lexicon.framework/Versions/A/Lexicon
0x0000000007a9f000 	/usr/lib/libChineseTokenizer.dylib
0x0000000007a9f000 	/usr/lib/libcmph.dylib
0x0000000007a9f000 	/System/Library/PrivateFrameworks/LanguageModeling.framework/Versions/A/LanguageModeling
0x0000000007a9f000 	/System/Library/PrivateFrameworks/CoreEmoji.framework/Versions/A/CoreEmoji
0x0000000007a9f000 	/System/Library/Frameworks/ServiceManagement.framework/Versions/A/ServiceManagement
0x0000000007a9f000 	/System/Library/PrivateFrameworks/BackgroundTaskManagement.framework/Versions/A/BackgroundTaskManagement
0x0000000007a9f000 	/usr/lib/libxslt.1.dylib
0x0000000007a9f000 	/System/Library/Frameworks/Carbon.framework/Versions/A/Frameworks/Ink.framework/Versions/A/Ink
0x0000000007a9f000 	/System/Library/PrivateFrameworks/TextureIO.framework/Versions/A/TextureIO
0x0000000007a9f000 	/usr/lib/libate.dylib
0x0000000007a9f000 	/System/Library/PrivateFrameworks/CrashReporterSupport.framework/Versions/A/CrashReporterSupport
0x0000000007a9f000 	/System/Library/PrivateFrameworks/Sharing.framework/Versions/A/Sharing
0x0000000007a9f000 	/System/Library/PrivateFrameworks/IconServices.framework/Versions/A/IconServices
0x0000000007a9f000 	/System/Library/PrivateFrameworks/Apple80211.framework/Versions/A/Apple80211
0x0000000007a9f000 	/System/Library/PrivateFrameworks/CoreUtils.framework/Versions/A/CoreUtils
0x0000000007a9f000 	/System/Library/Frameworks/CoreWLAN.framework/Versions/A/CoreWLAN
0x0000000007a9f000 	/System/Library/Frameworks/IOBluetooth.framework/Versions/A/IOBluetooth
0x0000000007a9f000 	/System/Library/PrivateFrameworks/ProtocolBuffer.framework/Versions/A/ProtocolBuffer
0x0000000007a9f000 	/System/Library/PrivateFrameworks/CoreWiFi.framework/Versions/A/CoreWiFi
0x0000000007a9f000 	/System/Library/Frameworks/CoreBluetooth.framework/Versions/A/CoreBluetooth
0x0000000007a9f000 	/System/Library/PrivateFrameworks/DebugSymbols.framework/Versions/A/DebugSymbols
0x0000000007a9f000 	/System/Library/PrivateFrameworks/CoreSymbolication.framework/Versions/A/CoreSymbolication
0x0000000007a9f000 	/System/Library/PrivateFrameworks/Symbolication.framework/Versions/A/Symbolication
0x0000000007a9f000 	/System/Library/PrivateFrameworks/AppleFSCompression.framework/Versions/A/AppleFSCompression
0x0000000007a9f000 	/System/Library/PrivateFrameworks/SpeechRecognitionCore.framework/Versions/A/SpeechRecognitionCore
0x0000000105000000 	/Library/Java/JavaVirtualMachines/jdk1.8.0_161.jdk/Contents/Home/jre/lib/server/libjvm.dylib
0x0000000007a9f000 	/usr/lib/libstdc++.6.0.9.dylib
0x0000000103f33000 	/Library/Java/JavaVirtualMachines/jdk1.8.0_161.jdk/Contents/Home/jre/lib/libverify.dylib
0x0000000103f41000 	/Library/Java/JavaVirtualMachines/jdk1.8.0_161.jdk/Contents/Home/jre/lib/libjava.dylib
0x0000000103f78000 	/Library/Java/JavaVirtualMachines/jdk1.8.0_161.jdk/Contents/Home/jre/lib/libjdwp.dylib
0x0000000103fc3000 	/Library/Java/JavaVirtualMachines/jdk1.8.0_161.jdk/Contents/Home/jre/lib/libnpt.dylib
0x0000000103fd0000 	/Library/Java/JavaVirtualMachines/jdk1.8.0_161.jdk/Contents/Home/jre/lib/libzip.dylib
0x000000010ba4b000 	/Library/Java/JavaVirtualMachines/jdk1.8.0_161.jdk/Contents/Home/jre/lib/libdt_socket.dylib
0x000000010bba5000 	/Library/Java/JavaVirtualMachines/jdk1.8.0_161.jdk/Contents/Home/jre/lib/libawt.dylib
0x000000010bc4f000 	/Library/Java/JavaVirtualMachines/jdk1.8.0_161.jdk/Contents/Home/jre/lib/./libmlib_image.dylib
0x0000000007a9f000 	/System/Library/Frameworks/JavaVM.framework/Versions/A/Frameworks/JavaNativeFoundation.framework/Versions/A/JavaNativeFoundation
0x0000000007a9f000 	/System/Library/Frameworks/JavaVM.framework/Versions/A/Frameworks/JavaRuntimeSupport.framework/Versions/A/JavaRuntimeSupport
0x0000000007a9f000 	/System/Library/Frameworks/JavaVM.framework/Versions/A/JavaVM
0x0000000007a9f000 	/System/Library/PrivateFrameworks/JavaLaunching.framework/Versions/A/JavaLaunching
0x0000000007a9f000 	/System/Library/Frameworks/Carbon.framework/Versions/A/Carbon
0x0000000007a9f000 	/System/Library/Frameworks/Carbon.framework/Versions/A/Frameworks/CommonPanels.framework/Versions/A/CommonPanels
0x0000000007a9f000 	/System/Library/Frameworks/Carbon.framework/Versions/A/Frameworks/Help.framework/Versions/A/Help
0x0000000007a9f000 	/System/Library/Frameworks/Carbon.framework/Versions/A/Frameworks/ImageCapture.framework/Versions/A/ImageCapture
0x0000000007a9f000 	/System/Library/Frameworks/Carbon.framework/Versions/A/Frameworks/OpenScripting.framework/Versions/A/OpenScripting
0x0000000007a9f000 	/System/Library/Frameworks/Carbon.framework/Versions/A/Frameworks/Print.framework/Versions/A/Print
0x0000000007a9f000 	/System/Library/Frameworks/Carbon.framework/Versions/A/Frameworks/SecurityHI.framework/Versions/A/SecurityHI
0x000000010bd1b000 	/Library/Java/JavaVirtualMachines/jdk1.8.0_161.jdk/Contents/Home/jre/lib/libawt_lwawt.dylib
0x000000010bdd5000 	/Library/Java/JavaVirtualMachines/jdk1.8.0_161.jdk/Contents/Home/jre/lib/./libosxapp.dylib
0x0000000007a9f000 	/System/Library/Frameworks/ExceptionHandling.framework/Versions/A/ExceptionHandling
0x0000000007a9f000 	/System/Library/PrivateFrameworks/CoreServicesInternal.framework/Versions/A/CoreServicesInternal
0x0000000007a9f000 	/System/Library/CoreServices/RawCamera.bundle/Contents/MacOS/RawCamera
0x0000000007a9f000 	/System/Library/PrivateFrameworks/MobileAsset.framework/Versions/A/MobileAsset
0x0000000007a9f000 	/System/Library/PrivateFrameworks/StreamingZip.framework/Versions/A/StreamingZip
0x0000000007a9f000 	/System/Library/Frameworks/MediaToolbox.framework/Versions/A/MediaToolbox
0x0000000007a9f000 	/System/Library/PrivateFrameworks/CoreAVCHD.framework/Versions/A/CoreAVCHD
0x0000000007a9f000 	/System/Library/Frameworks/MediaAccessibility.framework/Versions/A/MediaAccessibility
0x0000000007a9f000 	/System/Library/PrivateFrameworks/Mangrove.framework/Versions/A/Mangrove
0x0000000007a9f000 	/System/Library/Frameworks/CoreMedia.framework/Versions/A/CoreMedia
0x0000000007a9f000 	/System/Library/Frameworks/VideoToolbox.framework/Versions/A/VideoToolbox
0x0000000007a9f000 	/System/Library/PrivateFrameworks/CoreAUC.framework/Versions/A/CoreAUC
0x0000000007a9f000 	/usr/lib/libspindump.dylib
0x0000000007a9f000 	/System/Library/PrivateFrameworks/AppleVA.framework/Versions/A/AppleVA
0x0000000007a9f000 	/System/Library/Frameworks/Accelerate.framework/Versions/A/Frameworks/vImage.framework/Versions/A/Libraries/libCGInterfaces.dylib
0x0000000007a9f000 	/System/Library/Frameworks/ApplicationServices.framework/Versions/A/Frameworks/ATS.framework/Versions/A/Resources/libTrueTypeScaler.dylib
0x00000001259c2000 	/System/Library/Extensions/AMDMTLBronzeDriver.bundle/Contents/MacOS/AMDMTLBronzeDriver
0x0000000007a9f000 	/System/Library/PrivateFrameworks/IOAccelMemoryInfo.framework/Versions/A/IOAccelMemoryInfo
0x0000000007a9f000 	/System/Library/PrivateFrameworks/GPUCompiler.framework/Versions/3802/Libraries/libmetal_timestamp.dylib
0x0000000007a9f000 	/System/Library/PrivateFrameworks/FamilyControls.framework/Versions/A/FamilyControls
0x0000000007a9f000 	/System/Library/PrivateFrameworks/CommerceKit.framework/Versions/A/Frameworks/CommerceCore.framework/Versions/A/CommerceCore
0x0000000007a9f000 	/System/Library/PrivateFrameworks/SystemAdministration.framework/Versions/A/SystemAdministration
0x0000000007a9f000 	/System/Library/PrivateFrameworks/AppContainer.framework/Versions/A/AppContainer
0x0000000007a9f000 	/System/Library/PrivateFrameworks/SecCodeWrapper.framework/Versions/A/SecCodeWrapper
0x0000000007a9f000 	/System/Library/PrivateFrameworks/DiskManagement.framework/Versions/A/DiskManagement
0x0000000007a9f000 	/System/Library/Frameworks/DirectoryService.framework/Versions/A/DirectoryService
0x0000000007a9f000 	/System/Library/PrivateFrameworks/DiskImages.framework/Versions/A/DiskImages
0x0000000007a9f000 	/System/Library/PrivateFrameworks/LoginUIKit.framework/Versions/A/Frameworks/LoginUICore.framework/Versions/A/LoginUICore
0x0000000007a9f000 	/usr/lib/libCoreStorage.dylib
0x0000000007a9f000 	/usr/lib/libcsfde.dylib
0x0000000007a9f000 	/usr/lib/libodfde.dylib
0x0000000007a9f000 	/System/Library/PrivateFrameworks/MediaKit.framework/Versions/A/MediaKit
0x0000000007a9f000 	/System/Library/Frameworks/DiscRecording.framework/Versions/A/DiscRecording
0x0000000007a9f000 	/System/Library/PrivateFrameworks/EFILogin.framework/Versions/A/EFILogin
0x0000000007a9f000 	/System/Library/PrivateFrameworks/ProtectedCloudStorage.framework/Versions/A/ProtectedCloudStorage
0x0000000007a9f000 	/usr/lib/libcurl.4.dylib
0x0000000007a9f000 	/usr/lib/libcrypto.35.dylib
0x0000000007a9f000 	/usr/lib/libssl.35.dylib
0x0000000007a9f000 	/System/Library/Frameworks/LDAP.framework/Versions/A/LDAP
0x0000000007a9f000 	/System/Library/PrivateFrameworks/TrustEvaluationAgent.framework/Versions/A/TrustEvaluationAgent
0x0000000007a9f000 	/usr/lib/libsasl2.2.dylib
0x0000000007a9f000 	/System/Library/PrivateFrameworks/CoreDaemon.framework/Versions/B/CoreDaemon
0x0000000007a9f000 	/System/Library/PrivateFrameworks/AppleSRP.framework/Versions/A/AppleSRP
0x0000000007a9f000 	/System/Library/Frameworks/OpenGL.framework/Versions/A/Resources/GLEngine.bundle/GLEngine
0x0000000007a9f000 	/System/Library/Frameworks/OpenGL.framework/Versions/A/Libraries/libGLProgrammability.dylib
0x0000000125e02000 	/System/Library/Extensions/AMDRadeonX4000GLDriver.bundle/Contents/MacOS/AMDRadeonX4000GLDriver
0x0000000007a9f000 	/System/Library/PrivateFrameworks/GPUSupport.framework/Versions/A/Libraries/libGPUSupportMercury.dylib
0x0000000007a9f000 	/System/Library/Extensions/AMDRadeonX4000GLDriver.bundle/Contents/MacOS/ATIRadeonX4000SCLib.dylib
0x0000000007a9f000 	/System/Library/Frameworks/OpenGL.framework/Versions/A/Resources/GLRendererFloat.bundle/GLRendererFloat
0x0000000007a9f000 	/System/Library/Frameworks/OpenCL.framework/Versions/A/Libraries/libcldcpuengine.dylib
0x0000000125fe7000 	/Library/Java/JavaVirtualMachines/jdk1.8.0_161.jdk/Contents/Home/jre/lib/libfontmanager.dylib
0x000000012604e000 	/Library/Java/JavaVirtualMachines/jdk1.8.0_161.jdk/Contents/Home/jre/lib/libosxui.dylib
0x0000000126c14000 	/Library/Java/JavaVirtualMachines/jdk1.8.0_161.jdk/Contents/Home/jre/lib/libosx.dylib
0x0000000126f4b000 	/Library/Java/JavaVirtualMachines/jdk1.8.0_161.jdk/Contents/Home/jre/lib/libnio.dylib
0x0000000126faa000 	/Library/Java/JavaVirtualMachines/jdk1.8.0_161.jdk/Contents/Home/jre/lib/./libnet.dylib
0x0000000127313000 	/Users/mpue/Documents/devel/games/supernova/lib/native/liblwjgl.dylib
0x0000000127395000 	/Library/Java/JavaVirtualMachines/jdk1.8.0_161.jdk/Contents/Home/jre/lib/libjawt.dylib
0x0000000007a9f000 	/System/Library/PrivateFrameworks/ViewBridge.framework/Versions/A/ViewBridge
0x0000000192871000 	/Library/Java/JavaVirtualMachines/jdk1.8.0_161.jdk/Contents/Home/jre/lib/libdcpr.dylib
0x00000001255a3000 	/Library/Java/JavaVirtualMachines/jdk1.8.0_161.jdk/Contents/Home/jre/lib/libjpeg.dylib

VM Arguments:
jvm_args: -agentlib:jdwp=transport=dt_socket,suspend=y,address=localhost:51679 -Djava.library.path=/Users/mpue/Documents/devel/games/supernova/lib/native -Dfile.encoding=UTF-8 
java_command: de.pueski.jrhythm.core.JRhythm
java_class_path (initial): /Library/Java/JavaVirtualMachines/jdk1.8.0_161.jdk/Contents/Home/jre/lib/resources.jar:/Library/Java/JavaVirtualMachines/jdk1.8.0_161.jdk/Contents/Home/jre/lib/rt.jar:/Library/Java/JavaVirtualMachines/jdk1.8.0_161.jdk/Contents/Home/jre/lib/jsse.jar:/Library/Java/JavaVirtualMachines/jdk1.8.0_161.jdk/Contents/Home/jre/lib/jce.jar:/Library/Java/JavaVirtualMachines/jdk1.8.0_161.jdk/Contents/Home/jre/lib/charsets.jar:/Library/Java/JavaVirtualMachines/jdk1.8.0_161.jdk/Contents/Home/jre/lib/jfr.jar:/Library/Java/JavaVirtualMachines/jdk1.8.0_161.jdk/Contents/Home/jre/lib/ext/sunec.jar:/Library/Java/JavaVirtualMachines/jdk1.8.0_161.jdk/Contents/Home/jre/lib/ext/nashorn.jar:/Library/Java/JavaVirtualMachines/jdk1.8.0_161.jdk/Contents/Home/jre/lib/ext/cldrdata.jar:/Library/Java/JavaVirtualMachines/jdk1.8.0_161.jdk/Contents/Home/jre/lib/ext/jfxrt.jar:/Library/Java/JavaVirtualMachines/jdk1.8.0_161.jdk/Contents/Home/jre/lib/ext/dnsns.jar:/Library/Java/JavaVirtualMachines/jdk1.8.0_161.jdk/Contents/Home/jre/lib/ext/localedata.jar:/Library/Java/JavaVirtualMachines/jdk1.8.0_161.jdk/Contents/Home/jre/lib/ext/sunjce_provider.jar:/Library/Java/JavaVirtualMachines/jdk1.8.0_161.jdk/Contents/Home/jre/lib/ext/sunpkcs11.jar:/Library/Java/JavaVirtualMachines/jdk1.8.0_161.jdk/Contents/Home/jre/lib/ext/jaccess.jar:/Library/Java/JavaVirtualMachines/jdk1.8.0_161.jdk/Contents/Home/jre/lib/ext/zipfs.jar:/System/Library/Java/Extensions/MRJToolkit.jar:/Users/mpue/Documents/devel/JRhythm/bin:/Users/mpue/Documents/devel/JRhythm/lib/AppleJavaExtensions.jar:/Users/mpue/Documents/devel/JRhythm/lib/lzma.jar:/Users/mpue/Documents/devel/JRhythm/lib/vecmath.jar:/Users/mpue/Documents/devel/JRhythm/lib/stack-alloc.jar:/Users/mpue/Documents/devel/JRhythm/lib/commons-io-1.3.1.jar:/Users/mpue/Documents/devel/JRhythm/lib/commons-lang-2.3.jar:/Users/mpue/Documents/devel/JRhythm/lib/commons-logging-1.1.jar:/Users/mpue/Documents/devel/JRhythm/lib/log4j-1.2.14.jar:/Users/mpue/Documents/devel
Launcher Type: SUN_STANDARD

Environment Variables:
PATH=/usr/bin:/bin:/usr/sbin:/sbin
SHELL=/bin/bash
DISPLAY=/private/tmp/com.apple.launchd.3tVY61MuS1/org.macosforge.xquartz:0

Signal Handlers:
SIGSEGV: [libjvm.dylib+0x5b5439], sa_mask[0]=11111111011111110111111111111111, sa_flags=SA_ONSTACK|SA_RESTART|SA_SIGINFO
SIGBUS: [libjvm.dylib+0x5b5439], sa_mask[0]=11111111011111110111111111111111, sa_flags=SA_RESTART|SA_SIGINFO
SIGFPE: [libjvm.dylib+0x48ae24], sa_mask[0]=11111111011111110111111111111111, sa_flags=SA_RESTART|SA_SIGINFO
SIGPIPE: [libjvm.dylib+0x48ae24], sa_mask[0]=11111111011111110111111111111111, sa_flags=SA_RESTART|SA_SIGINFO
SIGXFSZ: [libjvm.dylib+0x48ae24], sa_mask[0]=11111111011111110111111111111111, sa_flags=SA_RESTART|SA_SIGINFO
SIGILL: [libjvm.dylib+0x48ae24], sa_mask[0]=11111111011111110111111111111111, sa_flags=SA_RESTART|SA_SIGINFO
SIGUSR1: SIG_DFL, sa_mask[0]=00000000000000000000000000000000, sa_flags=none
SIGUSR2: [libjvm.dylib+0x48a942], sa_mask[0]=00100000000000000000000000000000, sa_flags=SA_RESTART|SA_SIGINFO
SIGHUP: [libjvm.dylib+0x488f0d], sa_mask[0]=11111111011111110111111111111111, sa_flags=SA_RESTART|SA_SIGINFO
SIGINT: [libjvm.dylib+0x488f0d], sa_mask[0]=11111111011111110111111111111111, sa_flags=SA_RESTART|SA_SIGINFO
SIGTERM: [libjvm.dylib+0x488f0d], sa_mask[0]=11111111011111110111111111111111, sa_flags=SA_RESTART|SA_SIGINFO
SIGQUIT: [libjvm.dylib+0x488f0d], sa_mask[0]=11111111011111110111111111111111, sa_flags=SA_RESTART|SA_SIGINFO


---------------  S Y S T E M  ---------------

OS:Bsduname:Darwin 17.6.0 Darwin Kernel Version 17.6.0: Tue May  8 15:22:16 PDT 2018; root:xnu-4570.61.1~1/RELEASE_X86_64 x86_64
rlimit: STACK 8192k, CORE 0k, NPROC 1418, NOFILE 10240, AS infinity
load average:1.62 1.69 1.60

CPU:total 8 (initial active 8) (4 cores per cpu, 2 threads per core) family 6 model 158 stepping 9, cmov, cx8, fxsr, mmx, sse, sse2, sse3, ssse3, sse4.1, sse4.2, popcnt, avx, avx2, aes, clmul, erms, rtm, 3dnowpref, lzcnt, ht, tsc, tscinvbit, bmi1, bmi2, adx

Memory: 4k page, physical 16777216k(1131540k free)

/proc/meminfo:


vm_info: Java HotSpot(TM) 64-Bit Server VM (25.161-b12) for bsd-amd64 JRE (1.8.0_161-b12), built on Dec 19 2017 16:22:20 by "java_re" with gcc 4.2.1 (Based on Apple Inc. build 5658) (LLVM build 2336.11.00)

time: Sun Nov 11 16:38:27 2018
elapsed time: 3 seconds (0d 0h 0m 3s)

