#
# A fatal error has been detected by the Java Runtime Environment:
#
#  SIGSEGV (0xb) at pc=0x00007fff39c89650, pid=1159, tid=0x000000000000d903
#
# JRE version: Java(TM) SE Runtime Environment (8.0_161-b12) (build 1.8.0_161-b12)
# Java VM: Java HotSpot(TM) 64-Bit Server VM (25.161-b12 mixed mode bsd-amd64 compressed oops)
# Problematic frame:
# C  [GLEngine+0x146650]  gleRunVertexSubmitImmediate+0x4b0
#
# Failed to write core dump. Core dumps have been disabled. To enable core dumping, try "ulimit -c unlimited" before starting Java again
#
# If you would like to submit a bug report, please visit:
#   http://bugreport.java.com/bugreport/crash.jsp
# The crash happened outside the Java Virtual Machine in native code.
# See problematic frame for where to report the bug.
#

---------------  T H R E A D  ---------------

Current thread (0x00007f83f82fb800):  JavaThread "AWT-EventQueue-0" [_thread_in_native, id=55555, stack(0x0000700006dba000,0x0000700006eba000)]

siginfo: si_signo: 11 (SIGSEGV), si_code: 1 (SEGV_MAPERR), si_addr: 0x0000000000000000

Registers:
RAX=0x0000000000000000, RBX=0x00000001000b0d04, RCX=0x0000000000000000, RDX=0x0000000000000000
RSP=0x0000700006eb6bb0, RBP=0x0000700006eb6dd0, RSI=0x00007f83fc04c74c, RDI=0x00007f83fe027e00
R8 =0x0000000000000000, R9 =0x00000001000b0d04, R10=0x0000000000000004, R11=0x00007f83fb557680
R12=0x00000000ffffffff, R13=0x0000000000000180, R14=0x00000001000b0d04, R15=0x00007f83fe027e00
RIP=0x00007fff39c89650, EFLAGS=0x0000000000010217, ERR=0x0000000000000004
  TRAPNO=0x000000000000000e

Top of Stack: (sp=0x0000700006eb6bb0)
0x0000700006eb6bb0:   0000000000000023 00007f83fc000064
0x0000700006eb6bc0:   00007f83fe027f40 00007f83fe027f70
0x0000700006eb6bd0:   00007f83fe027f90 00007f83fe027f50
0x0000700006eb6be0:   00007f83fe027f80 00007f83fe027f60
0x0000700006eb6bf0:   00007f83fe027fa0 0000000110b9b514
0x0000700006eb6c00:   00000000ffffffff 0000000000000000
0x0000700006eb6c10:   0000000000000023 000000010bea0a00
0x0000700006eb6c20:   0000000110b9b4e0 0000000000000006
0x0000700006eb6c30:   000000010be96380 00007f83fe027e00
0x0000700006eb6c40:   0000000000000000 00000000fffffffe
0x0000700006eb6c50:   0000000000000009 0000000000000000
0x0000700006eb6c60:   0000000000000000 0000000000000000
0x0000700006eb6c70:   0000000000000000 00007f83fb557680
0x0000700006eb6c80:   0000700006eb6d68 00007f83fe027f90
0x0000700006eb6c90:   0000700006eb6d20 00007f83fc05094c
0x0000700006eb6ca0:   0000000000000000 0000000000000000
0x0000700006eb6cb0:   0000000000000000 0000000000000000
0x0000700006eb6cc0:   000000000000033b 0000000000000344
0x0000700006eb6cd0:   00007f83fe027f90 00007f83fe027f90
0x0000700006eb6ce0:   0000000000000000 0000000000000000
0x0000700006eb6cf0:   000000010bea0a00 00007f83fa867600
0x0000700006eb6d00:   0000000000004428 fe027f9000000180
0x0000700006eb6d10:   fe027f90fe027f90 00000001fe027f90
0x0000700006eb6d20:   0000700006eb6d50 00007fff575f992d
0x0000700006eb6d30:   00007f83fa867600 000000000000002c
0x0000700006eb6d40:   0000000000004410 0000000000000000
0x0000700006eb6d50:   0000000000000000 00007fff39c3eb19
0x0000700006eb6d60:   0000000000004410 00007f83fc04c74c
0x0000700006eb6d70:   00007f83fc05094c 0000000000000000
0x0000700006eb6d80:   00007f83fe02bba0 00007f83fe02bdb0
0x0000700006eb6d90:   00007f83fa8623a0 00007f83fc05094c
0x0000700006eb6da0:   a525682032200077 0000000000004200 

Instructions: (pc=0x00007fff39c89650)
0x00007fff39c89630:   85 70 ff ff ff 81 e3 ff 00 00 00 75 3f e9 ae 34
0x00007fff39c89640:   00 00 48 8b 45 a8 48 8b 8d 78 ff ff ff 8b 55 80
0x00007fff39c89650:   03 14 88 48 89 95 70 ff ff ff 81 e3 ff 00 00 00
0x00007fff39c89660:   75 1a e9 89 34 00 00 48 8b 45 a8 48 89 45 90 90 

Register to memory mapping:

RAX=0x0000000000000000 is an unknown value
RBX=0x00000001000b0d04 is an unknown value
RCX=0x0000000000000000 is an unknown value
RDX=0x0000000000000000 is an unknown value
RSP=0x0000700006eb6bb0 is pointing into the stack for thread: 0x00007f83f82fb800
RBP=0x0000700006eb6dd0 is pointing into the stack for thread: 0x00007f83f82fb800
RSI=0x00007f83fc04c74c is an unknown value
RDI=0x00007f83fe027e00 is an unknown value
R8 =0x0000000000000000 is an unknown value
R9 =0x00000001000b0d04 is an unknown value
R10=0x0000000000000004 is an unknown value
R11=0x00007f83fb557680 is an unknown value
R12=0x00000000ffffffff is an unknown value
R13=0x0000000000000180 is an unknown value
R14=0x00000001000b0d04 is an unknown value
R15=0x00007f83fe027e00 is an unknown value


Stack: [0x0000700006dba000,0x0000700006eba000],  sp=0x0000700006eb6bb0,  free space=1010k
Native frames: (J=compiled Java code, j=interpreted, Vv=VM code, C=native code)
C  [GLEngine+0x146650]  gleRunVertexSubmitImmediate+0x4b0
C  [GLEngine+0xa48b6]  gleDrawArraysOrElements_Comp+0x14e
C  [libGL.dylib+0x3b31]  glDrawRangeElements+0x2d
j  org.lwjgl.opengl.GL12.nglDrawRangeElementsBO(IIIIIJJ)V+0
j  org.lwjgl.opengl.GL12.glDrawRangeElements(IIIIIJ)V+32
j  de.pueski.jrhythm.util.VBOUtils.renderRange(IIIIIIIII)V+102
j  de.pueski.jrhythm.objects.Mesh.drawVBO()V+258
j  de.pueski.jrhythm.objects.Mesh.draw()V+1
j  de.pueski.jrhythm.scene.AbstractScene.drawChildren(Lde/pueski/jrhythm/objects/SceneNode;)V+46
j  de.pueski.jrhythm.scene.VehicleScene.genLists()V+23
j  de.pueski.jrhythm.scene.AbstractScene.<init>(Ljava/lang/String;)V+128
j  de.pueski.jrhythm.scene.VehicleScene.<init>(Ljava/lang/String;)V+2
j  de.pueski.jrhythm.core.Game.init()V+105
j  de.pueski.jrhythm.core.JRhythm.run(Lorg/lwjgl/opengl/DisplayMode;ZZ)V+26
j  de.pueski.jrhythm.core.JRhythm$4.actionPerformed(Ljava/awt/event/ActionEvent;)V+98
j  javax.swing.AbstractButton.fireActionPerformed(Ljava/awt/event/ActionEvent;)V+83
j  javax.swing.AbstractButton$Handler.actionPerformed(Ljava/awt/event/ActionEvent;)V+5
j  javax.swing.DefaultButtonModel.fireActionPerformed(Ljava/awt/event/ActionEvent;)V+34
j  javax.swing.DefaultButtonModel.setPressed(Z)V+117
j  javax.swing.plaf.basic.BasicButtonListener.mouseReleased(Ljava/awt/event/MouseEvent;)V+35
j  java.awt.Component.processMouseEvent(Ljava/awt/event/MouseEvent;)V+64
j  javax.swing.JComponent.processMouseEvent(Ljava/awt/event/MouseEvent;)V+23
j  java.awt.Component.processEvent(Ljava/awt/AWTEvent;)V+81
j  java.awt.Container.processEvent(Ljava/awt/AWTEvent;)V+18
j  java.awt.Component.dispatchEventImpl(Ljava/awt/AWTEvent;)V+589
j  java.awt.Container.dispatchEventImpl(Ljava/awt/AWTEvent;)V+42
j  java.awt.Component.dispatchEvent(Ljava/awt/AWTEvent;)V+2
j  java.awt.LightweightDispatcher.retargetMouseEvent(Ljava/awt/Component;ILjava/awt/event/MouseEvent;)V+327
j  java.awt.LightweightDispatcher.processMouseEvent(Ljava/awt/event/MouseEvent;)Z+155
j  java.awt.LightweightDispatcher.dispatchEvent(Ljava/awt/AWTEvent;)Z+50
j  java.awt.Container.dispatchEventImpl(Ljava/awt/AWTEvent;)V+12
j  java.awt.Window.dispatchEventImpl(Ljava/awt/AWTEvent;)V+19
j  java.awt.Component.dispatchEvent(Ljava/awt/AWTEvent;)V+2
j  java.awt.EventQueue.dispatchEventImpl(Ljava/awt/AWTEvent;Ljava/lang/Object;)V+41
j  java.awt.EventQueue.access$500(Ljava/awt/EventQueue;Ljava/awt/AWTEvent;Ljava/lang/Object;)V+3
j  java.awt.EventQueue$3.run()Ljava/lang/Void;+32
j  java.awt.EventQueue$3.run()Ljava/lang/Object;+1
v  ~StubRoutines::call_stub
V  [libjvm.dylib+0x2ef9aa]
V  [libjvm.dylib+0x35019c]
J 673  java.security.AccessController.doPrivileged(Ljava/security/PrivilegedAction;Ljava/security/AccessControlContext;)Ljava/lang/Object; (0 bytes) @ 0x0000000110e1e9d5 [0x0000000110e1e900+0xd5]
J 888 C1 java.security.ProtectionDomain$JavaSecurityAccessImpl.doIntersectionPrivilege(Ljava/security/PrivilegedAction;Ljava/security/AccessControlContext;Ljava/security/AccessControlContext;)Ljava/lang/Object; (22 bytes) @ 0x0000000110e848ec [0x0000000110e84460+0x48c]
j  java.security.ProtectionDomain$JavaSecurityAccessImpl.doIntersectionPrivilege(Ljava/security/PrivilegedAction;Ljava/security/AccessControlContext;)Ljava/lang/Object;+6
j  java.awt.EventQueue$4.run()Ljava/lang/Void;+11
j  java.awt.EventQueue$4.run()Ljava/lang/Object;+1
v  ~StubRoutines::call_stub
V  [libjvm.dylib+0x2ef9aa]
V  [libjvm.dylib+0x35019c]
J 673  java.security.AccessController.doPrivileged(Ljava/security/PrivilegedAction;Ljava/security/AccessControlContext;)Ljava/lang/Object; (0 bytes) @ 0x0000000110e1e9d5 [0x0000000110e1e900+0xd5]
J 888 C1 java.security.ProtectionDomain$JavaSecurityAccessImpl.doIntersectionPrivilege(Ljava/security/PrivilegedAction;Ljava/security/AccessControlContext;Ljava/security/AccessControlContext;)Ljava/lang/Object; (22 bytes) @ 0x0000000110e848ec [0x0000000110e84460+0x48c]
j  java.awt.EventQueue.dispatchEvent(Ljava/awt/AWTEvent;)V+73
j  java.awt.EventDispatchThread.pumpOneEventForFilters(I)V+245
j  java.awt.EventDispatchThread.pumpEventsForFilter(ILjava/awt/Conditional;Ljava/awt/EventFilter;)V+35
j  java.awt.EventDispatchThread.pumpEventsForHierarchy(ILjava/awt/Conditional;Ljava/awt/Component;)V+11
j  java.awt.EventDispatchThread.pumpEvents(ILjava/awt/Conditional;)V+4
j  java.awt.EventDispatchThread.pumpEvents(Ljava/awt/Conditional;)V+3
j  java.awt.EventDispatchThread.run()V+9
v  ~StubRoutines::call_stub
V  [libjvm.dylib+0x2ef9aa]
V  [libjvm.dylib+0x2f014e]
V  [libjvm.dylib+0x2f02fa]
V  [libjvm.dylib+0x34aae5]
V  [libjvm.dylib+0x56edef]
V  [libjvm.dylib+0x5704ea]
V  [libjvm.dylib+0x48d83a]
C  [libsystem_pthread.dylib+0x3661]  _pthread_body+0x154
C  [libsystem_pthread.dylib+0x350d]  _pthread_body+0x0
C  [libsystem_pthread.dylib+0x2bf9]  thread_start+0xd
C  0x0000000000000000

Java frames: (J=compiled Java code, j=interpreted, Vv=VM code)
j  org.lwjgl.opengl.GL12.nglDrawRangeElementsBO(IIIIIJJ)V+0
j  org.lwjgl.opengl.GL12.glDrawRangeElements(IIIIIJ)V+32
j  de.pueski.jrhythm.util.VBOUtils.renderRange(IIIIIIIII)V+102
j  de.pueski.jrhythm.objects.Mesh.drawVBO()V+258
j  de.pueski.jrhythm.objects.Mesh.draw()V+1
j  de.pueski.jrhythm.scene.AbstractScene.drawChildren(Lde/pueski/jrhythm/objects/SceneNode;)V+46
j  de.pueski.jrhythm.scene.VehicleScene.genLists()V+23
j  de.pueski.jrhythm.scene.AbstractScene.<init>(Ljava/lang/String;)V+128
j  de.pueski.jrhythm.scene.VehicleScene.<init>(Ljava/lang/String;)V+2
j  de.pueski.jrhythm.core.Game.init()V+105
j  de.pueski.jrhythm.core.JRhythm.run(Lorg/lwjgl/opengl/DisplayMode;ZZ)V+26
j  de.pueski.jrhythm.core.JRhythm$4.actionPerformed(Ljava/awt/event/ActionEvent;)V+98
j  javax.swing.AbstractButton.fireActionPerformed(Ljava/awt/event/ActionEvent;)V+83
j  javax.swing.AbstractButton$Handler.actionPerformed(Ljava/awt/event/ActionEvent;)V+5
j  javax.swing.DefaultButtonModel.fireActionPerformed(Ljava/awt/event/ActionEvent;)V+34
j  javax.swing.DefaultButtonModel.setPressed(Z)V+117
j  javax.swing.plaf.basic.BasicButtonListener.mouseReleased(Ljava/awt/event/MouseEvent;)V+35
j  java.awt.Component.processMouseEvent(Ljava/awt/event/MouseEvent;)V+64
j  javax.swing.JComponent.processMouseEvent(Ljava/awt/event/MouseEvent;)V+23
j  java.awt.Component.processEvent(Ljava/awt/AWTEvent;)V+81
j  java.awt.Container.processEvent(Ljava/awt/AWTEvent;)V+18
j  java.awt.Component.dispatchEventImpl(Ljava/awt/AWTEvent;)V+589
j  java.awt.Container.dispatchEventImpl(Ljava/awt/AWTEvent;)V+42
j  java.awt.Component.dispatchEvent(Ljava/awt/AWTEvent;)V+2
j  java.awt.LightweightDispatcher.retargetMouseEvent(Ljava/awt/Component;ILjava/awt/event/MouseEvent;)V+327
j  java.awt.LightweightDispatcher.processMouseEvent(Ljava/awt/event/MouseEvent;)Z+155
j  java.awt.LightweightDispatcher.dispatchEvent(Ljava/awt/AWTEvent;)Z+50
j  java.awt.Container.dispatchEventImpl(Ljava/awt/AWTEvent;)V+12
j  java.awt.Window.dispatchEventImpl(Ljava/awt/AWTEvent;)V+19
j  java.awt.Component.dispatchEvent(Ljava/awt/AWTEvent;)V+2
j  java.awt.EventQueue.dispatchEventImpl(Ljava/awt/AWTEvent;Ljava/lang/Object;)V+41
j  java.awt.EventQueue.access$500(Ljava/awt/EventQueue;Ljava/awt/AWTEvent;Ljava/lang/Object;)V+3
j  java.awt.EventQueue$3.run()Ljava/lang/Void;+32
j  java.awt.EventQueue$3.run()Ljava/lang/Object;+1
v  ~StubRoutines::call_stub
J 673  java.security.AccessController.doPrivileged(Ljava/security/PrivilegedAction;Ljava/security/AccessControlContext;)Ljava/lang/Object; (0 bytes) @ 0x0000000110e1e963 [0x0000000110e1e900+0x63]
J 888 C1 java.security.ProtectionDomain$JavaSecurityAccessImpl.doIntersectionPrivilege(Ljava/security/PrivilegedAction;Ljava/security/AccessControlContext;Ljava/security/AccessControlContext;)Ljava/lang/Object; (22 bytes) @ 0x0000000110e848ec [0x0000000110e84460+0x48c]
j  java.security.ProtectionDomain$JavaSecurityAccessImpl.doIntersectionPrivilege(Ljava/security/PrivilegedAction;Ljava/security/AccessControlContext;)Ljava/lang/Object;+6
j  java.awt.EventQueue$4.run()Ljava/lang/Void;+11
j  java.awt.EventQueue$4.run()Ljava/lang/Object;+1
v  ~StubRoutines::call_stub
J 673  java.security.AccessController.doPrivileged(Ljava/security/PrivilegedAction;Ljava/security/AccessControlContext;)Ljava/lang/Object; (0 bytes) @ 0x0000000110e1e963 [0x0000000110e1e900+0x63]
J 888 C1 java.security.ProtectionDomain$JavaSecurityAccessImpl.doIntersectionPrivilege(Ljava/security/PrivilegedAction;Ljava/security/AccessControlContext;Ljava/security/AccessControlContext;)Ljava/lang/Object; (22 bytes) @ 0x0000000110e848ec [0x0000000110e84460+0x48c]
j  java.awt.EventQueue.dispatchEvent(Ljava/awt/AWTEvent;)V+73
j  java.awt.EventDispatchThread.pumpOneEventForFilters(I)V+245
j  java.awt.EventDispatchThread.pumpEventsForFilter(ILjava/awt/Conditional;Ljava/awt/EventFilter;)V+35
j  java.awt.EventDispatchThread.pumpEventsForHierarchy(ILjava/awt/Conditional;Ljava/awt/Component;)V+11
j  java.awt.EventDispatchThread.pumpEvents(ILjava/awt/Conditional;)V+4
j  java.awt.EventDispatchThread.pumpEvents(Ljava/awt/Conditional;)V+3
j  java.awt.EventDispatchThread.run()V+9
v  ~StubRoutines::call_stub

---------------  P R O C E S S  ---------------

Java Threads: ( => current thread )
  0x00007f83f9456800 JavaThread "DestroyJavaVM" [_thread_blocked, id=5891, stack(0x0000700004fda000,0x00007000050da000)]
=>0x00007f83f82fb800 JavaThread "AWT-EventQueue-0" [_thread_in_native, id=55555, stack(0x0000700006dba000,0x0000700006eba000)]
  0x00007f83f82fa800 JavaThread "Image Fetcher 0" daemon [_thread_blocked, id=55051, stack(0x0000700006cb7000,0x0000700006db7000)]
  0x00007f83f7a24000 JavaThread "Timer-0" daemon [_thread_blocked, id=54787, stack(0x0000700006bb4000,0x0000700006cb4000)]
  0x00007f83f7a20000 JavaThread "Java2D Disposer" daemon [_thread_blocked, id=54543, stack(0x0000700006ab1000,0x0000700006bb1000)]
  0x00007f83f6145000 JavaThread "Java2D Queue Flusher" daemon [_thread_blocked, id=82751, stack(0x00007000069ae000,0x0000700006aae000)]
  0x00007f83f907d000 JavaThread "AWT-Shutdown" [_thread_blocked, id=29227, stack(0x000070000669f000,0x000070000679f000)]
  0x00007f83f7a1f000 JavaThread "AppKit Thread" daemon [_thread_in_native, id=775, stack(0x00007ffee359a000,0x00007ffee3d9a000)]
  0x00007f83f7817800 JavaThread "Service Thread" daemon [_thread_blocked, id=22531, stack(0x0000700006416000,0x0000700006516000)]
  0x00007f83f780d000 JavaThread "C1 CompilerThread3" daemon [_thread_blocked, id=22019, stack(0x0000700006313000,0x0000700006413000)]
  0x00007f83f780c000 JavaThread "C2 CompilerThread2" daemon [_thread_in_native, id=15363, stack(0x0000700006210000,0x0000700006310000)]
  0x00007f83f804d000 JavaThread "C2 CompilerThread1" daemon [_thread_blocked, id=15619, stack(0x000070000610d000,0x000070000620d000)]
  0x00007f83f901c800 JavaThread "C2 CompilerThread0" daemon [_thread_blocked, id=16131, stack(0x000070000600a000,0x000070000610a000)]
  0x00007f83f804c000 JavaThread "JDWP Command Reader" daemon [_thread_in_native, id=16643, stack(0x0000700005f07000,0x0000700006007000)]
  0x00007f83f9011800 JavaThread "JDWP Event Helper Thread" daemon [_thread_blocked, id=17155, stack(0x0000700005e04000,0x0000700005f04000)]
  0x00007f83f9010800 JavaThread "JDWP Transport Listener: dt_socket" daemon [_thread_blocked, id=14855, stack(0x0000700005d01000,0x0000700005e01000)]
  0x00007f83f7849800 JavaThread "Signal Dispatcher" daemon [_thread_blocked, id=17675, stack(0x0000700005bfe000,0x0000700005cfe000)]
  0x00007f83f8032000 JavaThread "Finalizer" daemon [_thread_blocked, id=12547, stack(0x0000700005afb000,0x0000700005bfb000)]
  0x00007f83f9004000 JavaThread "Reference Handler" daemon [_thread_blocked, id=19459, stack(0x00007000059f8000,0x0000700005af8000)]

Other Threads:
  0x00007f83f8031000 VMThread [stack: 0x00007000058f5000,0x00007000059f5000] [id=19971]
  0x00007f83f901b800 WatcherThread [stack: 0x0000700006519000,0x0000700006619000] [id=23043]

VM state:not at safepoint (normal execution)

VM Mutex/Monitor currently owned by a thread: None

Heap:
 PSYoungGen      total 241152K, used 6651K [0x000000076ab00000, 0x000000077e000000, 0x00000007c0000000)
  eden space 228352K, 1% used [0x000000076ab00000,0x000000076af5ecb0,0x0000000778a00000)
  from space 12800K, 17% used [0x000000077d380000,0x000000077d5a0000,0x000000077e000000)
  to   space 44032K, 0% used [0x0000000778a00000,0x0000000778a00000,0x000000077b500000)
 ParOldGen       total 272384K, used 70250K [0x00000006c0000000, 0x00000006d0a00000, 0x000000076ab00000)
  object space 272384K, 25% used [0x00000006c0000000,0x00000006c449a8f0,0x00000006d0a00000)
 Metaspace       used 17715K, capacity 18055K, committed 18176K, reserved 1064960K
  class space    used 2138K, capacity 2243K, committed 2304K, reserved 1048576K

Card table byte_map: [0x000000010e36e000,0x000000010eb6f000] byte_map_base: 0x000000010ad6e000

Marking Bits: (ParMarkBitMap*) 0x000000010d8f76c0
 Begin Bits: [0x000000011fb3a000, 0x0000000123b3a000)
 End Bits:   [0x0000000123b3a000, 0x0000000127b3a000)

Polling page: 0x000000010beeb000

CodeCache: size=245760Kb used=5544Kb max_used=5556Kb free=240215Kb
 bounds [0x0000000110b3a000, 0x00000001110ba000, 0x000000011fb3a000]
 total_blobs=2240 nmethods=1590 adapters=571
 compilation: enabled

Compilation events (10 events):
Event: 5.453 Thread 0x00007f83f901c800 nmethod 1576 0x00000001110a6d90 code [0x00000001110a6ee0, 0x00000001110a7018]
Event: 5.453 Thread 0x00007f83f901c800 1579       4       java.lang.Integer::valueOf (32 bytes)
Event: 5.453 Thread 0x00007f83f804d000 nmethod 1575 0x00000001110a68d0 code [0x00000001110a6a20, 0x00000001110a6bb8]
Event: 5.453 Thread 0x00007f83f804d000 1584       4       de.pueski.jrhythm.math.Vector3f::<init> (12 bytes)
Event: 5.453 Thread 0x00007f83f804d000 nmethod 1584 0x000000011108a5d0 code [0x000000011108a720, 0x000000011108a798]
Event: 5.453 Thread 0x00007f83f804d000 1567       4       java.lang.CharacterDataLatin1::digit (91 bytes)
Event: 5.453 Thread 0x00007f83f901c800 nmethod 1579 0x00000001110a65d0 code [0x00000001110a6720, 0x00000001110a67f8]
Event: 5.453 Thread 0x00007f83f901c800 1563       4       java.util.Arrays::copyOf (46 bytes)
Event: 5.454 Thread 0x00007f83f804d000 nmethod 1567 0x00000001110a61d0 code [0x00000001110a6320, 0x00000001110a6478]
Event: 5.454 Thread 0x00007f83f804d000 1559       4       java.lang.Float::parseFloat (5 bytes)

GC Heap History (10 events):
Event: 4.954 GC heap before
{Heap before GC invocations=4 (full 0):
 PSYoungGen      total 76288K, used 69588K [0x000000076ab00000, 0x0000000774000000, 0x00000007c0000000)
  eden space 65536K, 100% used [0x000000076ab00000,0x000000076eb00000,0x000000076eb00000)
  from space 10752K, 37% used [0x000000076eb00000,0x000000076eef5120,0x000000076f580000)
  to   space 10752K, 0% used [0x0000000773580000,0x0000000773580000,0x0000000774000000)
 ParOldGen       total 175104K, used 84965K [0x00000006c0000000, 0x00000006cab00000, 0x000000076ab00000)
  object space 175104K, 48% used [0x00000006c0000000,0x00000006c52f94f8,0x00000006cab00000)
 Metaspace       used 17693K, capacity 18055K, committed 18176K, reserved 1064960K
  class space    used 2138K, capacity 2243K, committed 2304K, reserved 1048576K
Event: 4.968 GC heap after
Heap after GC invocations=4 (full 0):
 PSYoungGen      total 141824K, used 4036K [0x000000076ab00000, 0x0000000774000000, 0x00000007c0000000)
  eden space 131072K, 0% used [0x000000076ab00000,0x000000076ab00000,0x0000000772b00000)
  from space 10752K, 37% used [0x0000000773580000,0x0000000773971110,0x0000000774000000)
  to   space 10752K, 0% used [0x0000000772b00000,0x0000000772b00000,0x0000000773580000)
 ParOldGen       total 175104K, used 134125K [0x00000006c0000000, 0x00000006cab00000, 0x000000076ab00000)
  object space 175104K, 76% used [0x00000006c0000000,0x00000006c82fb528,0x00000006cab00000)
 Metaspace       used 17693K, capacity 18055K, committed 18176K, reserved 1064960K
  class space    used 2138K, capacity 2243K, committed 2304K, reserved 1048576K
}
Event: 4.968 GC heap before
{Heap before GC invocations=5 (full 1):
 PSYoungGen      total 141824K, used 4036K [0x000000076ab00000, 0x0000000774000000, 0x00000007c0000000)
  eden space 131072K, 0% used [0x000000076ab00000,0x000000076ab00000,0x0000000772b00000)
  from space 10752K, 37% used [0x0000000773580000,0x0000000773971110,0x0000000774000000)
  to   space 10752K, 0% used [0x0000000772b00000,0x0000000772b00000,0x0000000773580000)
 ParOldGen       total 175104K, used 134125K [0x00000006c0000000, 0x00000006cab00000, 0x000000076ab00000)
  object space 175104K, 76% used [0x00000006c0000000,0x00000006c82fb528,0x00000006cab00000)
 Metaspace       used 17693K, capacity 18055K, committed 18176K, reserved 1064960K
  class space    used 2138K, capacity 2243K, committed 2304K, reserved 1048576K
Event: 4.985 GC heap after
Heap after GC invocations=5 (full 1):
 PSYoungGen      total 141824K, used 0K [0x000000076ab00000, 0x0000000774000000, 0x00000007c0000000)
  eden space 131072K, 0% used [0x000000076ab00000,0x000000076ab00000,0x0000000772b00000)
  from space 10752K, 0% used [0x0000000773580000,0x0000000773580000,0x0000000774000000)
  to   space 10752K, 0% used [0x0000000772b00000,0x0000000772b00000,0x0000000773580000)
 ParOldGen       total 177152K, used 37479K [0x00000006c0000000, 0x00000006cad00000, 0x000000076ab00000)
  object space 177152K, 21% used [0x00000006c0000000,0x00000006c2499c18,0x00000006cad00000)
 Metaspace       used 17693K, capacity 18055K, committed 18176K, reserved 1064960K
  class space    used 2138K, capacity 2243K, committed 2304K, reserved 1048576K
}
Event: 5.266 GC heap before
{Heap before GC invocations=6 (full 1):
 PSYoungGen      total 141824K, used 131072K [0x000000076ab00000, 0x0000000774000000, 0x00000007c0000000)
  eden space 131072K, 100% used [0x000000076ab00000,0x0000000772b00000,0x0000000772b00000)
  from space 10752K, 0% used [0x0000000773580000,0x0000000773580000,0x0000000774000000)
  to   space 10752K, 0% used [0x0000000772b00000,0x0000000772b00000,0x0000000773580000)
 ParOldGen       total 177152K, used 37479K [0x00000006c0000000, 0x00000006cad00000, 0x000000076ab00000)
  object space 177152K, 21% used [0x00000006c0000000,0x00000006c2499c18,0x00000006cad00000)
 Metaspace       used 17693K, capacity 18055K, committed 18176K, reserved 1064960K
  class space    used 2138K, capacity 2243K, committed 2304K, reserved 1048576K
Event: 5.280 GC heap after
Heap after GC invocations=6 (full 1):
 PSYoungGen      total 141824K, used 256K [0x000000076ab00000, 0x0000000780100000, 0x00000007c0000000)
  eden space 131072K, 0% used [0x000000076ab00000,0x000000076ab00000,0x0000000772b00000)
  from space 10752K, 2% used [0x0000000772b00000,0x0000000772b40000,0x0000000773580000)
  to   space 46592K, 0% used [0x000000077d380000,0x000000077d380000,0x0000000780100000)
 ParOldGen       total 177152K, used 152167K [0x00000006c0000000, 0x00000006cad00000, 0x000000076ab00000)
  object space 177152K, 85% used [0x00000006c0000000,0x00000006c9499c88,0x00000006cad00000)
 Metaspace       used 17693K, capacity 18055K, committed 18176K, reserved 1064960K
  class space    used 2138K, capacity 2243K, committed 2304K, reserved 1048576K
}
Event: 5.280 GC heap before
{Heap before GC invocations=7 (full 2):
 PSYoungGen      total 141824K, used 256K [0x000000076ab00000, 0x0000000780100000, 0x00000007c0000000)
  eden space 131072K, 0% used [0x000000076ab00000,0x000000076ab00000,0x0000000772b00000)
  from space 10752K, 2% used [0x0000000772b00000,0x0000000772b40000,0x0000000773580000)
  to   space 46592K, 0% used [0x000000077d380000,0x000000077d380000,0x0000000780100000)
 ParOldGen       total 177152K, used 152167K [0x00000006c0000000, 0x00000006cad00000, 0x000000076ab00000)
  object space 177152K, 85% used [0x00000006c0000000,0x00000006c9499c88,0x00000006cad00000)
 Metaspace       used 17693K, capacity 18055K, committed 18176K, reserved 1064960K
  class space    used 2138K, capacity 2243K, committed 2304K, reserved 1048576K
Event: 5.292 GC heap after
Heap after GC invocations=7 (full 2):
 PSYoungGen      total 141824K, used 0K [0x000000076ab00000, 0x0000000780100000, 0x00000007c0000000)
  eden space 131072K, 0% used [0x000000076ab00000,0x000000076ab00000,0x0000000772b00000)
  from space 10752K, 0% used [0x0000000772b00000,0x0000000772b00000,0x0000000773580000)
  to   space 46592K, 0% used [0x000000077d380000,0x000000077d380000,0x0000000780100000)
 ParOldGen       total 272384K, used 70250K [0x00000006c0000000, 0x00000006d0a00000, 0x000000076ab00000)
  object space 272384K, 25% used [0x00000006c0000000,0x00000006c449a8f0,0x00000006d0a00000)
 Metaspace       used 17693K, capacity 18055K, committed 18176K, reserved 1064960K
  class space    used 2138K, capacity 2243K, committed 2304K, reserved 1048576K
}
Event: 5.440 GC heap before
{Heap before GC invocations=8 (full 2):
 PSYoungGen      total 141824K, used 131072K [0x000000076ab00000, 0x0000000780100000, 0x00000007c0000000)
  eden space 131072K, 100% used [0x000000076ab00000,0x0000000772b00000,0x0000000772b00000)
  from space 10752K, 0% used [0x0000000772b00000,0x0000000772b00000,0x0000000773580000)
  to   space 46592K, 0% used [0x000000077d380000,0x000000077d380000,0x0000000780100000)
 ParOldGen       total 272384K, used 70250K [0x00000006c0000000, 0x00000006d0a00000, 0x000000076ab00000)
  object space 272384K, 25% used [0x00000006c0000000,0x00000006c449a8f0,0x00000006d0a00000)
 Metaspace       used 17694K, capacity 18055K, committed 18176K, reserved 1064960K
  class space    used 2138K, capacity 2243K, committed 2304K, reserved 1048576K
Event: 5.442 GC heap after
Heap after GC invocations=8 (full 2):
 PSYoungGen      total 241152K, used 2176K [0x000000076ab00000, 0x000000077e000000, 0x00000007c0000000)
  eden space 228352K, 0% used [0x000000076ab00000,0x000000076ab00000,0x0000000778a00000)
  from space 12800K, 17% used [0x000000077d380000,0x000000077d5a0000,0x000000077e000000)
  to   space 44032K, 0% used [0x0000000778a00000,0x0000000778a00000,0x000000077b500000)
 ParOldGen       total 272384K, used 70250K [0x00000006c0000000, 0x00000006d0a00000, 0x000000076ab00000)
  object space 272384K, 25% used [0x00000006c0000000,0x00000006c449a8f0,0x00000006d0a00000)
 Metaspace       used 17694K, capacity 18055K, committed 18176K, reserved 1064960K
  class space    used 2138K, capacity 2243K, committed 2304K, reserved 1048576K
}

Deoptimization events (10 events):
Event: 4.507 Thread 0x00007f83f82fb800 Uncommon trap: reason=unstable_if action=reinterpret pc=0x0000000110f6f35c method=java.awt.image.ComponentColorModel.getDataElements(ILjava/lang/Object;)Ljava/lang/Object; @ 30
Event: 4.537 Thread 0x00007f83f82fb800 Uncommon trap: reason=unstable_if action=reinterpret pc=0x0000000110fa04a4 method=java.awt.image.ComponentColorModel.getDataElements(ILjava/lang/Object;)Ljava/lang/Object; @ 2085
Event: 4.537 Thread 0x00007f83f82fb800 Uncommon trap: reason=unstable_if action=reinterpret pc=0x0000000110f5bd9c method=java.awt.image.ComponentColorModel.getAlpha(Ljava/lang/Object;)I @ 4
Event: 4.537 Thread 0x00007f83f82fb800 Uncommon trap: reason=unstable_if action=reinterpret pc=0x0000000110f49830 method=java.awt.image.ComponentColorModel.extractComponent(Ljava/lang/Object;II)I @ 4
Event: 4.537 Thread 0x00007f83f82fb800 Uncommon trap: reason=unstable_if action=reinterpret pc=0x0000000110f59e50 method=java.awt.image.ComponentColorModel.getAlpha(Ljava/lang/Object;)I @ 4
Event: 5.402 Thread 0x00007f83f82fb800 Uncommon trap: reason=unstable_if action=reinterpret pc=0x00000001110367e0 method=java.io.BufferedReader.readLine(Z)Ljava/lang/String; @ 137
Event: 5.425 Thread 0x00007f83f82fb800 Uncommon trap: reason=array_check action=maybe_recompile pc=0x000000011108cbb8 method=java.util.AbstractCollection.toArray([Ljava/lang/Object;)[Ljava/lang/Object; @ 119
Event: 5.425 Thread 0x00007f83f82fb800 Uncommon trap: reason=array_check action=maybe_recompile pc=0x000000011108cbb8 method=java.util.AbstractCollection.toArray([Ljava/lang/Object;)[Ljava/lang/Object; @ 119
Event: 5.425 Thread 0x00007f83f82fb800 Uncommon trap: reason=array_check action=maybe_recompile pc=0x000000011108cbb8 method=java.util.AbstractCollection.toArray([Ljava/lang/Object;)[Ljava/lang/Object; @ 119
Event: 5.425 Thread 0x00007f83f82fb800 Uncommon trap: reason=array_check action=maybe_recompile pc=0x000000011108cbb8 method=java.util.AbstractCollection.toArray([Ljava/lang/Object;)[Ljava/lang/Object; @ 119

Classes redefined (0 events):
No events

Internal exceptions (10 events):
Event: 0.190 Thread 0x00007f83f7801800 Exception <a 'java/lang/ClassNotFoundException': org/apache/log4j/RollingFileAppenderBeanInfo> (0x000000076b192218) thrown at [/Users/java_re/workspace/8-2-build-macosx-x86_64/jdk8u161/10277/hotspot/src/share/vm/classfile/systemDictionary.cpp, line 210]
Event: 0.191 Thread 0x00007f83f7801800 Exception <a 'java/lang/ClassNotFoundException': org/apache/log4j/FileAppenderBeanInfo> (0x000000076b19ac70) thrown at [/Users/java_re/workspace/8-2-build-macosx-x86_64/jdk8u161/10277/hotspot/src/share/vm/classfile/systemDictionary.cpp, line 210]
Event: 0.191 Thread 0x00007f83f7801800 Exception <a 'java/lang/ClassNotFoundException': org/apache/log4j/FileAppenderCustomizer> (0x000000076b1a3890) thrown at [/Users/java_re/workspace/8-2-build-macosx-x86_64/jdk8u161/10277/hotspot/src/share/vm/classfile/systemDictionary.cpp, line 210]
Event: 0.192 Thread 0x00007f83f7801800 Exception <a 'java/lang/ClassNotFoundException': org/apache/log4j/RollingFileAppenderCustomizer> (0x000000076b1b9b30) thrown at [/Users/java_re/workspace/8-2-build-macosx-x86_64/jdk8u161/10277/hotspot/src/share/vm/classfile/systemDictionary.cpp, line 210]
Event: 0.221 Thread 0x00007f83f7801800 Exception <a 'java/lang/NoSuchFieldError': method resolution failed> (0x000000076b2a4238) thrown at [/Users/java_re/workspace/8-2-build-macosx-x86_64/jdk8u161/10277/hotspot/src/share/vm/prims/methodHandles.cpp, line 1167]
Event: 0.224 Thread 0x00007f83f7801800 Exception <a 'java/lang/NoSuchFieldError': method resolution failed> (0x000000076b2b1978) thrown at [/Users/java_re/workspace/8-2-build-macosx-x86_64/jdk8u161/10277/hotspot/src/share/vm/prims/methodHandles.cpp, line 1167]
Event: 0.328 Thread 0x00007f83f7801800 Exception <a 'java/io/FileNotFoundException'> (0x000000076b32c1d8) thrown at [/Users/java_re/workspace/8-2-build-macosx-x86_64/jdk8u161/10277/hotspot/src/share/vm/prims/jni.cpp, line 709]
Event: 0.328 Thread 0x00007f83f7801800 Exception <a 'java/io/FileNotFoundException'> (0x000000076b32cd38) thrown at [/Users/java_re/workspace/8-2-build-macosx-x86_64/jdk8u161/10277/hotspot/src/share/vm/prims/jni.cpp, line 709]
Event: 0.473 Thread 0x00007f83f7801800 Exception <a 'java/io/FileNotFoundException'> (0x000000076b7c4cf0) thrown at [/Users/java_re/workspace/8-2-build-macosx-x86_64/jdk8u161/10277/hotspot/src/share/vm/prims/jni.cpp, line 709]
Event: 4.057 Thread 0x00007f83f82fb800 Exception <a 'org/lwjgl/LWJGLException': Could not create pixel format> (0x000000076bfa9a38) thrown at [/Users/java_re/workspace/8-2-build-macosx-x86_64/jdk8u161/10277/hotspot/src/share/vm/prims/jni.cpp, line 735]

Events (10 events):
Event: 5.440 Executing VM operation: ParallelGCFailedAllocation
Event: 5.442 Executing VM operation: ParallelGCFailedAllocation done
Event: 5.452 loading class org/lwjgl/opengl/GL12
Event: 5.452 loading class org/lwjgl/opengl/GL12 done
Event: 5.452 Thread 0x00007f83f82fb800 DEOPT PACKING pc=0x0000000110d772b1 sp=0x0000700006eb5a00
Event: 5.452 Thread 0x00007f83f82fb800 DEOPT UNPACKING pc=0x0000000110b81784 sp=0x0000700006eb5770 mode 1
Event: 5.454 Thread 0x00007f83f82fb800 DEOPT PACKING pc=0x0000000110c97c94 sp=0x0000700006eb5a80
Event: 5.454 Thread 0x00007f83f82fb800 DEOPT UNPACKING pc=0x0000000110b81784 sp=0x0000700006eb58c0 mode 1
Event: 5.454 Thread 0x00007f83f82fb800 DEOPT PACKING pc=0x0000000110c97a34 sp=0x0000700006eb5c10
Event: 5.454 Thread 0x00007f83f82fb800 DEOPT UNPACKING pc=0x0000000110b81784 sp=0x0000700006eb5a50 mode 1


Dynamic libraries:
0x0000000007a9f000 	/System/Library/Frameworks/Cocoa.framework/Versions/A/Cocoa
0x0000000007a9f000 	/System/Library/Frameworks/Security.framework/Versions/A/Security
0x0000000007a9f000 	/System/Library/Frameworks/ApplicationServices.framework/Versions/A/ApplicationServices
0x0000000007a9f000 	/usr/lib/libz.1.dylib
0x0000000007a9f000 	/usr/lib/libSystem.B.dylib
0x0000000007a9f000 	/usr/lib/libobjc.A.dylib
0x0000000007a9f000 	/System/Library/Frameworks/CoreFoundation.framework/Versions/A/CoreFoundation
0x0000000007a9f000 	/System/Library/Frameworks/Foundation.framework/Versions/C/Foundation
0x0000000007a9f000 	/System/Library/Frameworks/AppKit.framework/Versions/C/AppKit
0x0000000007a9f000 	/System/Library/Frameworks/CoreData.framework/Versions/A/CoreData
0x0000000007a9f000 	/System/Library/PrivateFrameworks/RemoteViewServices.framework/Versions/A/RemoteViewServices
0x0000000007a9f000 	/System/Library/PrivateFrameworks/UIFoundation.framework/Versions/A/UIFoundation
0x0000000007a9f000 	/System/Library/PrivateFrameworks/DFRFoundation.framework/Versions/A/DFRFoundation
0x0000000007a9f000 	/System/Library/Frameworks/Metal.framework/Versions/A/Metal
0x0000000007a9f000 	/System/Library/PrivateFrameworks/DesktopServicesPriv.framework/Versions/A/DesktopServicesPriv
0x0000000007a9f000 	/usr/lib/libenergytrace.dylib
0x0000000007a9f000 	/System/Library/PrivateFrameworks/SkyLight.framework/Versions/A/SkyLight
0x0000000007a9f000 	/System/Library/Frameworks/CoreGraphics.framework/Versions/A/CoreGraphics
0x0000000007a9f000 	/usr/lib/libScreenReader.dylib
0x0000000007a9f000 	/System/Library/Frameworks/Accelerate.framework/Versions/A/Accelerate
0x0000000007a9f000 	/System/Library/Frameworks/IOSurface.framework/Versions/A/IOSurface
0x0000000007a9f000 	/System/Library/Frameworks/AudioToolbox.framework/Versions/A/AudioToolbox
0x0000000007a9f000 	/System/Library/Frameworks/AudioUnit.framework/Versions/A/AudioUnit
0x0000000007a9f000 	/System/Library/PrivateFrameworks/DataDetectorsCore.framework/Versions/A/DataDetectorsCore
0x0000000007a9f000 	/System/Library/Frameworks/Carbon.framework/Versions/A/Frameworks/HIToolbox.framework/Versions/A/HIToolbox
0x0000000007a9f000 	/usr/lib/libicucore.A.dylib
0x0000000007a9f000 	/System/Library/Frameworks/QuartzCore.framework/Versions/A/QuartzCore
0x0000000007a9f000 	/System/Library/PrivateFrameworks/SignpostNotification.framework/Versions/A/SignpostNotification
0x0000000007a9f000 	/System/Library/Frameworks/Carbon.framework/Versions/A/Frameworks/SpeechRecognition.framework/Versions/A/SpeechRecognition
0x0000000007a9f000 	/usr/lib/libauto.dylib
0x0000000007a9f000 	/usr/lib/libxml2.2.dylib
0x0000000007a9f000 	/System/Library/PrivateFrameworks/CoreUI.framework/Versions/A/CoreUI
0x0000000007a9f000 	/System/Library/Frameworks/CoreAudio.framework/Versions/A/CoreAudio
0x0000000007a9f000 	/System/Library/Frameworks/DiskArbitration.framework/Versions/A/DiskArbitration
0x0000000007a9f000 	/usr/lib/liblangid.dylib
0x0000000007a9f000 	/System/Library/PrivateFrameworks/MultitouchSupport.framework/Versions/A/MultitouchSupport
0x0000000007a9f000 	/System/Library/Frameworks/IOKit.framework/Versions/A/IOKit
0x0000000007a9f000 	/usr/lib/libDiagnosticMessagesClient.dylib
0x0000000007a9f000 	/System/Library/Frameworks/CoreServices.framework/Versions/A/CoreServices
0x0000000007a9f000 	/System/Library/PrivateFrameworks/PerformanceAnalysis.framework/Versions/A/PerformanceAnalysis
0x0000000007a9f000 	/System/Library/Frameworks/OpenGL.framework/Versions/A/OpenGL
0x0000000007a9f000 	/System/Library/Frameworks/ColorSync.framework/Versions/A/ColorSync
0x0000000007a9f000 	/System/Library/Frameworks/CoreImage.framework/Versions/A/CoreImage
0x0000000007a9f000 	/System/Library/Frameworks/CoreText.framework/Versions/A/CoreText
0x0000000007a9f000 	/System/Library/Frameworks/ImageIO.framework/Versions/A/ImageIO
0x0000000007a9f000 	/System/Library/PrivateFrameworks/Backup.framework/Versions/A/Backup
0x0000000007a9f000 	/usr/lib/libarchive.2.dylib
0x0000000007a9f000 	/System/Library/Frameworks/CFNetwork.framework/Versions/A/CFNetwork
0x0000000007a9f000 	/System/Library/Frameworks/SystemConfiguration.framework/Versions/A/SystemConfiguration
0x0000000007a9f000 	/usr/lib/libCRFSuite.dylib
0x0000000007a9f000 	/usr/lib/libc++.1.dylib
0x0000000007a9f000 	/usr/lib/libc++abi.dylib
0x0000000007a9f000 	/usr/lib/system/libcache.dylib
0x0000000007a9f000 	/usr/lib/system/libcommonCrypto.dylib
0x0000000007a9f000 	/usr/lib/system/libcompiler_rt.dylib
0x0000000007a9f000 	/usr/lib/system/libcopyfile.dylib
0x0000000007a9f000 	/usr/lib/system/libcorecrypto.dylib
0x0000000007a9f000 	/usr/lib/system/libdispatch.dylib
0x0000000007a9f000 	/usr/lib/system/libdyld.dylib
0x0000000007a9f000 	/usr/lib/system/libkeymgr.dylib
0x0000000007a9f000 	/usr/lib/system/liblaunch.dylib
0x0000000007a9f000 	/usr/lib/system/libmacho.dylib
0x0000000007a9f000 	/usr/lib/system/libquarantine.dylib
0x0000000007a9f000 	/usr/lib/system/libremovefile.dylib
0x0000000007a9f000 	/usr/lib/system/libsystem_asl.dylib
0x0000000007a9f000 	/usr/lib/system/libsystem_blocks.dylib
0x0000000007a9f000 	/usr/lib/system/libsystem_c.dylib
0x0000000007a9f000 	/usr/lib/system/libsystem_configuration.dylib
0x0000000007a9f000 	/usr/lib/system/libsystem_coreservices.dylib
0x0000000007a9f000 	/usr/lib/system/libsystem_darwin.dylib
0x0000000007a9f000 	/usr/lib/system/libsystem_dnssd.dylib
0x0000000007a9f000 	/usr/lib/system/libsystem_info.dylib
0x0000000007a9f000 	/usr/lib/system/libsystem_m.dylib
0x0000000007a9f000 	/usr/lib/system/libsystem_malloc.dylib
0x0000000007a9f000 	/usr/lib/system/libsystem_network.dylib
0x0000000007a9f000 	/usr/lib/system/libsystem_networkextension.dylib
0x0000000007a9f000 	/usr/lib/system/libsystem_notify.dylib
0x0000000007a9f000 	/usr/lib/system/libsystem_sandbox.dylib
0x0000000007a9f000 	/usr/lib/system/libsystem_secinit.dylib
0x0000000007a9f000 	/usr/lib/system/libsystem_kernel.dylib
0x0000000007a9f000 	/usr/lib/system/libsystem_platform.dylib
0x0000000007a9f000 	/usr/lib/system/libsystem_pthread.dylib
0x0000000007a9f000 	/usr/lib/system/libsystem_symptoms.dylib
0x0000000007a9f000 	/usr/lib/system/libsystem_trace.dylib
0x0000000007a9f000 	/usr/lib/system/libunwind.dylib
0x0000000007a9f000 	/usr/lib/system/libxpc.dylib
0x0000000007a9f000 	/usr/lib/closure/libclosured.dylib
0x0000000007a9f000 	/usr/lib/libbsm.0.dylib
0x0000000007a9f000 	/usr/lib/system/libkxld.dylib
0x0000000007a9f000 	/usr/lib/libOpenScriptingUtil.dylib
0x0000000007a9f000 	/usr/lib/libcoretls.dylib
0x0000000007a9f000 	/usr/lib/libcoretls_cfhelpers.dylib
0x0000000007a9f000 	/usr/lib/libpam.2.dylib
0x0000000007a9f000 	/usr/lib/libsqlite3.dylib
0x0000000007a9f000 	/usr/lib/libxar.1.dylib
0x0000000007a9f000 	/usr/lib/libbz2.1.0.dylib
0x0000000007a9f000 	/usr/lib/liblzma.5.dylib
0x0000000007a9f000 	/usr/lib/libnetwork.dylib
0x0000000007a9f000 	/usr/lib/libapple_nghttp2.dylib
0x0000000007a9f000 	/usr/lib/libpcap.A.dylib
0x0000000007a9f000 	/usr/lib/libboringssl.dylib
0x0000000007a9f000 	/usr/lib/libusrtcp.dylib
0x0000000007a9f000 	/usr/lib/libapple_crypto.dylib
0x0000000007a9f000 	/System/Library/Frameworks/CoreServices.framework/Versions/A/Frameworks/FSEvents.framework/Versions/A/FSEvents
0x0000000007a9f000 	/System/Library/Frameworks/CoreServices.framework/Versions/A/Frameworks/CarbonCore.framework/Versions/A/CarbonCore
0x0000000007a9f000 	/System/Library/Frameworks/CoreServices.framework/Versions/A/Frameworks/Metadata.framework/Versions/A/Metadata
0x0000000007a9f000 	/System/Library/Frameworks/CoreServices.framework/Versions/A/Frameworks/OSServices.framework/Versions/A/OSServices
0x0000000007a9f000 	/System/Library/Frameworks/CoreServices.framework/Versions/A/Frameworks/SearchKit.framework/Versions/A/SearchKit
0x0000000007a9f000 	/System/Library/Frameworks/CoreServices.framework/Versions/A/Frameworks/AE.framework/Versions/A/AE
0x0000000007a9f000 	/System/Library/Frameworks/CoreServices.framework/Versions/A/Frameworks/LaunchServices.framework/Versions/A/LaunchServices
0x0000000007a9f000 	/System/Library/Frameworks/CoreServices.framework/Versions/A/Frameworks/DictionaryServices.framework/Versions/A/DictionaryServices
0x0000000007a9f000 	/System/Library/Frameworks/CoreServices.framework/Versions/A/Frameworks/SharedFileList.framework/Versions/A/SharedFileList
0x0000000007a9f000 	/System/Library/Frameworks/NetFS.framework/Versions/A/NetFS
0x0000000007a9f000 	/System/Library/PrivateFrameworks/NetAuth.framework/Versions/A/NetAuth
0x0000000007a9f000 	/System/Library/PrivateFrameworks/login.framework/Versions/A/Frameworks/loginsupport.framework/Versions/A/loginsupport
0x0000000007a9f000 	/System/Library/PrivateFrameworks/TCC.framework/Versions/A/TCC
0x0000000007a9f000 	/usr/lib/libmecabra.dylib
0x0000000007a9f000 	/System/Library/Frameworks/ApplicationServices.framework/Versions/A/Frameworks/ATS.framework/Versions/A/ATS
0x0000000007a9f000 	/System/Library/Frameworks/ApplicationServices.framework/Versions/A/Frameworks/ColorSyncLegacy.framework/Versions/A/ColorSyncLegacy
0x0000000007a9f000 	/System/Library/Frameworks/ApplicationServices.framework/Versions/A/Frameworks/HIServices.framework/Versions/A/HIServices
0x0000000007a9f000 	/System/Library/Frameworks/ApplicationServices.framework/Versions/A/Frameworks/LangAnalysis.framework/Versions/A/LangAnalysis
0x0000000007a9f000 	/System/Library/Frameworks/ApplicationServices.framework/Versions/A/Frameworks/PrintCore.framework/Versions/A/PrintCore
0x0000000007a9f000 	/System/Library/Frameworks/ApplicationServices.framework/Versions/A/Frameworks/QD.framework/Versions/A/QD
0x0000000007a9f000 	/System/Library/Frameworks/ApplicationServices.framework/Versions/A/Frameworks/SpeechSynthesis.framework/Versions/A/SpeechSynthesis
0x0000000007a9f000 	/System/Library/Frameworks/CoreDisplay.framework/Versions/A/CoreDisplay
0x0000000007a9f000 	/System/Library/Frameworks/Accelerate.framework/Versions/A/Frameworks/vImage.framework/Versions/A/vImage
0x0000000007a9f000 	/System/Library/Frameworks/Accelerate.framework/Versions/A/Frameworks/vecLib.framework/Versions/A/vecLib
0x0000000007a9f000 	/System/Library/Frameworks/Accelerate.framework/Versions/A/Frameworks/vecLib.framework/Versions/A/libvDSP.dylib
0x0000000007a9f000 	/System/Library/Frameworks/Accelerate.framework/Versions/A/Frameworks/vecLib.framework/Versions/A/libBNNS.dylib
0x0000000007a9f000 	/System/Library/Frameworks/Accelerate.framework/Versions/A/Frameworks/vecLib.framework/Versions/A/libQuadrature.dylib
0x0000000007a9f000 	/System/Library/Frameworks/Accelerate.framework/Versions/A/Frameworks/vecLib.framework/Versions/A/libvMisc.dylib
0x0000000007a9f000 	/System/Library/Frameworks/Accelerate.framework/Versions/A/Frameworks/vecLib.framework/Versions/A/libLAPACK.dylib
0x0000000007a9f000 	/System/Library/Frameworks/Accelerate.framework/Versions/A/Frameworks/vecLib.framework/Versions/A/libBLAS.dylib
0x0000000007a9f000 	/System/Library/Frameworks/Accelerate.framework/Versions/A/Frameworks/vecLib.framework/Versions/A/libLinearAlgebra.dylib
0x0000000007a9f000 	/System/Library/Frameworks/Accelerate.framework/Versions/A/Frameworks/vecLib.framework/Versions/A/libSparse.dylib
0x0000000007a9f000 	/System/Library/Frameworks/Accelerate.framework/Versions/A/Frameworks/vecLib.framework/Versions/A/libSparseBLAS.dylib
0x0000000007a9f000 	/System/Library/PrivateFrameworks/GPUWrangler.framework/Versions/A/GPUWrangler
0x0000000007a9f000 	/System/Library/PrivateFrameworks/IOAccelerator.framework/Versions/A/IOAccelerator
0x0000000007a9f000 	/System/Library/PrivateFrameworks/IOPresentment.framework/Versions/A/IOPresentment
0x0000000007a9f000 	/System/Library/PrivateFrameworks/DSExternalDisplay.framework/Versions/A/DSExternalDisplay
0x0000000007a9f000 	/System/Library/Frameworks/OpenGL.framework/Versions/A/Libraries/libCoreFSCache.dylib
0x0000000007a9f000 	/System/Library/Frameworks/CoreVideo.framework/Versions/A/CoreVideo
0x0000000007a9f000 	/System/Library/PrivateFrameworks/GraphVisualizer.framework/Versions/A/GraphVisualizer
0x0000000007a9f000 	/System/Library/Frameworks/MetalPerformanceShaders.framework/Versions/A/MetalPerformanceShaders
0x0000000007a9f000 	/usr/lib/libFosl_dynamic.dylib
0x0000000007a9f000 	/System/Library/PrivateFrameworks/FaceCore.framework/Versions/A/FaceCore
0x0000000007a9f000 	/System/Library/Frameworks/OpenCL.framework/Versions/A/OpenCL
0x0000000007a9f000 	/usr/lib/libcompression.dylib
0x0000000007a9f000 	/System/Library/Frameworks/ApplicationServices.framework/Versions/A/Frameworks/ATS.framework/Versions/A/Resources/libFontParser.dylib
0x0000000007a9f000 	/System/Library/Frameworks/ApplicationServices.framework/Versions/A/Frameworks/ATS.framework/Versions/A/Resources/libFontRegistry.dylib
0x0000000007a9f000 	/System/Library/Frameworks/ImageIO.framework/Versions/A/Resources/libJPEG.dylib
0x0000000007a9f000 	/System/Library/Frameworks/ImageIO.framework/Versions/A/Resources/libTIFF.dylib
0x0000000007a9f000 	/System/Library/Frameworks/ImageIO.framework/Versions/A/Resources/libPng.dylib
0x0000000007a9f000 	/System/Library/Frameworks/ImageIO.framework/Versions/A/Resources/libGIF.dylib
0x0000000007a9f000 	/System/Library/Frameworks/ImageIO.framework/Versions/A/Resources/libJP2.dylib
0x0000000007a9f000 	/System/Library/Frameworks/ImageIO.framework/Versions/A/Resources/libRadiance.dylib
0x0000000007a9f000 	/System/Library/PrivateFrameworks/AppleJPEG.framework/Versions/A/AppleJPEG
0x0000000007a9f000 	/System/Library/Frameworks/MetalPerformanceShaders.framework/Frameworks/MPSCore.framework/Versions/A/MPSCore
0x0000000007a9f000 	/System/Library/Frameworks/MetalPerformanceShaders.framework/Frameworks/MPSImage.framework/Versions/A/MPSImage
0x0000000007a9f000 	/System/Library/Frameworks/MetalPerformanceShaders.framework/Frameworks/MPSNeuralNetwork.framework/Versions/A/MPSNeuralNetwork
0x0000000007a9f000 	/System/Library/Frameworks/MetalPerformanceShaders.framework/Frameworks/MPSMatrix.framework/Versions/A/MPSMatrix
0x0000000007a9f000 	/System/Library/PrivateFrameworks/MetalTools.framework/Versions/A/MetalTools
0x0000000007a9f000 	/System/Library/Frameworks/OpenGL.framework/Versions/A/Libraries/libGLU.dylib
0x0000000007a9f000 	/System/Library/Frameworks/OpenGL.framework/Versions/A/Libraries/libGFXShared.dylib
0x0000000007a9f000 	/System/Library/Frameworks/OpenGL.framework/Versions/A/Libraries/libGL.dylib
0x0000000007a9f000 	/System/Library/Frameworks/OpenGL.framework/Versions/A/Libraries/libGLImage.dylib
0x0000000007a9f000 	/System/Library/Frameworks/OpenGL.framework/Versions/A/Libraries/libCVMSPluginSupport.dylib
0x0000000007a9f000 	/System/Library/Frameworks/OpenGL.framework/Versions/A/Libraries/libCoreVMClient.dylib
0x0000000007a9f000 	/usr/lib/libcups.2.dylib
0x0000000007a9f000 	/System/Library/Frameworks/Kerberos.framework/Versions/A/Kerberos
0x0000000007a9f000 	/System/Library/Frameworks/GSS.framework/Versions/A/GSS
0x0000000007a9f000 	/usr/lib/libresolv.9.dylib
0x0000000007a9f000 	/usr/lib/libiconv.2.dylib
0x0000000007a9f000 	/System/Library/PrivateFrameworks/Heimdal.framework/Versions/A/Heimdal
0x0000000007a9f000 	/usr/lib/libheimdal-asn1.dylib
0x0000000007a9f000 	/System/Library/Frameworks/OpenDirectory.framework/Versions/A/OpenDirectory
0x0000000007a9f000 	/System/Library/PrivateFrameworks/CommonAuth.framework/Versions/A/CommonAuth
0x0000000007a9f000 	/System/Library/Frameworks/OpenDirectory.framework/Versions/A/Frameworks/CFOpenDirectory.framework/Versions/A/CFOpenDirectory
0x0000000007a9f000 	/System/Library/Frameworks/SecurityFoundation.framework/Versions/A/SecurityFoundation
0x0000000007a9f000 	/System/Library/PrivateFrameworks/APFS.framework/Versions/A/APFS
0x0000000007a9f000 	/usr/lib/libutil.dylib
0x0000000007a9f000 	/System/Library/PrivateFrameworks/AppleSauce.framework/Versions/A/AppleSauce
0x0000000007a9f000 	/System/Library/PrivateFrameworks/LinguisticData.framework/Versions/A/LinguisticData
0x0000000007a9f000 	/usr/lib/libmarisa.dylib
0x0000000007a9f000 	/System/Library/PrivateFrameworks/Lexicon.framework/Versions/A/Lexicon
0x0000000007a9f000 	/usr/lib/libChineseTokenizer.dylib
0x0000000007a9f000 	/usr/lib/libcmph.dylib
0x0000000007a9f000 	/System/Library/PrivateFrameworks/LanguageModeling.framework/Versions/A/LanguageModeling
0x0000000007a9f000 	/System/Library/PrivateFrameworks/CoreEmoji.framework/Versions/A/CoreEmoji
0x0000000007a9f000 	/System/Library/Frameworks/ServiceManagement.framework/Versions/A/ServiceManagement
0x0000000007a9f000 	/System/Library/PrivateFrameworks/BackgroundTaskManagement.framework/Versions/A/BackgroundTaskManagement
0x0000000007a9f000 	/usr/lib/libxslt.1.dylib
0x0000000007a9f000 	/System/Library/Frameworks/Carbon.framework/Versions/A/Frameworks/Ink.framework/Versions/A/Ink
0x0000000007a9f000 	/System/Library/PrivateFrameworks/TextureIO.framework/Versions/A/TextureIO
0x0000000007a9f000 	/usr/lib/libate.dylib
0x0000000007a9f000 	/System/Library/PrivateFrameworks/CrashReporterSupport.framework/Versions/A/CrashReporterSupport
0x0000000007a9f000 	/System/Library/PrivateFrameworks/Sharing.framework/Versions/A/Sharing
0x0000000007a9f000 	/System/Library/PrivateFrameworks/IconServices.framework/Versions/A/IconServices
0x0000000007a9f000 	/System/Library/PrivateFrameworks/Apple80211.framework/Versions/A/Apple80211
0x0000000007a9f000 	/System/Library/PrivateFrameworks/CoreUtils.framework/Versions/A/CoreUtils
0x0000000007a9f000 	/System/Library/Frameworks/CoreWLAN.framework/Versions/A/CoreWLAN
0x0000000007a9f000 	/System/Library/Frameworks/IOBluetooth.framework/Versions/A/IOBluetooth
0x0000000007a9f000 	/System/Library/PrivateFrameworks/ProtocolBuffer.framework/Versions/A/ProtocolBuffer
0x0000000007a9f000 	/System/Library/PrivateFrameworks/CoreWiFi.framework/Versions/A/CoreWiFi
0x0000000007a9f000 	/System/Library/Frameworks/CoreBluetooth.framework/Versions/A/CoreBluetooth
0x0000000007a9f000 	/System/Library/PrivateFrameworks/DebugSymbols.framework/Versions/A/DebugSymbols
0x0000000007a9f000 	/System/Library/PrivateFrameworks/CoreSymbolication.framework/Versions/A/CoreSymbolication
0x0000000007a9f000 	/System/Library/PrivateFrameworks/Symbolication.framework/Versions/A/Symbolication
0x0000000007a9f000 	/System/Library/PrivateFrameworks/AppleFSCompression.framework/Versions/A/AppleFSCompression
0x0000000007a9f000 	/System/Library/PrivateFrameworks/SpeechRecognitionCore.framework/Versions/A/SpeechRecognitionCore
0x000000010d000000 	/Library/Java/JavaVirtualMachines/jdk1.8.0_161.jdk/Contents/Home/jre/lib/server/libjvm.dylib
0x0000000007a9f000 	/usr/lib/libstdc++.6.0.9.dylib
0x000000010bea7000 	/Library/Java/JavaVirtualMachines/jdk1.8.0_161.jdk/Contents/Home/jre/lib/libverify.dylib
0x000000010beb5000 	/Library/Java/JavaVirtualMachines/jdk1.8.0_161.jdk/Contents/Home/jre/lib/libjava.dylib
0x000000010beec000 	/Library/Java/JavaVirtualMachines/jdk1.8.0_161.jdk/Contents/Home/jre/lib/libjdwp.dylib
0x000000010bf37000 	/Library/Java/JavaVirtualMachines/jdk1.8.0_161.jdk/Contents/Home/jre/lib/libnpt.dylib
0x000000010bf84000 	/Library/Java/JavaVirtualMachines/jdk1.8.0_161.jdk/Contents/Home/jre/lib/libzip.dylib
0x000000012aa60000 	/Library/Java/JavaVirtualMachines/jdk1.8.0_161.jdk/Contents/Home/jre/lib/libdt_socket.dylib
0x000000012abb7000 	/Library/Java/JavaVirtualMachines/jdk1.8.0_161.jdk/Contents/Home/jre/lib/libawt.dylib
0x000000012ac61000 	/Library/Java/JavaVirtualMachines/jdk1.8.0_161.jdk/Contents/Home/jre/lib/./libmlib_image.dylib
0x0000000007a9f000 	/System/Library/Frameworks/JavaVM.framework/Versions/A/Frameworks/JavaNativeFoundation.framework/Versions/A/JavaNativeFoundation
0x0000000007a9f000 	/System/Library/Frameworks/JavaVM.framework/Versions/A/Frameworks/JavaRuntimeSupport.framework/Versions/A/JavaRuntimeSupport
0x0000000007a9f000 	/System/Library/Frameworks/JavaVM.framework/Versions/A/JavaVM
0x0000000007a9f000 	/System/Library/PrivateFrameworks/JavaLaunching.framework/Versions/A/JavaLaunching
0x0000000007a9f000 	/System/Library/Frameworks/Carbon.framework/Versions/A/Carbon
0x0000000007a9f000 	/System/Library/Frameworks/Carbon.framework/Versions/A/Frameworks/CommonPanels.framework/Versions/A/CommonPanels
0x0000000007a9f000 	/System/Library/Frameworks/Carbon.framework/Versions/A/Frameworks/Help.framework/Versions/A/Help
0x0000000007a9f000 	/System/Library/Frameworks/Carbon.framework/Versions/A/Frameworks/ImageCapture.framework/Versions/A/ImageCapture
0x0000000007a9f000 	/System/Library/Frameworks/Carbon.framework/Versions/A/Frameworks/OpenScripting.framework/Versions/A/OpenScripting
0x0000000007a9f000 	/System/Library/Frameworks/Carbon.framework/Versions/A/Frameworks/Print.framework/Versions/A/Print
0x0000000007a9f000 	/System/Library/Frameworks/Carbon.framework/Versions/A/Frameworks/SecurityHI.framework/Versions/A/SecurityHI
0x000000012ad2d000 	/Library/Java/JavaVirtualMachines/jdk1.8.0_161.jdk/Contents/Home/jre/lib/libawt_lwawt.dylib
0x000000012ade7000 	/Library/Java/JavaVirtualMachines/jdk1.8.0_161.jdk/Contents/Home/jre/lib/./libosxapp.dylib
0x0000000007a9f000 	/System/Library/Frameworks/ExceptionHandling.framework/Versions/A/ExceptionHandling
0x0000000007a9f000 	/System/Library/PrivateFrameworks/CoreServicesInternal.framework/Versions/A/CoreServicesInternal
0x0000000007a9f000 	/System/Library/CoreServices/RawCamera.bundle/Contents/MacOS/RawCamera
0x0000000007a9f000 	/System/Library/PrivateFrameworks/MobileAsset.framework/Versions/A/MobileAsset
0x0000000007a9f000 	/System/Library/PrivateFrameworks/StreamingZip.framework/Versions/A/StreamingZip
0x0000000007a9f000 	/System/Library/Frameworks/MediaToolbox.framework/Versions/A/MediaToolbox
0x0000000007a9f000 	/System/Library/PrivateFrameworks/CoreAVCHD.framework/Versions/A/CoreAVCHD
0x0000000007a9f000 	/System/Library/Frameworks/MediaAccessibility.framework/Versions/A/MediaAccessibility
0x0000000007a9f000 	/System/Library/PrivateFrameworks/Mangrove.framework/Versions/A/Mangrove
0x0000000007a9f000 	/System/Library/Frameworks/CoreMedia.framework/Versions/A/CoreMedia
0x0000000007a9f000 	/System/Library/Frameworks/VideoToolbox.framework/Versions/A/VideoToolbox
0x0000000007a9f000 	/System/Library/PrivateFrameworks/CoreAUC.framework/Versions/A/CoreAUC
0x0000000007a9f000 	/usr/lib/libspindump.dylib
0x0000000007a9f000 	/System/Library/PrivateFrameworks/AppleVA.framework/Versions/A/AppleVA
0x0000000007a9f000 	/System/Library/Frameworks/Accelerate.framework/Versions/A/Frameworks/vImage.framework/Versions/A/Libraries/libCGInterfaces.dylib
0x0000000007a9f000 	/System/Library/Frameworks/ApplicationServices.framework/Versions/A/Frameworks/ATS.framework/Versions/A/Resources/libTrueTypeScaler.dylib
0x000000012d92d000 	/System/Library/Extensions/AMDMTLBronzeDriver.bundle/Contents/MacOS/AMDMTLBronzeDriver
0x0000000007a9f000 	/System/Library/PrivateFrameworks/IOAccelMemoryInfo.framework/Versions/A/IOAccelMemoryInfo
0x0000000007a9f000 	/System/Library/PrivateFrameworks/GPUCompiler.framework/Versions/3802/Libraries/libmetal_timestamp.dylib
0x0000000007a9f000 	/System/Library/PrivateFrameworks/FamilyControls.framework/Versions/A/FamilyControls
0x0000000007a9f000 	/System/Library/PrivateFrameworks/CommerceKit.framework/Versions/A/Frameworks/CommerceCore.framework/Versions/A/CommerceCore
0x0000000007a9f000 	/System/Library/PrivateFrameworks/SystemAdministration.framework/Versions/A/SystemAdministration
0x0000000007a9f000 	/System/Library/PrivateFrameworks/AppContainer.framework/Versions/A/AppContainer
0x0000000007a9f000 	/System/Library/PrivateFrameworks/SecCodeWrapper.framework/Versions/A/SecCodeWrapper
0x0000000007a9f000 	/System/Library/PrivateFrameworks/DiskManagement.framework/Versions/A/DiskManagement
0x0000000007a9f000 	/System/Library/Frameworks/DirectoryService.framework/Versions/A/DirectoryService
0x0000000007a9f000 	/System/Library/PrivateFrameworks/DiskImages.framework/Versions/A/DiskImages
0x0000000007a9f000 	/System/Library/PrivateFrameworks/LoginUIKit.framework/Versions/A/Frameworks/LoginUICore.framework/Versions/A/LoginUICore
0x0000000007a9f000 	/usr/lib/libCoreStorage.dylib
0x0000000007a9f000 	/usr/lib/libcsfde.dylib
0x0000000007a9f000 	/usr/lib/libodfde.dylib
0x0000000007a9f000 	/System/Library/PrivateFrameworks/MediaKit.framework/Versions/A/MediaKit
0x0000000007a9f000 	/System/Library/Frameworks/DiscRecording.framework/Versions/A/DiscRecording
0x0000000007a9f000 	/System/Library/PrivateFrameworks/EFILogin.framework/Versions/A/EFILogin
0x0000000007a9f000 	/System/Library/PrivateFrameworks/ProtectedCloudStorage.framework/Versions/A/ProtectedCloudStorage
0x0000000007a9f000 	/usr/lib/libcurl.4.dylib
0x0000000007a9f000 	/usr/lib/libcrypto.35.dylib
0x0000000007a9f000 	/usr/lib/libssl.35.dylib
0x0000000007a9f000 	/System/Library/Frameworks/LDAP.framework/Versions/A/LDAP
0x0000000007a9f000 	/System/Library/PrivateFrameworks/TrustEvaluationAgent.framework/Versions/A/TrustEvaluationAgent
0x0000000007a9f000 	/usr/lib/libsasl2.2.dylib
0x0000000007a9f000 	/System/Library/PrivateFrameworks/CoreDaemon.framework/Versions/B/CoreDaemon
0x0000000007a9f000 	/System/Library/PrivateFrameworks/AppleSRP.framework/Versions/A/AppleSRP
0x0000000007a9f000 	/System/Library/Frameworks/OpenGL.framework/Versions/A/Resources/GLEngine.bundle/GLEngine
0x0000000007a9f000 	/System/Library/Frameworks/OpenGL.framework/Versions/A/Libraries/libGLProgrammability.dylib
0x000000012dd73000 	/System/Library/Extensions/AMDRadeonX4000GLDriver.bundle/Contents/MacOS/AMDRadeonX4000GLDriver
0x0000000007a9f000 	/System/Library/PrivateFrameworks/GPUSupport.framework/Versions/A/Libraries/libGPUSupportMercury.dylib
0x0000000007a9f000 	/System/Library/Extensions/AMDRadeonX4000GLDriver.bundle/Contents/MacOS/ATIRadeonX4000SCLib.dylib
0x0000000007a9f000 	/System/Library/Frameworks/OpenGL.framework/Versions/A/Resources/GLRendererFloat.bundle/GLRendererFloat
0x0000000007a9f000 	/System/Library/Frameworks/OpenCL.framework/Versions/A/Libraries/libcldcpuengine.dylib
0x000000012df58000 	/Library/Java/JavaVirtualMachines/jdk1.8.0_161.jdk/Contents/Home/jre/lib/libfontmanager.dylib
0x000000012dfbf000 	/Library/Java/JavaVirtualMachines/jdk1.8.0_161.jdk/Contents/Home/jre/lib/libosxui.dylib
0x000000012eb85000 	/Library/Java/JavaVirtualMachines/jdk1.8.0_161.jdk/Contents/Home/jre/lib/libosx.dylib
0x000000012eebc000 	/Library/Java/JavaVirtualMachines/jdk1.8.0_161.jdk/Contents/Home/jre/lib/libnio.dylib
0x000000012ef1b000 	/Library/Java/JavaVirtualMachines/jdk1.8.0_161.jdk/Contents/Home/jre/lib/./libnet.dylib
0x000000012f284000 	/Users/mpue/Documents/devel/games/supernova/lib/native/liblwjgl.dylib
0x000000012f306000 	/Library/Java/JavaVirtualMachines/jdk1.8.0_161.jdk/Contents/Home/jre/lib/libjawt.dylib
0x0000000007a9f000 	/System/Library/PrivateFrameworks/ViewBridge.framework/Versions/A/ViewBridge
0x0000000007a9f000 	/System/Library/PrivateFrameworks/login.framework/Versions/A/login
0x000000019a7da000 	/Library/Java/JavaVirtualMachines/jdk1.8.0_161.jdk/Contents/Home/jre/lib/libdcpr.dylib
0x000000012d715000 	/Library/Java/JavaVirtualMachines/jdk1.8.0_161.jdk/Contents/Home/jre/lib/libjpeg.dylib

VM Arguments:
jvm_args: -agentlib:jdwp=transport=dt_socket,suspend=y,address=localhost:50942 -Djava.library.path=/Users/mpue/Documents/devel/games/supernova/lib/native -Dfile.encoding=UTF-8 
java_command: de.pueski.jrhythm.core.JRhythm
java_class_path (initial): /Library/Java/JavaVirtualMachines/jdk1.8.0_161.jdk/Contents/Home/jre/lib/resources.jar:/Library/Java/JavaVirtualMachines/jdk1.8.0_161.jdk/Contents/Home/jre/lib/rt.jar:/Library/Java/JavaVirtualMachines/jdk1.8.0_161.jdk/Contents/Home/jre/lib/jsse.jar:/Library/Java/JavaVirtualMachines/jdk1.8.0_161.jdk/Contents/Home/jre/lib/jce.jar:/Library/Java/JavaVirtualMachines/jdk1.8.0_161.jdk/Contents/Home/jre/lib/charsets.jar:/Library/Java/JavaVirtualMachines/jdk1.8.0_161.jdk/Contents/Home/jre/lib/jfr.jar:/Library/Java/JavaVirtualMachines/jdk1.8.0_161.jdk/Contents/Home/jre/lib/ext/sunec.jar:/Library/Java/JavaVirtualMachines/jdk1.8.0_161.jdk/Contents/Home/jre/lib/ext/nashorn.jar:/Library/Java/JavaVirtualMachines/jdk1.8.0_161.jdk/Contents/Home/jre/lib/ext/cldrdata.jar:/Library/Java/JavaVirtualMachines/jdk1.8.0_161.jdk/Contents/Home/jre/lib/ext/jfxrt.jar:/Library/Java/JavaVirtualMachines/jdk1.8.0_161.jdk/Contents/Home/jre/lib/ext/dnsns.jar:/Library/Java/JavaVirtualMachines/jdk1.8.0_161.jdk/Contents/Home/jre/lib/ext/localedata.jar:/Library/Java/JavaVirtualMachines/jdk1.8.0_161.jdk/Contents/Home/jre/lib/ext/sunjce_provider.jar:/Library/Java/JavaVirtualMachines/jdk1.8.0_161.jdk/Contents/Home/jre/lib/ext/sunpkcs11.jar:/Library/Java/JavaVirtualMachines/jdk1.8.0_161.jdk/Contents/Home/jre/lib/ext/jaccess.jar:/Library/Java/JavaVirtualMachines/jdk1.8.0_161.jdk/Contents/Home/jre/lib/ext/zipfs.jar:/System/Library/Java/Extensions/MRJToolkit.jar:/Users/mpue/Documents/devel/JRhythm/bin:/Users/mpue/Documents/devel/JRhythm/lib/AppleJavaExtensions.jar:/Users/mpue/Documents/devel/JRhythm/lib/lzma.jar:/Users/mpue/Documents/devel/JRhythm/lib/vecmath.jar:/Users/mpue/Documents/devel/JRhythm/lib/stack-alloc.jar:/Users/mpue/Documents/devel/JRhythm/lib/commons-io-1.3.1.jar:/Users/mpue/Documents/devel/JRhythm/lib/commons-lang-2.3.jar:/Users/mpue/Documents/devel/JRhythm/lib/commons-logging-1.1.jar:/Users/mpue/Documents/devel/JRhythm/lib/log4j-1.2.14.jar:/Users/mpue/Documents/devel
Launcher Type: SUN_STANDARD

Environment Variables:
PATH=/usr/bin:/bin:/usr/sbin:/sbin
SHELL=/bin/bash
DISPLAY=/private/tmp/com.apple.launchd.3tVY61MuS1/org.macosforge.xquartz:0

Signal Handlers:
SIGSEGV: [libjvm.dylib+0x5b5439], sa_mask[0]=11111111011111110111111111111111, sa_flags=SA_ONSTACK|SA_RESTART|SA_SIGINFO
SIGBUS: [libjvm.dylib+0x5b5439], sa_mask[0]=11111111011111110111111111111111, sa_flags=SA_RESTART|SA_SIGINFO
SIGFPE: [libjvm.dylib+0x48ae24], sa_mask[0]=11111111011111110111111111111111, sa_flags=SA_RESTART|SA_SIGINFO
SIGPIPE: [libjvm.dylib+0x48ae24], sa_mask[0]=11111111011111110111111111111111, sa_flags=SA_RESTART|SA_SIGINFO
SIGXFSZ: [libjvm.dylib+0x48ae24], sa_mask[0]=11111111011111110111111111111111, sa_flags=SA_RESTART|SA_SIGINFO
SIGILL: [libjvm.dylib+0x48ae24], sa_mask[0]=11111111011111110111111111111111, sa_flags=SA_RESTART|SA_SIGINFO
SIGUSR1: SIG_DFL, sa_mask[0]=00000000000000000000000000000000, sa_flags=none
SIGUSR2: [libjvm.dylib+0x48a942], sa_mask[0]=00100000000000000000000000000000, sa_flags=SA_RESTART|SA_SIGINFO
SIGHUP: [libjvm.dylib+0x488f0d], sa_mask[0]=11111111011111110111111111111111, sa_flags=SA_RESTART|SA_SIGINFO
SIGINT: [libjvm.dylib+0x488f0d], sa_mask[0]=11111111011111110111111111111111, sa_flags=SA_RESTART|SA_SIGINFO
SIGTERM: [libjvm.dylib+0x488f0d], sa_mask[0]=11111111011111110111111111111111, sa_flags=SA_RESTART|SA_SIGINFO
SIGQUIT: [libjvm.dylib+0x488f0d], sa_mask[0]=11111111011111110111111111111111, sa_flags=SA_RESTART|SA_SIGINFO


---------------  S Y S T E M  ---------------

OS:Bsduname:Darwin 17.6.0 Darwin Kernel Version 17.6.0: Tue May  8 15:22:16 PDT 2018; root:xnu-4570.61.1~1/RELEASE_X86_64 x86_64
rlimit: STACK 8192k, CORE 0k, NPROC 1418, NOFILE 10240, AS infinity
load average:1.62 1.70 1.70

CPU:total 8 (initial active 8) (4 cores per cpu, 2 threads per core) family 6 model 158 stepping 9, cmov, cx8, fxsr, mmx, sse, sse2, sse3, ssse3, sse4.1, sse4.2, popcnt, avx, avx2, aes, clmul, erms, rtm, 3dnowpref, lzcnt, ht, tsc, tscinvbit, bmi1, bmi2, adx

Memory: 4k page, physical 16777216k(2843920k free)

/proc/meminfo:


vm_info: Java HotSpot(TM) 64-Bit Server VM (25.161-b12) for bsd-amd64 JRE (1.8.0_161-b12), built on Dec 19 2017 16:22:20 by "java_re" with gcc 4.2.1 (Based on Apple Inc. build 5658) (LLVM build 2336.11.00)

time: Sun Nov 11 14:24:55 2018
elapsed time: 5 seconds (0d 0h 0m 5s)

