#
# A fatal error has been detected by the Java Runtime Environment:
#
#  SIGSEGV (0xb) at pc=0x00007fff39c8aedd, pid=1056, tid=0x0000000000012403
#
# JRE version: Java(TM) SE Runtime Environment (8.0_161-b12) (build 1.8.0_161-b12)
# Java VM: Java HotSpot(TM) 64-Bit Server VM (25.161-b12 mixed mode bsd-amd64 compressed oops)
# Problematic frame:
# C  [GLEngine+0x147edd]  gleRunVertexSubmitImmediate+0x1d3d
#
# Failed to write core dump. Core dumps have been disabled. To enable core dumping, try "ulimit -c unlimited" before starting Java again
#
# If you would like to submit a bug report, please visit:
#   http://bugreport.java.com/bugreport/crash.jsp
# The crash happened outside the Java Virtual Machine in native code.
# See problematic frame for where to report the bug.
#

---------------  T H R E A D  ---------------

Current thread (0x00007f8917a34000):  JavaThread "AWT-EventQueue-0" [_thread_in_native, id=74755, stack(0x00007000078fb000,0x00007000079fb000)]

siginfo: si_signo: 11 (SIGSEGV), si_code: 1 (SEGV_MAPERR), si_addr: 0x000000012bfa2e88

Registers:
RAX=0x00007fff39c8aedd, RBX=0x0000000000000006, RCX=0x00007fff39c8cc98, RDX=0x0000000000000006
RSP=0x00007000079f7c50, RBP=0x00007000079f7e70, RSI=0x0000000000000001, RDI=0x00007fff39c8cc48
R8 =0x000000000039e432, R9 =0x0000000000000006, R10=0x0000073c86400041, R11=0x00007f891d223020
R12=0x000000012bfa2e88, R13=0x0000000000082018, R14=0x0000000000000002, R15=0x00007f891c04ce00
RIP=0x00007fff39c8aedd, EFLAGS=0x0000000000010207, ERR=0x0000000000000004
  TRAPNO=0x000000000000000e

Top of Stack: (sp=0x00007000079f7c50)
0x00007000079f7c50:   00000000000c1018 0000000000000004
0x00007000079f7c60:   00007f891c04cf40 00007f891c04cf70
0x00007000079f7c70:   00007f891c04cf90 00007f891c04cf50
0x00007000079f7c80:   00007f891c04cf80 00007f891c04cf60
0x00007000079f7c90:   00007f891c04cfa0 0000000000000003
0x00007000079f7ca0:   00000000ffffffff 0000000017a34000
0x00007000079f7cb0:   0000000000000000 0000000000000000
0x00007000079f7cc0:   0000000000000019 0000000000000000
0x00007000079f7cd0:   00007f8917a34000 00007f891c04ce00
0x00007000079f7ce0:   0000000000000000 00000000fffffffe
0x00007000079f7cf0:   0039e43200020806 000000012bfa2e88
0x00007000079f7d00:   00000000079f7df0 0000000000000000
0x00007000079f7d10:   0000000000000000 00007f891d223020
0x00007000079f7d20:   00007000079f7e08 00007f891c04cf90
0x00007000079f7d30:   00000002079f7dc0 000000012bf021dc
0x00007000079f7d40:   000000003f800000 0000000000000000
0x00007000079f7d50:   000000003f800000 0000000000000000
0x00007000079f7d60:   00007f8917a34000 000000000039e432
0x00007000079f7d70:   00007f891c04cf90 00007f891c04cf90
0x00007000079f7d80:   000000003f800000 0000000000000000
0x00007000079f7d90:   3f8000003f800000 00007f893f800000
0x00007000079f7da0:   00000000000c1018 1c04cf90000039e4
0x00007000079f7db0:   3f8000003f800000 000000003f800000
0x00007000079f7dc0:   00007000079f7df0 00007fff575f992d
0x00007000079f7dd0:   00007f891c017c00 000000000000002c
0x00007000079f7de0:   0000000000000432 0000000000000014
0x00007000079f7df0:   0000000000000000 00007fff39c3eb19
0x00007000079f7e00:   000000012bfa2e88 000000012be6321c
0x00007000079f7e10:   000000012bf021dc 000000012b085000
0x00007000079f7e20:   00007f891c050ba0 00007f891c050db0
0x00007000079f7e30:   00007f891c05dfa0 000000012bf021dc
0x00007000079f7e40:   f9dda068743e0014 000000000009f330 

Instructions: (pc=0x00007fff39c8aedd)
0x00007fff39c8aebd:   fe ce 40 80 fe 03 0f 87 a7 0c 00 00 40 0f b6 c6
0x00007fff39c8aecd:   48 8d 0d c4 1d 00 00 48 63 04 81 48 01 c8 ff e0
0x00007fff39c8aedd:   41 8b 0c 24 89 8d 20 ff ff ff 41 8b 44 24 04 89
0x00007fff39c8aeed:   85 24 ff ff ff 89 8d 48 ff ff ff 66 0f 6e c1 66 

Register to memory mapping:

RAX=0x00007fff39c8aedd: gleRunVertexSubmitImmediate+0x1d3d in /System/Library/Frameworks/OpenGL.framework/Versions/A/Resources/GLEngine.bundle/GLEngine at 0x00007fff39b43000
RBX=0x0000000000000006 is an unknown value
RCX=0x00007fff39c8cc98: gleRunVertexSubmitImmediate+0x3af8 in /System/Library/Frameworks/OpenGL.framework/Versions/A/Resources/GLEngine.bundle/GLEngine at 0x00007fff39b43000
RDX=0x0000000000000006 is an unknown value
RSP=0x00007000079f7c50 is pointing into the stack for thread: 0x00007f8917a34000
RBP=0x00007000079f7e70 is pointing into the stack for thread: 0x00007f8917a34000
RSI=0x0000000000000001 is an unknown value
RDI=0x00007fff39c8cc48: gleRunVertexSubmitImmediate+0x3aa8 in /System/Library/Frameworks/OpenGL.framework/Versions/A/Resources/GLEngine.bundle/GLEngine at 0x00007fff39b43000
R8 =0x000000000039e432 is an unknown value
R9 =0x0000000000000006 is an unknown value
R10=0x0000073c86400041 is an unknown value
R11=0x00007f891d223020 is an unknown value
R12=0x000000012bfa2e88 is an unknown value
R13=0x0000000000082018 is an unknown value
R14=0x0000000000000002 is an unknown value
R15=0x00007f891c04ce00 is an unknown value


Stack: [0x00007000078fb000,0x00007000079fb000],  sp=0x00007000079f7c50,  free space=1011k
Native frames: (J=compiled Java code, j=interpreted, Vv=VM code, C=native code)
C  [GLEngine+0x147edd]  gleRunVertexSubmitImmediate+0x1d3d
C  [GLEngine+0xa48b6]  gleDrawArraysOrElements_Comp+0x14e
C  [libGL.dylib+0x3b31]  glDrawRangeElements+0x2d
j  org.lwjgl.opengl.GL12.nglDrawRangeElementsBO(IIIIIJJ)V+0
j  org.lwjgl.opengl.GL12.glDrawRangeElements(IIIIIJ)V+32
j  de.pueski.jrhythm.util.VBOUtils.renderRange(IIIIIIIII)V+104
j  de.pueski.jrhythm.objects.Mesh.drawVBO()V+258
j  de.pueski.jrhythm.objects.Mesh.draw()V+1
j  de.pueski.jrhythm.scene.AbstractScene.drawChildren(Lde/pueski/jrhythm/objects/SceneNode;)V+46
j  de.pueski.jrhythm.scene.VehicleScene.genLists()V+23
j  de.pueski.jrhythm.scene.AbstractScene.<init>(Ljava/lang/String;)V+128
j  de.pueski.jrhythm.scene.VehicleScene.<init>(Ljava/lang/String;)V+2
j  de.pueski.jrhythm.core.Game.init()V+105
j  de.pueski.jrhythm.core.JRhythm.run(Lorg/lwjgl/opengl/DisplayMode;ZZ)V+26
j  de.pueski.jrhythm.core.JRhythm$4.actionPerformed(Ljava/awt/event/ActionEvent;)V+98
j  javax.swing.AbstractButton.fireActionPerformed(Ljava/awt/event/ActionEvent;)V+83
j  javax.swing.AbstractButton$Handler.actionPerformed(Ljava/awt/event/ActionEvent;)V+5
j  javax.swing.DefaultButtonModel.fireActionPerformed(Ljava/awt/event/ActionEvent;)V+34
j  javax.swing.DefaultButtonModel.setPressed(Z)V+117
j  javax.swing.plaf.basic.BasicButtonListener.mouseReleased(Ljava/awt/event/MouseEvent;)V+35
j  java.awt.Component.processMouseEvent(Ljava/awt/event/MouseEvent;)V+64
j  javax.swing.JComponent.processMouseEvent(Ljava/awt/event/MouseEvent;)V+23
j  java.awt.Component.processEvent(Ljava/awt/AWTEvent;)V+81
j  java.awt.Container.processEvent(Ljava/awt/AWTEvent;)V+18
j  java.awt.Component.dispatchEventImpl(Ljava/awt/AWTEvent;)V+589
J 945 C1 java.awt.Container.dispatchEventImpl(Ljava/awt/AWTEvent;)V (129 bytes) @ 0x0000000115c8bb6c [0x0000000115c8ba20+0x14c]
J 944 C1 java.awt.Component.dispatchEvent(Ljava/awt/AWTEvent;)V (6 bytes) @ 0x0000000115c8b654 [0x0000000115c8b540+0x114]
j  java.awt.LightweightDispatcher.retargetMouseEvent(Ljava/awt/Component;ILjava/awt/event/MouseEvent;)V+327
j  java.awt.LightweightDispatcher.processMouseEvent(Ljava/awt/event/MouseEvent;)Z+155
j  java.awt.LightweightDispatcher.dispatchEvent(Ljava/awt/AWTEvent;)Z+50
J 945 C1 java.awt.Container.dispatchEventImpl(Ljava/awt/AWTEvent;)V (129 bytes) @ 0x0000000115c8bb0c [0x0000000115c8ba20+0xec]
j  java.awt.Window.dispatchEventImpl(Ljava/awt/AWTEvent;)V+19
J 944 C1 java.awt.Component.dispatchEvent(Ljava/awt/AWTEvent;)V (6 bytes) @ 0x0000000115c8b654 [0x0000000115c8b540+0x114]
j  java.awt.EventQueue.dispatchEventImpl(Ljava/awt/AWTEvent;Ljava/lang/Object;)V+41
j  java.awt.EventQueue.access$500(Ljava/awt/EventQueue;Ljava/awt/AWTEvent;Ljava/lang/Object;)V+3
j  java.awt.EventQueue$3.run()Ljava/lang/Void;+32
j  java.awt.EventQueue$3.run()Ljava/lang/Object;+1
v  ~StubRoutines::call_stub
V  [libjvm.dylib+0x2ef9aa]  JavaCalls::call_helper(JavaValue*, methodHandle*, JavaCallArguments*, Thread*)+0x6ae
V  [libjvm.dylib+0x35019c]  JVM_DoPrivileged+0x4b8
J 667  java.security.AccessController.doPrivileged(Ljava/security/PrivilegedAction;Ljava/security/AccessControlContext;)Ljava/lang/Object; (0 bytes) @ 0x0000000115c030d5 [0x0000000115c03000+0xd5]
J 912 C1 java.awt.EventQueue$4.run()Ljava/lang/Object; (5 bytes) @ 0x0000000115c7b264 [0x0000000115c7ae20+0x444]
v  ~StubRoutines::call_stub
V  [libjvm.dylib+0x2ef9aa]  JavaCalls::call_helper(JavaValue*, methodHandle*, JavaCallArguments*, Thread*)+0x6ae
V  [libjvm.dylib+0x35019c]  JVM_DoPrivileged+0x4b8
J 667  java.security.AccessController.doPrivileged(Ljava/security/PrivilegedAction;Ljava/security/AccessControlContext;)Ljava/lang/Object; (0 bytes) @ 0x0000000115c030d5 [0x0000000115c03000+0xd5]
J 906 C1 java.awt.EventQueue.dispatchEvent(Ljava/awt/AWTEvent;)V (80 bytes) @ 0x0000000115c75b5c [0x0000000115c74c80+0xedc]
j  java.awt.EventDispatchThread.pumpOneEventForFilters(I)V+245
j  java.awt.EventDispatchThread.pumpEventsForFilter(ILjava/awt/Conditional;Ljava/awt/EventFilter;)V+35
j  java.awt.EventDispatchThread.pumpEventsForHierarchy(ILjava/awt/Conditional;Ljava/awt/Component;)V+11
j  java.awt.EventDispatchThread.pumpEvents(ILjava/awt/Conditional;)V+4
j  java.awt.EventDispatchThread.pumpEvents(Ljava/awt/Conditional;)V+3
j  java.awt.EventDispatchThread.run()V+9
v  ~StubRoutines::call_stub
V  [libjvm.dylib+0x2ef9aa]  JavaCalls::call_helper(JavaValue*, methodHandle*, JavaCallArguments*, Thread*)+0x6ae
V  [libjvm.dylib+0x2f014e]  JavaCalls::call_virtual(JavaValue*, KlassHandle, Symbol*, Symbol*, JavaCallArguments*, Thread*)+0x164
V  [libjvm.dylib+0x2f02fa]  JavaCalls::call_virtual(JavaValue*, Handle, KlassHandle, Symbol*, Symbol*, Thread*)+0x4a
V  [libjvm.dylib+0x34aae5]  thread_entry(JavaThread*, Thread*)+0x7c
V  [libjvm.dylib+0x56edef]  JavaThread::thread_main_inner()+0x9b
V  [libjvm.dylib+0x5704ea]  JavaThread::run()+0x1c2
V  [libjvm.dylib+0x48d83a]  java_start(Thread*)+0xf6
C  [libsystem_pthread.dylib+0x3661]  _pthread_body+0x154
C  [libsystem_pthread.dylib+0x350d]  _pthread_body+0x0
C  [libsystem_pthread.dylib+0x2bf9]  thread_start+0xd
C  0x0000000000000000

Java frames: (J=compiled Java code, j=interpreted, Vv=VM code)
j  org.lwjgl.opengl.GL12.nglDrawRangeElementsBO(IIIIIJJ)V+0
j  org.lwjgl.opengl.GL12.glDrawRangeElements(IIIIIJ)V+32
j  de.pueski.jrhythm.util.VBOUtils.renderRange(IIIIIIIII)V+104
j  de.pueski.jrhythm.objects.Mesh.drawVBO()V+258
j  de.pueski.jrhythm.objects.Mesh.draw()V+1
j  de.pueski.jrhythm.scene.AbstractScene.drawChildren(Lde/pueski/jrhythm/objects/SceneNode;)V+46
j  de.pueski.jrhythm.scene.VehicleScene.genLists()V+23
j  de.pueski.jrhythm.scene.AbstractScene.<init>(Ljava/lang/String;)V+128
j  de.pueski.jrhythm.scene.VehicleScene.<init>(Ljava/lang/String;)V+2
j  de.pueski.jrhythm.core.Game.init()V+105
j  de.pueski.jrhythm.core.JRhythm.run(Lorg/lwjgl/opengl/DisplayMode;ZZ)V+26
j  de.pueski.jrhythm.core.JRhythm$4.actionPerformed(Ljava/awt/event/ActionEvent;)V+98
j  javax.swing.AbstractButton.fireActionPerformed(Ljava/awt/event/ActionEvent;)V+83
j  javax.swing.AbstractButton$Handler.actionPerformed(Ljava/awt/event/ActionEvent;)V+5
j  javax.swing.DefaultButtonModel.fireActionPerformed(Ljava/awt/event/ActionEvent;)V+34
j  javax.swing.DefaultButtonModel.setPressed(Z)V+117
j  javax.swing.plaf.basic.BasicButtonListener.mouseReleased(Ljava/awt/event/MouseEvent;)V+35
j  java.awt.Component.processMouseEvent(Ljava/awt/event/MouseEvent;)V+64
j  javax.swing.JComponent.processMouseEvent(Ljava/awt/event/MouseEvent;)V+23
j  java.awt.Component.processEvent(Ljava/awt/AWTEvent;)V+81
j  java.awt.Container.processEvent(Ljava/awt/AWTEvent;)V+18
j  java.awt.Component.dispatchEventImpl(Ljava/awt/AWTEvent;)V+589
J 945 C1 java.awt.Container.dispatchEventImpl(Ljava/awt/AWTEvent;)V (129 bytes) @ 0x0000000115c8bb6c [0x0000000115c8ba20+0x14c]
J 944 C1 java.awt.Component.dispatchEvent(Ljava/awt/AWTEvent;)V (6 bytes) @ 0x0000000115c8b654 [0x0000000115c8b540+0x114]
j  java.awt.LightweightDispatcher.retargetMouseEvent(Ljava/awt/Component;ILjava/awt/event/MouseEvent;)V+327
j  java.awt.LightweightDispatcher.processMouseEvent(Ljava/awt/event/MouseEvent;)Z+155
j  java.awt.LightweightDispatcher.dispatchEvent(Ljava/awt/AWTEvent;)Z+50
J 945 C1 java.awt.Container.dispatchEventImpl(Ljava/awt/AWTEvent;)V (129 bytes) @ 0x0000000115c8bb0c [0x0000000115c8ba20+0xec]
j  java.awt.Window.dispatchEventImpl(Ljava/awt/AWTEvent;)V+19
J 944 C1 java.awt.Component.dispatchEvent(Ljava/awt/AWTEvent;)V (6 bytes) @ 0x0000000115c8b654 [0x0000000115c8b540+0x114]
j  java.awt.EventQueue.dispatchEventImpl(Ljava/awt/AWTEvent;Ljava/lang/Object;)V+41
j  java.awt.EventQueue.access$500(Ljava/awt/EventQueue;Ljava/awt/AWTEvent;Ljava/lang/Object;)V+3
j  java.awt.EventQueue$3.run()Ljava/lang/Void;+32
j  java.awt.EventQueue$3.run()Ljava/lang/Object;+1
v  ~StubRoutines::call_stub
J 667  java.security.AccessController.doPrivileged(Ljava/security/PrivilegedAction;Ljava/security/AccessControlContext;)Ljava/lang/Object; (0 bytes) @ 0x0000000115c03063 [0x0000000115c03000+0x63]
J 912 C1 java.awt.EventQueue$4.run()Ljava/lang/Object; (5 bytes) @ 0x0000000115c7b264 [0x0000000115c7ae20+0x444]
v  ~StubRoutines::call_stub
J 667  java.security.AccessController.doPrivileged(Ljava/security/PrivilegedAction;Ljava/security/AccessControlContext;)Ljava/lang/Object; (0 bytes) @ 0x0000000115c03063 [0x0000000115c03000+0x63]
J 906 C1 java.awt.EventQueue.dispatchEvent(Ljava/awt/AWTEvent;)V (80 bytes) @ 0x0000000115c75b5c [0x0000000115c74c80+0xedc]
j  java.awt.EventDispatchThread.pumpOneEventForFilters(I)V+245
j  java.awt.EventDispatchThread.pumpEventsForFilter(ILjava/awt/Conditional;Ljava/awt/EventFilter;)V+35
j  java.awt.EventDispatchThread.pumpEventsForHierarchy(ILjava/awt/Conditional;Ljava/awt/Component;)V+11
j  java.awt.EventDispatchThread.pumpEvents(ILjava/awt/Conditional;)V+4
j  java.awt.EventDispatchThread.pumpEvents(Ljava/awt/Conditional;)V+3
j  java.awt.EventDispatchThread.run()V+9
v  ~StubRoutines::call_stub

---------------  P R O C E S S  ---------------

Java Threads: ( => current thread )
  0x00007f8915c03000 JavaThread "DestroyJavaVM" [_thread_blocked, id=9987, stack(0x0000700005a98000,0x0000700005b98000)]
=>0x00007f8917a34000 JavaThread "AWT-EventQueue-0" [_thread_in_native, id=74755, stack(0x00007000078fb000,0x00007000079fb000)]
  0x00007f8918aba800 JavaThread "Image Fetcher 0" daemon [_thread_blocked, id=75019, stack(0x00007000077f8000,0x00007000078f8000)]
  0x00007f8917092000 JavaThread "Timer-0" daemon [_thread_blocked, id=75523, stack(0x00007000076f5000,0x00007000077f5000)]
  0x00007f8915a5e800 JavaThread "Java2D Disposer" daemon [_thread_blocked, id=75791, stack(0x00007000075f2000,0x00007000076f2000)]
  0x00007f8917a0a800 JavaThread "Java2D Queue Flusher" daemon [_thread_blocked, id=58631, stack(0x00007000074ef000,0x00007000075ef000)]
  0x00007f891709a800 JavaThread "AWT-Shutdown" [_thread_blocked, id=37163, stack(0x000070000715d000,0x000070000725d000)]
  0x00007f891709c800 JavaThread "AppKit Thread" daemon [_thread_in_native, id=775, stack(0x00007ffee5998000,0x00007ffee6198000)]
  0x00007f8919822800 JavaThread "Service Thread" daemon [_thread_blocked, id=43267, stack(0x0000700006ed4000,0x0000700006fd4000)]
  0x00007f8915857000 JavaThread "C1 CompilerThread3" daemon [_thread_blocked, id=21763, stack(0x0000700006dd1000,0x0000700006ed1000)]
  0x00007f8919809800 JavaThread "C2 CompilerThread2" daemon [_thread_blocked, id=16643, stack(0x0000700006cce000,0x0000700006dce000)]
  0x00007f8917024000 JavaThread "C2 CompilerThread1" daemon [_thread_blocked, id=16899, stack(0x0000700006bcb000,0x0000700006ccb000)]
  0x00007f8917023000 JavaThread "C2 CompilerThread0" daemon [_thread_in_native, id=15619, stack(0x0000700006ac8000,0x0000700006bc8000)]
  0x00007f8916013000 JavaThread "JDWP Command Reader" daemon [_thread_in_native, id=17155, stack(0x00007000069c5000,0x0000700006ac5000)]
  0x00007f8917022800 JavaThread "JDWP Event Helper Thread" daemon [_thread_blocked, id=15107, stack(0x00007000068c2000,0x00007000069c2000)]
  0x00007f8917021800 JavaThread "JDWP Transport Listener: dt_socket" daemon [_thread_blocked, id=14599, stack(0x00007000067bf000,0x00007000068bf000)]
  0x00007f891701e000 JavaThread "Signal Dispatcher" daemon [_thread_blocked, id=17671, stack(0x00007000066bc000,0x00007000067bc000)]
  0x00007f8917008800 JavaThread "Finalizer" daemon [_thread_blocked, id=19971, stack(0x00007000065b9000,0x00007000066b9000)]
  0x00007f8917001000 JavaThread "Reference Handler" daemon [_thread_blocked, id=20227, stack(0x00007000064b6000,0x00007000065b6000)]

Other Threads:
  0x00007f891881b800 VMThread [stack: 0x00007000063b3000,0x00007000064b3000] [id=12803]
  0x00007f891883c000 WatcherThread [stack: 0x0000700006fd7000,0x00007000070d7000] [id=43011]

VM state:not at safepoint (normal execution)

VM Mutex/Monitor currently owned by a thread: None

Heap:
 PSYoungGen      total 244224K, used 6736K [0x000000076ab00000, 0x000000077e280000, 0x00000007c0000000)
  eden space 229888K, 1% used [0x000000076ab00000,0x000000076af67200,0x0000000778b80000)
  from space 14336K, 15% used [0x000000077d480000,0x000000077d6ad010,0x000000077e280000)
  to   space 44544K, 0% used [0x0000000778b80000,0x0000000778b80000,0x000000077b700000)
 ParOldGen       total 273920K, used 70207K [0x00000006c0000000, 0x00000006d0b80000, 0x000000076ab00000)
  object space 273920K, 25% used [0x00000006c0000000,0x00000006c448fd48,0x00000006d0b80000)
 Metaspace       used 17699K, capacity 18059K, committed 18176K, reserved 1064960K
  class space    used 2126K, capacity 2243K, committed 2304K, reserved 1048576K

Card table byte_map: [0x000000010bf6e000,0x000000010c76f000] byte_map_base: 0x000000010896e000

Marking Bits: (ParMarkBitMap*) 0x000000010b4f76c0
 Begin Bits: [0x000000010ccc5000, 0x0000000110cc5000)
 End Bits:   [0x0000000110cc5000, 0x0000000114cc5000)

Polling page: 0x0000000109aed000

CodeCache: size=245760Kb used=5578Kb max_used=5591Kb free=240181Kb
 bounds [0x0000000115925000, 0x0000000115ea5000, 0x0000000124925000]
 total_blobs=2260 nmethods=1610 adapters=571
 compilation: enabled

Compilation events (10 events):
Event: 7.058 Thread 0x00007f8919809800 nmethod 1609 0x0000000115e7de90 code [0x0000000115e7dfe0, 0x0000000115e7e138]
Event: 7.058 Thread 0x00007f8919809800 1601       4       java.lang.Float::parseFloat (5 bytes)
Event: 7.059 Thread 0x00007f8917024000 nmethod 1635 0x0000000115e83dd0 code [0x0000000115e83f20, 0x0000000115e83fd8]
Event: 7.059 Thread 0x00007f8917024000 1634       4       java.nio.Buffer::flip (20 bytes)
Event: 7.059 Thread 0x00007f8917024000 nmethod 1634 0x0000000115e833d0 code [0x0000000115e83520, 0x0000000115e83598]
Event: 7.059 Thread 0x00007f8919809800 nmethod 1601 0x0000000115e9ae50 code [0x0000000115e9afc0, 0x0000000115e9b098]
Event: 7.062 Thread 0x00007f8915857000 1636       3       org.lwjgl.opengl.StateTracker::getReferences (11 bytes)
Event: 7.063 Thread 0x00007f8915857000 nmethod 1636 0x0000000115e85150 code [0x0000000115e852c0, 0x0000000115e854b0]
Event: 7.063 Thread 0x00007f8915857000 1637       3       org.lwjgl.opengl.ReferencesStack::getReferences (10 bytes)
Event: 7.063 Thread 0x00007f8915857000 nmethod 1637 0x0000000115e84d50 code [0x0000000115e84ec0, 0x0000000115e85050]

GC Heap History (10 events):
Event: 6.553 GC heap before
{Heap before GC invocations=4 (full 0):
 PSYoungGen      total 76288K, used 75812K [0x000000076ab00000, 0x0000000774000000, 0x00000007c0000000)
  eden space 65536K, 100% used [0x000000076ab00000,0x000000076eb00000,0x000000076eb00000)
  from space 10752K, 95% used [0x000000076eb00000,0x000000076f509150,0x000000076f580000)
  to   space 10752K, 0% used [0x0000000773580000,0x0000000773580000,0x0000000774000000)
 ParOldGen       total 175104K, used 88013K [0x00000006c0000000, 0x00000006cab00000, 0x000000076ab00000)
  object space 175104K, 50% used [0x00000006c0000000,0x00000006c55f3688,0x00000006cab00000)
 Metaspace       used 17676K, capacity 18059K, committed 18176K, reserved 1064960K
  class space    used 2126K, capacity 2243K, committed 2304K, reserved 1048576K
Event: 6.567 GC heap after
Heap after GC invocations=4 (full 0):
 PSYoungGen      total 141824K, used 10260K [0x000000076ab00000, 0x0000000774000000, 0x00000007c0000000)
  eden space 131072K, 0% used [0x000000076ab00000,0x000000076ab00000,0x0000000772b00000)
  from space 10752K, 95% used [0x0000000773580000,0x0000000773f85140,0x0000000774000000)
  to   space 10752K, 0% used [0x0000000772b00000,0x0000000772b00000,0x0000000773580000)
 ParOldGen       total 175104K, used 140237K [0x00000006c0000000, 0x00000006cab00000, 0x000000076ab00000)
  object space 175104K, 80% used [0x00000006c0000000,0x00000006c88f36c8,0x00000006cab00000)
 Metaspace       used 17676K, capacity 18059K, committed 18176K, reserved 1064960K
  class space    used 2126K, capacity 2243K, committed 2304K, reserved 1048576K
}
Event: 6.567 GC heap before
{Heap before GC invocations=5 (full 1):
 PSYoungGen      total 141824K, used 10260K [0x000000076ab00000, 0x0000000774000000, 0x00000007c0000000)
  eden space 131072K, 0% used [0x000000076ab00000,0x000000076ab00000,0x0000000772b00000)
  from space 10752K, 95% used [0x0000000773580000,0x0000000773f85140,0x0000000774000000)
  to   space 10752K, 0% used [0x0000000772b00000,0x0000000772b00000,0x0000000773580000)
 ParOldGen       total 175104K, used 140237K [0x00000006c0000000, 0x00000006cab00000, 0x000000076ab00000)
  object space 175104K, 80% used [0x00000006c0000000,0x00000006c88f36c8,0x00000006cab00000)
 Metaspace       used 17676K, capacity 18059K, committed 18176K, reserved 1064960K
  class space    used 2126K, capacity 2243K, committed 2304K, reserved 1048576K
Event: 6.583 GC heap after
Heap after GC invocations=5 (full 1):
 PSYoungGen      total 141824K, used 0K [0x000000076ab00000, 0x0000000774000000, 0x00000007c0000000)
  eden space 131072K, 0% used [0x000000076ab00000,0x000000076ab00000,0x0000000772b00000)
  from space 10752K, 0% used [0x0000000773580000,0x0000000773580000,0x0000000774000000)
  to   space 10752K, 0% used [0x0000000772b00000,0x0000000772b00000,0x0000000773580000)
 ParOldGen       total 180736K, used 37436K [0x00000006c0000000, 0x00000006cb080000, 0x000000076ab00000)
  object space 180736K, 20% used [0x00000006c0000000,0x00000006c248f070,0x00000006cb080000)
 Metaspace       used 17676K, capacity 18059K, committed 18176K, reserved 1064960K
  class space    used 2126K, capacity 2243K, committed 2304K, reserved 1048576K
}
Event: 6.866 GC heap before
{Heap before GC invocations=6 (full 1):
 PSYoungGen      total 141824K, used 131072K [0x000000076ab00000, 0x0000000774000000, 0x00000007c0000000)
  eden space 131072K, 100% used [0x000000076ab00000,0x0000000772b00000,0x0000000772b00000)
  from space 10752K, 0% used [0x0000000773580000,0x0000000773580000,0x0000000774000000)
  to   space 10752K, 0% used [0x0000000772b00000,0x0000000772b00000,0x0000000773580000)
 ParOldGen       total 180736K, used 37436K [0x00000006c0000000, 0x00000006cb080000, 0x000000076ab00000)
  object space 180736K, 20% used [0x00000006c0000000,0x00000006c248f070,0x00000006cb080000)
 Metaspace       used 17676K, capacity 18059K, committed 18176K, reserved 1064960K
  class space    used 2126K, capacity 2243K, committed 2304K, reserved 1048576K
Event: 6.878 GC heap after
Heap after GC invocations=6 (full 1):
 PSYoungGen      total 141824K, used 224K [0x000000076ab00000, 0x0000000780180000, 0x00000007c0000000)
  eden space 131072K, 0% used [0x000000076ab00000,0x000000076ab00000,0x0000000772b00000)
  from space 10752K, 2% used [0x0000000772b00000,0x0000000772b38000,0x0000000773580000)
  to   space 46080K, 0% used [0x000000077d480000,0x000000077d480000,0x0000000780180000)
 ParOldGen       total 180736K, used 152124K [0x00000006c0000000, 0x00000006cb080000, 0x000000076ab00000)
  object space 180736K, 84% used [0x00000006c0000000,0x00000006c948f0e0,0x00000006cb080000)
 Metaspace       used 17676K, capacity 18059K, committed 18176K, reserved 1064960K
  class space    used 2126K, capacity 2243K, committed 2304K, reserved 1048576K
}
Event: 6.878 GC heap before
{Heap before GC invocations=7 (full 2):
 PSYoungGen      total 141824K, used 224K [0x000000076ab00000, 0x0000000780180000, 0x00000007c0000000)
  eden space 131072K, 0% used [0x000000076ab00000,0x000000076ab00000,0x0000000772b00000)
  from space 10752K, 2% used [0x0000000772b00000,0x0000000772b38000,0x0000000773580000)
  to   space 46080K, 0% used [0x000000077d480000,0x000000077d480000,0x0000000780180000)
 ParOldGen       total 180736K, used 152124K [0x00000006c0000000, 0x00000006cb080000, 0x000000076ab00000)
  object space 180736K, 84% used [0x00000006c0000000,0x00000006c948f0e0,0x00000006cb080000)
 Metaspace       used 17676K, capacity 18059K, committed 18176K, reserved 1064960K
  class space    used 2126K, capacity 2243K, committed 2304K, reserved 1048576K
Event: 6.890 GC heap after
Heap after GC invocations=7 (full 2):
 PSYoungGen      total 141824K, used 0K [0x000000076ab00000, 0x0000000780180000, 0x00000007c0000000)
  eden space 131072K, 0% used [0x000000076ab00000,0x000000076ab00000,0x0000000772b00000)
  from space 10752K, 0% used [0x0000000772b00000,0x0000000772b00000,0x0000000773580000)
  to   space 46080K, 0% used [0x000000077d480000,0x000000077d480000,0x0000000780180000)
 ParOldGen       total 273920K, used 70207K [0x00000006c0000000, 0x00000006d0b80000, 0x000000076ab00000)
  object space 273920K, 25% used [0x00000006c0000000,0x00000006c448fd48,0x00000006d0b80000)
 Metaspace       used 17676K, capacity 18059K, committed 18176K, reserved 1064960K
  class space    used 2126K, capacity 2243K, committed 2304K, reserved 1048576K
}
Event: 7.046 GC heap before
{Heap before GC invocations=8 (full 2):
 PSYoungGen      total 141824K, used 131072K [0x000000076ab00000, 0x0000000780180000, 0x00000007c0000000)
  eden space 131072K, 100% used [0x000000076ab00000,0x0000000772b00000,0x0000000772b00000)
  from space 10752K, 0% used [0x0000000772b00000,0x0000000772b00000,0x0000000773580000)
  to   space 46080K, 0% used [0x000000077d480000,0x000000077d480000,0x0000000780180000)
 ParOldGen       total 273920K, used 70207K [0x00000006c0000000, 0x00000006d0b80000, 0x000000076ab00000)
  object space 273920K, 25% used [0x00000006c0000000,0x00000006c448fd48,0x00000006d0b80000)
 Metaspace       used 17678K, capacity 18059K, committed 18176K, reserved 1064960K
  class space    used 2126K, capacity 2243K, committed 2304K, reserved 1048576K
Event: 7.048 GC heap after
Heap after GC invocations=8 (full 2):
 PSYoungGen      total 244224K, used 2228K [0x000000076ab00000, 0x000000077e280000, 0x00000007c0000000)
  eden space 229888K, 0% used [0x000000076ab00000,0x000000076ab00000,0x0000000778b80000)
  from space 14336K, 15% used [0x000000077d480000,0x000000077d6ad010,0x000000077e280000)
  to   space 44544K, 0% used [0x0000000778b80000,0x0000000778b80000,0x000000077b700000)
 ParOldGen       total 273920K, used 70207K [0x00000006c0000000, 0x00000006d0b80000, 0x000000076ab00000)
  object space 273920K, 25% used [0x00000006c0000000,0x00000006c448fd48,0x00000006d0b80000)
 Metaspace       used 17678K, capacity 18059K, committed 18176K, reserved 1064960K
  class space    used 2126K, capacity 2243K, committed 2304K, reserved 1048576K
}

Deoptimization events (10 events):
Event: 6.099 Thread 0x00007f8917a34000 Uncommon trap: reason=unstable_if action=reinterpret pc=0x0000000115d6141c method=java.awt.image.ComponentColorModel.getDataElements(ILjava/lang/Object;)Ljava/lang/Object; @ 30
Event: 6.127 Thread 0x00007f8917a34000 Uncommon trap: reason=unstable_if action=reinterpret pc=0x0000000115d98124 method=java.awt.image.ComponentColorModel.getDataElements(ILjava/lang/Object;)Ljava/lang/Object; @ 2085
Event: 6.127 Thread 0x00007f8917a34000 Uncommon trap: reason=unstable_if action=reinterpret pc=0x0000000115d4e4dc method=java.awt.image.ComponentColorModel.getAlpha(Ljava/lang/Object;)I @ 4
Event: 6.127 Thread 0x00007f8917a34000 Uncommon trap: reason=unstable_if action=reinterpret pc=0x0000000115d4c170 method=java.awt.image.ComponentColorModel.extractComponent(Ljava/lang/Object;II)I @ 4
Event: 6.127 Thread 0x00007f8917a34000 Uncommon trap: reason=unstable_if action=reinterpret pc=0x0000000115d50f50 method=java.awt.image.ComponentColorModel.getAlpha(Ljava/lang/Object;)I @ 4
Event: 7.004 Thread 0x00007f8917a34000 Uncommon trap: reason=unstable_if action=reinterpret pc=0x0000000115e2b120 method=java.io.BufferedReader.readLine(Z)Ljava/lang/String; @ 137
Event: 7.026 Thread 0x00007f8917a34000 Uncommon trap: reason=array_check action=maybe_recompile pc=0x0000000115e80cf8 method=java.util.AbstractCollection.toArray([Ljava/lang/Object;)[Ljava/lang/Object; @ 119
Event: 7.026 Thread 0x00007f8917a34000 Uncommon trap: reason=array_check action=maybe_recompile pc=0x0000000115e80cf8 method=java.util.AbstractCollection.toArray([Ljava/lang/Object;)[Ljava/lang/Object; @ 119
Event: 7.026 Thread 0x00007f8917a34000 Uncommon trap: reason=array_check action=maybe_recompile pc=0x0000000115e80cf8 method=java.util.AbstractCollection.toArray([Ljava/lang/Object;)[Ljava/lang/Object; @ 119
Event: 7.026 Thread 0x00007f8917a34000 Uncommon trap: reason=array_check action=maybe_recompile pc=0x0000000115e80cf8 method=java.util.AbstractCollection.toArray([Ljava/lang/Object;)[Ljava/lang/Object; @ 119

Classes redefined (0 events):
No events

Internal exceptions (10 events):
Event: 0.187 Thread 0x00007f8917801800 Exception <a 'java/lang/ClassNotFoundException': org/apache/log4j/RollingFileAppenderBeanInfo> (0x000000076b192218) thrown at [/Users/java_re/workspace/8-2-build-macosx-x86_64/jdk8u161/10277/hotspot/src/share/vm/classfile/systemDictionary.cpp, line 210]
Event: 0.187 Thread 0x00007f8917801800 Exception <a 'java/lang/ClassNotFoundException': org/apache/log4j/FileAppenderBeanInfo> (0x000000076b19ac70) thrown at [/Users/java_re/workspace/8-2-build-macosx-x86_64/jdk8u161/10277/hotspot/src/share/vm/classfile/systemDictionary.cpp, line 210]
Event: 0.187 Thread 0x00007f8917801800 Exception <a 'java/lang/ClassNotFoundException': org/apache/log4j/FileAppenderCustomizer> (0x000000076b1a3890) thrown at [/Users/java_re/workspace/8-2-build-macosx-x86_64/jdk8u161/10277/hotspot/src/share/vm/classfile/systemDictionary.cpp, line 210]
Event: 0.188 Thread 0x00007f8917801800 Exception <a 'java/lang/ClassNotFoundException': org/apache/log4j/RollingFileAppenderCustomizer> (0x000000076b1b9aa0) thrown at [/Users/java_re/workspace/8-2-build-macosx-x86_64/jdk8u161/10277/hotspot/src/share/vm/classfile/systemDictionary.cpp, line 210]
Event: 0.216 Thread 0x00007f8917801800 Exception <a 'java/lang/NoSuchFieldError': method resolution failed> (0x000000076b2a41a8) thrown at [/Users/java_re/workspace/8-2-build-macosx-x86_64/jdk8u161/10277/hotspot/src/share/vm/prims/methodHandles.cpp, line 1167]
Event: 0.218 Thread 0x00007f8917801800 Exception <a 'java/lang/NoSuchFieldError': method resolution failed> (0x000000076b2b18d0) thrown at [/Users/java_re/workspace/8-2-build-macosx-x86_64/jdk8u161/10277/hotspot/src/share/vm/prims/methodHandles.cpp, line 1167]
Event: 3.259 Thread 0x00007f8917801800 Exception <a 'java/io/FileNotFoundException'> (0x000000076b32c130) thrown at [/Users/java_re/workspace/8-2-build-macosx-x86_64/jdk8u161/10277/hotspot/src/share/vm/prims/jni.cpp, line 709]
Event: 3.259 Thread 0x00007f8917801800 Exception <a 'java/io/FileNotFoundException'> (0x000000076b32cc90) thrown at [/Users/java_re/workspace/8-2-build-macosx-x86_64/jdk8u161/10277/hotspot/src/share/vm/prims/jni.cpp, line 709]
Event: 3.401 Thread 0x00007f8917801800 Exception <a 'java/io/FileNotFoundException'> (0x000000076b7c4c98) thrown at [/Users/java_re/workspace/8-2-build-macosx-x86_64/jdk8u161/10277/hotspot/src/share/vm/prims/jni.cpp, line 709]
Event: 5.655 Thread 0x00007f8917a34000 Exception <a 'org/lwjgl/LWJGLException': Could not create pixel format> (0x000000076bfb51e8) thrown at [/Users/java_re/workspace/8-2-build-macosx-x86_64/jdk8u161/10277/hotspot/src/share/vm/prims/jni.cpp, line 735]

Events (10 events):
Event: 7.046 Executing VM operation: ParallelGCFailedAllocation
Event: 7.048 Executing VM operation: ParallelGCFailedAllocation done
Event: 7.060 loading class org/lwjgl/opengl/GL12
Event: 7.060 loading class org/lwjgl/opengl/GL12 done
Event: 7.060 Thread 0x00007f8917a34000 DEOPT PACKING pc=0x0000000115b69e71 sp=0x00007000079f6aa0
Event: 7.060 Thread 0x00007f8917a34000 DEOPT UNPACKING pc=0x000000011596c784 sp=0x00007000079f6810 mode 1
Event: 7.061 Thread 0x00007f8917a34000 DEOPT PACKING pc=0x0000000115a82a54 sp=0x00007000079f6b20
Event: 7.061 Thread 0x00007f8917a34000 DEOPT UNPACKING pc=0x000000011596c784 sp=0x00007000079f6960 mode 1
Event: 7.061 Thread 0x00007f8917a34000 DEOPT PACKING pc=0x0000000115a827f4 sp=0x00007000079f6cb0
Event: 7.061 Thread 0x00007f8917a34000 DEOPT UNPACKING pc=0x000000011596c784 sp=0x00007000079f6af0 mode 1


Dynamic libraries:
0x0000000007a9f000 	/System/Library/Frameworks/Cocoa.framework/Versions/A/Cocoa
0x0000000007a9f000 	/System/Library/Frameworks/Security.framework/Versions/A/Security
0x0000000007a9f000 	/System/Library/Frameworks/ApplicationServices.framework/Versions/A/ApplicationServices
0x0000000007a9f000 	/usr/lib/libz.1.dylib
0x0000000007a9f000 	/usr/lib/libSystem.B.dylib
0x0000000007a9f000 	/usr/lib/libobjc.A.dylib
0x0000000007a9f000 	/System/Library/Frameworks/CoreFoundation.framework/Versions/A/CoreFoundation
0x0000000007a9f000 	/System/Library/Frameworks/Foundation.framework/Versions/C/Foundation
0x0000000007a9f000 	/System/Library/Frameworks/AppKit.framework/Versions/C/AppKit
0x0000000007a9f000 	/System/Library/Frameworks/CoreData.framework/Versions/A/CoreData
0x0000000007a9f000 	/System/Library/PrivateFrameworks/RemoteViewServices.framework/Versions/A/RemoteViewServices
0x0000000007a9f000 	/System/Library/PrivateFrameworks/UIFoundation.framework/Versions/A/UIFoundation
0x0000000007a9f000 	/System/Library/PrivateFrameworks/DFRFoundation.framework/Versions/A/DFRFoundation
0x0000000007a9f000 	/System/Library/Frameworks/Metal.framework/Versions/A/Metal
0x0000000007a9f000 	/System/Library/PrivateFrameworks/DesktopServicesPriv.framework/Versions/A/DesktopServicesPriv
0x0000000007a9f000 	/usr/lib/libenergytrace.dylib
0x0000000007a9f000 	/System/Library/PrivateFrameworks/SkyLight.framework/Versions/A/SkyLight
0x0000000007a9f000 	/System/Library/Frameworks/CoreGraphics.framework/Versions/A/CoreGraphics
0x0000000007a9f000 	/usr/lib/libScreenReader.dylib
0x0000000007a9f000 	/System/Library/Frameworks/Accelerate.framework/Versions/A/Accelerate
0x0000000007a9f000 	/System/Library/Frameworks/IOSurface.framework/Versions/A/IOSurface
0x0000000007a9f000 	/System/Library/Frameworks/AudioToolbox.framework/Versions/A/AudioToolbox
0x0000000007a9f000 	/System/Library/Frameworks/AudioUnit.framework/Versions/A/AudioUnit
0x0000000007a9f000 	/System/Library/PrivateFrameworks/DataDetectorsCore.framework/Versions/A/DataDetectorsCore
0x0000000007a9f000 	/System/Library/Frameworks/Carbon.framework/Versions/A/Frameworks/HIToolbox.framework/Versions/A/HIToolbox
0x0000000007a9f000 	/usr/lib/libicucore.A.dylib
0x0000000007a9f000 	/System/Library/Frameworks/QuartzCore.framework/Versions/A/QuartzCore
0x0000000007a9f000 	/System/Library/PrivateFrameworks/SignpostNotification.framework/Versions/A/SignpostNotification
0x0000000007a9f000 	/System/Library/Frameworks/Carbon.framework/Versions/A/Frameworks/SpeechRecognition.framework/Versions/A/SpeechRecognition
0x0000000007a9f000 	/usr/lib/libauto.dylib
0x0000000007a9f000 	/usr/lib/libxml2.2.dylib
0x0000000007a9f000 	/System/Library/PrivateFrameworks/CoreUI.framework/Versions/A/CoreUI
0x0000000007a9f000 	/System/Library/Frameworks/CoreAudio.framework/Versions/A/CoreAudio
0x0000000007a9f000 	/System/Library/Frameworks/DiskArbitration.framework/Versions/A/DiskArbitration
0x0000000007a9f000 	/usr/lib/liblangid.dylib
0x0000000007a9f000 	/System/Library/PrivateFrameworks/MultitouchSupport.framework/Versions/A/MultitouchSupport
0x0000000007a9f000 	/System/Library/Frameworks/IOKit.framework/Versions/A/IOKit
0x0000000007a9f000 	/usr/lib/libDiagnosticMessagesClient.dylib
0x0000000007a9f000 	/System/Library/Frameworks/CoreServices.framework/Versions/A/CoreServices
0x0000000007a9f000 	/System/Library/PrivateFrameworks/PerformanceAnalysis.framework/Versions/A/PerformanceAnalysis
0x0000000007a9f000 	/System/Library/Frameworks/OpenGL.framework/Versions/A/OpenGL
0x0000000007a9f000 	/System/Library/Frameworks/ColorSync.framework/Versions/A/ColorSync
0x0000000007a9f000 	/System/Library/Frameworks/CoreImage.framework/Versions/A/CoreImage
0x0000000007a9f000 	/System/Library/Frameworks/CoreText.framework/Versions/A/CoreText
0x0000000007a9f000 	/System/Library/Frameworks/ImageIO.framework/Versions/A/ImageIO
0x0000000007a9f000 	/System/Library/PrivateFrameworks/Backup.framework/Versions/A/Backup
0x0000000007a9f000 	/usr/lib/libarchive.2.dylib
0x0000000007a9f000 	/System/Library/Frameworks/CFNetwork.framework/Versions/A/CFNetwork
0x0000000007a9f000 	/System/Library/Frameworks/SystemConfiguration.framework/Versions/A/SystemConfiguration
0x0000000007a9f000 	/usr/lib/libCRFSuite.dylib
0x0000000007a9f000 	/usr/lib/libc++.1.dylib
0x0000000007a9f000 	/usr/lib/libc++abi.dylib
0x0000000007a9f000 	/usr/lib/system/libcache.dylib
0x0000000007a9f000 	/usr/lib/system/libcommonCrypto.dylib
0x0000000007a9f000 	/usr/lib/system/libcompiler_rt.dylib
0x0000000007a9f000 	/usr/lib/system/libcopyfile.dylib
0x0000000007a9f000 	/usr/lib/system/libcorecrypto.dylib
0x0000000007a9f000 	/usr/lib/system/libdispatch.dylib
0x0000000007a9f000 	/usr/lib/system/libdyld.dylib
0x0000000007a9f000 	/usr/lib/system/libkeymgr.dylib
0x0000000007a9f000 	/usr/lib/system/liblaunch.dylib
0x0000000007a9f000 	/usr/lib/system/libmacho.dylib
0x0000000007a9f000 	/usr/lib/system/libquarantine.dylib
0x0000000007a9f000 	/usr/lib/system/libremovefile.dylib
0x0000000007a9f000 	/usr/lib/system/libsystem_asl.dylib
0x0000000007a9f000 	/usr/lib/system/libsystem_blocks.dylib
0x0000000007a9f000 	/usr/lib/system/libsystem_c.dylib
0x0000000007a9f000 	/usr/lib/system/libsystem_configuration.dylib
0x0000000007a9f000 	/usr/lib/system/libsystem_coreservices.dylib
0x0000000007a9f000 	/usr/lib/system/libsystem_darwin.dylib
0x0000000007a9f000 	/usr/lib/system/libsystem_dnssd.dylib
0x0000000007a9f000 	/usr/lib/system/libsystem_info.dylib
0x0000000007a9f000 	/usr/lib/system/libsystem_m.dylib
0x0000000007a9f000 	/usr/lib/system/libsystem_malloc.dylib
0x0000000007a9f000 	/usr/lib/system/libsystem_network.dylib
0x0000000007a9f000 	/usr/lib/system/libsystem_networkextension.dylib
0x0000000007a9f000 	/usr/lib/system/libsystem_notify.dylib
0x0000000007a9f000 	/usr/lib/system/libsystem_sandbox.dylib
0x0000000007a9f000 	/usr/lib/system/libsystem_secinit.dylib
0x0000000007a9f000 	/usr/lib/system/libsystem_kernel.dylib
0x0000000007a9f000 	/usr/lib/system/libsystem_platform.dylib
0x0000000007a9f000 	/usr/lib/system/libsystem_pthread.dylib
0x0000000007a9f000 	/usr/lib/system/libsystem_symptoms.dylib
0x0000000007a9f000 	/usr/lib/system/libsystem_trace.dylib
0x0000000007a9f000 	/usr/lib/system/libunwind.dylib
0x0000000007a9f000 	/usr/lib/system/libxpc.dylib
0x0000000007a9f000 	/usr/lib/closure/libclosured.dylib
0x0000000007a9f000 	/usr/lib/libbsm.0.dylib
0x0000000007a9f000 	/usr/lib/system/libkxld.dylib
0x0000000007a9f000 	/usr/lib/libOpenScriptingUtil.dylib
0x0000000007a9f000 	/usr/lib/libcoretls.dylib
0x0000000007a9f000 	/usr/lib/libcoretls_cfhelpers.dylib
0x0000000007a9f000 	/usr/lib/libpam.2.dylib
0x0000000007a9f000 	/usr/lib/libsqlite3.dylib
0x0000000007a9f000 	/usr/lib/libxar.1.dylib
0x0000000007a9f000 	/usr/lib/libbz2.1.0.dylib
0x0000000007a9f000 	/usr/lib/liblzma.5.dylib
0x0000000007a9f000 	/usr/lib/libnetwork.dylib
0x0000000007a9f000 	/usr/lib/libapple_nghttp2.dylib
0x0000000007a9f000 	/usr/lib/libpcap.A.dylib
0x0000000007a9f000 	/usr/lib/libboringssl.dylib
0x0000000007a9f000 	/usr/lib/libusrtcp.dylib
0x0000000007a9f000 	/usr/lib/libapple_crypto.dylib
0x0000000007a9f000 	/System/Library/Frameworks/CoreServices.framework/Versions/A/Frameworks/FSEvents.framework/Versions/A/FSEvents
0x0000000007a9f000 	/System/Library/Frameworks/CoreServices.framework/Versions/A/Frameworks/CarbonCore.framework/Versions/A/CarbonCore
0x0000000007a9f000 	/System/Library/Frameworks/CoreServices.framework/Versions/A/Frameworks/Metadata.framework/Versions/A/Metadata
0x0000000007a9f000 	/System/Library/Frameworks/CoreServices.framework/Versions/A/Frameworks/OSServices.framework/Versions/A/OSServices
0x0000000007a9f000 	/System/Library/Frameworks/CoreServices.framework/Versions/A/Frameworks/SearchKit.framework/Versions/A/SearchKit
0x0000000007a9f000 	/System/Library/Frameworks/CoreServices.framework/Versions/A/Frameworks/AE.framework/Versions/A/AE
0x0000000007a9f000 	/System/Library/Frameworks/CoreServices.framework/Versions/A/Frameworks/LaunchServices.framework/Versions/A/LaunchServices
0x0000000007a9f000 	/System/Library/Frameworks/CoreServices.framework/Versions/A/Frameworks/DictionaryServices.framework/Versions/A/DictionaryServices
0x0000000007a9f000 	/System/Library/Frameworks/CoreServices.framework/Versions/A/Frameworks/SharedFileList.framework/Versions/A/SharedFileList
0x0000000007a9f000 	/System/Library/Frameworks/NetFS.framework/Versions/A/NetFS
0x0000000007a9f000 	/System/Library/PrivateFrameworks/NetAuth.framework/Versions/A/NetAuth
0x0000000007a9f000 	/System/Library/PrivateFrameworks/login.framework/Versions/A/Frameworks/loginsupport.framework/Versions/A/loginsupport
0x0000000007a9f000 	/System/Library/PrivateFrameworks/TCC.framework/Versions/A/TCC
0x0000000007a9f000 	/usr/lib/libmecabra.dylib
0x0000000007a9f000 	/System/Library/Frameworks/ApplicationServices.framework/Versions/A/Frameworks/ATS.framework/Versions/A/ATS
0x0000000007a9f000 	/System/Library/Frameworks/ApplicationServices.framework/Versions/A/Frameworks/ColorSyncLegacy.framework/Versions/A/ColorSyncLegacy
0x0000000007a9f000 	/System/Library/Frameworks/ApplicationServices.framework/Versions/A/Frameworks/HIServices.framework/Versions/A/HIServices
0x0000000007a9f000 	/System/Library/Frameworks/ApplicationServices.framework/Versions/A/Frameworks/LangAnalysis.framework/Versions/A/LangAnalysis
0x0000000007a9f000 	/System/Library/Frameworks/ApplicationServices.framework/Versions/A/Frameworks/PrintCore.framework/Versions/A/PrintCore
0x0000000007a9f000 	/System/Library/Frameworks/ApplicationServices.framework/Versions/A/Frameworks/QD.framework/Versions/A/QD
0x0000000007a9f000 	/System/Library/Frameworks/ApplicationServices.framework/Versions/A/Frameworks/SpeechSynthesis.framework/Versions/A/SpeechSynthesis
0x0000000007a9f000 	/System/Library/Frameworks/CoreDisplay.framework/Versions/A/CoreDisplay
0x0000000007a9f000 	/System/Library/Frameworks/Accelerate.framework/Versions/A/Frameworks/vImage.framework/Versions/A/vImage
0x0000000007a9f000 	/System/Library/Frameworks/Accelerate.framework/Versions/A/Frameworks/vecLib.framework/Versions/A/vecLib
0x0000000007a9f000 	/System/Library/Frameworks/Accelerate.framework/Versions/A/Frameworks/vecLib.framework/Versions/A/libvDSP.dylib
0x0000000007a9f000 	/System/Library/Frameworks/Accelerate.framework/Versions/A/Frameworks/vecLib.framework/Versions/A/libBNNS.dylib
0x0000000007a9f000 	/System/Library/Frameworks/Accelerate.framework/Versions/A/Frameworks/vecLib.framework/Versions/A/libQuadrature.dylib
0x0000000007a9f000 	/System/Library/Frameworks/Accelerate.framework/Versions/A/Frameworks/vecLib.framework/Versions/A/libvMisc.dylib
0x0000000007a9f000 	/System/Library/Frameworks/Accelerate.framework/Versions/A/Frameworks/vecLib.framework/Versions/A/libLAPACK.dylib
0x0000000007a9f000 	/System/Library/Frameworks/Accelerate.framework/Versions/A/Frameworks/vecLib.framework/Versions/A/libBLAS.dylib
0x0000000007a9f000 	/System/Library/Frameworks/Accelerate.framework/Versions/A/Frameworks/vecLib.framework/Versions/A/libLinearAlgebra.dylib
0x0000000007a9f000 	/System/Library/Frameworks/Accelerate.framework/Versions/A/Frameworks/vecLib.framework/Versions/A/libSparse.dylib
0x0000000007a9f000 	/System/Library/Frameworks/Accelerate.framework/Versions/A/Frameworks/vecLib.framework/Versions/A/libSparseBLAS.dylib
0x0000000007a9f000 	/System/Library/PrivateFrameworks/GPUWrangler.framework/Versions/A/GPUWrangler
0x0000000007a9f000 	/System/Library/PrivateFrameworks/IOAccelerator.framework/Versions/A/IOAccelerator
0x0000000007a9f000 	/System/Library/PrivateFrameworks/IOPresentment.framework/Versions/A/IOPresentment
0x0000000007a9f000 	/System/Library/PrivateFrameworks/DSExternalDisplay.framework/Versions/A/DSExternalDisplay
0x0000000007a9f000 	/System/Library/Frameworks/OpenGL.framework/Versions/A/Libraries/libCoreFSCache.dylib
0x0000000007a9f000 	/System/Library/Frameworks/CoreVideo.framework/Versions/A/CoreVideo
0x0000000007a9f000 	/System/Library/PrivateFrameworks/GraphVisualizer.framework/Versions/A/GraphVisualizer
0x0000000007a9f000 	/System/Library/Frameworks/MetalPerformanceShaders.framework/Versions/A/MetalPerformanceShaders
0x0000000007a9f000 	/usr/lib/libFosl_dynamic.dylib
0x0000000007a9f000 	/System/Library/PrivateFrameworks/FaceCore.framework/Versions/A/FaceCore
0x0000000007a9f000 	/System/Library/Frameworks/OpenCL.framework/Versions/A/OpenCL
0x0000000007a9f000 	/usr/lib/libcompression.dylib
0x0000000007a9f000 	/System/Library/Frameworks/ApplicationServices.framework/Versions/A/Frameworks/ATS.framework/Versions/A/Resources/libFontParser.dylib
0x0000000007a9f000 	/System/Library/Frameworks/ApplicationServices.framework/Versions/A/Frameworks/ATS.framework/Versions/A/Resources/libFontRegistry.dylib
0x0000000007a9f000 	/System/Library/Frameworks/ImageIO.framework/Versions/A/Resources/libJPEG.dylib
0x0000000007a9f000 	/System/Library/Frameworks/ImageIO.framework/Versions/A/Resources/libTIFF.dylib
0x0000000007a9f000 	/System/Library/Frameworks/ImageIO.framework/Versions/A/Resources/libPng.dylib
0x0000000007a9f000 	/System/Library/Frameworks/ImageIO.framework/Versions/A/Resources/libGIF.dylib
0x0000000007a9f000 	/System/Library/Frameworks/ImageIO.framework/Versions/A/Resources/libJP2.dylib
0x0000000007a9f000 	/System/Library/Frameworks/ImageIO.framework/Versions/A/Resources/libRadiance.dylib
0x0000000007a9f000 	/System/Library/PrivateFrameworks/AppleJPEG.framework/Versions/A/AppleJPEG
0x0000000007a9f000 	/System/Library/Frameworks/MetalPerformanceShaders.framework/Frameworks/MPSCore.framework/Versions/A/MPSCore
0x0000000007a9f000 	/System/Library/Frameworks/MetalPerformanceShaders.framework/Frameworks/MPSImage.framework/Versions/A/MPSImage
0x0000000007a9f000 	/System/Library/Frameworks/MetalPerformanceShaders.framework/Frameworks/MPSNeuralNetwork.framework/Versions/A/MPSNeuralNetwork
0x0000000007a9f000 	/System/Library/Frameworks/MetalPerformanceShaders.framework/Frameworks/MPSMatrix.framework/Versions/A/MPSMatrix
0x0000000007a9f000 	/System/Library/PrivateFrameworks/MetalTools.framework/Versions/A/MetalTools
0x0000000007a9f000 	/System/Library/Frameworks/OpenGL.framework/Versions/A/Libraries/libGLU.dylib
0x0000000007a9f000 	/System/Library/Frameworks/OpenGL.framework/Versions/A/Libraries/libGFXShared.dylib
0x0000000007a9f000 	/System/Library/Frameworks/OpenGL.framework/Versions/A/Libraries/libGL.dylib
0x0000000007a9f000 	/System/Library/Frameworks/OpenGL.framework/Versions/A/Libraries/libGLImage.dylib
0x0000000007a9f000 	/System/Library/Frameworks/OpenGL.framework/Versions/A/Libraries/libCVMSPluginSupport.dylib
0x0000000007a9f000 	/System/Library/Frameworks/OpenGL.framework/Versions/A/Libraries/libCoreVMClient.dylib
0x0000000007a9f000 	/usr/lib/libcups.2.dylib
0x0000000007a9f000 	/System/Library/Frameworks/Kerberos.framework/Versions/A/Kerberos
0x0000000007a9f000 	/System/Library/Frameworks/GSS.framework/Versions/A/GSS
0x0000000007a9f000 	/usr/lib/libresolv.9.dylib
0x0000000007a9f000 	/usr/lib/libiconv.2.dylib
0x0000000007a9f000 	/System/Library/PrivateFrameworks/Heimdal.framework/Versions/A/Heimdal
0x0000000007a9f000 	/usr/lib/libheimdal-asn1.dylib
0x0000000007a9f000 	/System/Library/Frameworks/OpenDirectory.framework/Versions/A/OpenDirectory
0x0000000007a9f000 	/System/Library/PrivateFrameworks/CommonAuth.framework/Versions/A/CommonAuth
0x0000000007a9f000 	/System/Library/Frameworks/OpenDirectory.framework/Versions/A/Frameworks/CFOpenDirectory.framework/Versions/A/CFOpenDirectory
0x0000000007a9f000 	/System/Library/Frameworks/SecurityFoundation.framework/Versions/A/SecurityFoundation
0x0000000007a9f000 	/System/Library/PrivateFrameworks/APFS.framework/Versions/A/APFS
0x0000000007a9f000 	/usr/lib/libutil.dylib
0x0000000007a9f000 	/System/Library/PrivateFrameworks/AppleSauce.framework/Versions/A/AppleSauce
0x0000000007a9f000 	/System/Library/PrivateFrameworks/LinguisticData.framework/Versions/A/LinguisticData
0x0000000007a9f000 	/usr/lib/libmarisa.dylib
0x0000000007a9f000 	/System/Library/PrivateFrameworks/Lexicon.framework/Versions/A/Lexicon
0x0000000007a9f000 	/usr/lib/libChineseTokenizer.dylib
0x0000000007a9f000 	/usr/lib/libcmph.dylib
0x0000000007a9f000 	/System/Library/PrivateFrameworks/LanguageModeling.framework/Versions/A/LanguageModeling
0x0000000007a9f000 	/System/Library/PrivateFrameworks/CoreEmoji.framework/Versions/A/CoreEmoji
0x0000000007a9f000 	/System/Library/Frameworks/ServiceManagement.framework/Versions/A/ServiceManagement
0x0000000007a9f000 	/System/Library/PrivateFrameworks/BackgroundTaskManagement.framework/Versions/A/BackgroundTaskManagement
0x0000000007a9f000 	/usr/lib/libxslt.1.dylib
0x0000000007a9f000 	/System/Library/Frameworks/Carbon.framework/Versions/A/Frameworks/Ink.framework/Versions/A/Ink
0x0000000007a9f000 	/System/Library/PrivateFrameworks/TextureIO.framework/Versions/A/TextureIO
0x0000000007a9f000 	/usr/lib/libate.dylib
0x0000000007a9f000 	/System/Library/PrivateFrameworks/CrashReporterSupport.framework/Versions/A/CrashReporterSupport
0x0000000007a9f000 	/System/Library/PrivateFrameworks/Sharing.framework/Versions/A/Sharing
0x0000000007a9f000 	/System/Library/PrivateFrameworks/IconServices.framework/Versions/A/IconServices
0x0000000007a9f000 	/System/Library/PrivateFrameworks/Apple80211.framework/Versions/A/Apple80211
0x0000000007a9f000 	/System/Library/PrivateFrameworks/CoreUtils.framework/Versions/A/CoreUtils
0x0000000007a9f000 	/System/Library/Frameworks/CoreWLAN.framework/Versions/A/CoreWLAN
0x0000000007a9f000 	/System/Library/Frameworks/IOBluetooth.framework/Versions/A/IOBluetooth
0x0000000007a9f000 	/System/Library/PrivateFrameworks/ProtocolBuffer.framework/Versions/A/ProtocolBuffer
0x0000000007a9f000 	/System/Library/PrivateFrameworks/CoreWiFi.framework/Versions/A/CoreWiFi
0x0000000007a9f000 	/System/Library/Frameworks/CoreBluetooth.framework/Versions/A/CoreBluetooth
0x0000000007a9f000 	/System/Library/PrivateFrameworks/DebugSymbols.framework/Versions/A/DebugSymbols
0x0000000007a9f000 	/System/Library/PrivateFrameworks/CoreSymbolication.framework/Versions/A/CoreSymbolication
0x0000000007a9f000 	/System/Library/PrivateFrameworks/Symbolication.framework/Versions/A/Symbolication
0x0000000007a9f000 	/System/Library/PrivateFrameworks/AppleFSCompression.framework/Versions/A/AppleFSCompression
0x0000000007a9f000 	/System/Library/PrivateFrameworks/SpeechRecognitionCore.framework/Versions/A/SpeechRecognitionCore
0x000000010ac00000 	/Library/Java/JavaVirtualMachines/jdk1.8.0_161.jdk/Contents/Home/jre/lib/server/libjvm.dylib
0x0000000007a9f000 	/usr/lib/libstdc++.6.0.9.dylib
0x0000000109aa9000 	/Library/Java/JavaVirtualMachines/jdk1.8.0_161.jdk/Contents/Home/jre/lib/libverify.dylib
0x0000000109ab7000 	/Library/Java/JavaVirtualMachines/jdk1.8.0_161.jdk/Contents/Home/jre/lib/libjava.dylib
0x0000000109aee000 	/Library/Java/JavaVirtualMachines/jdk1.8.0_161.jdk/Contents/Home/jre/lib/libjdwp.dylib
0x0000000109b39000 	/Library/Java/JavaVirtualMachines/jdk1.8.0_161.jdk/Contents/Home/jre/lib/libnpt.dylib
0x0000000109b86000 	/Library/Java/JavaVirtualMachines/jdk1.8.0_161.jdk/Contents/Home/jre/lib/libzip.dylib
0x000000011587d000 	/Library/Java/JavaVirtualMachines/jdk1.8.0_161.jdk/Contents/Home/jre/lib/libdt_socket.dylib
0x00000001287b9000 	/Library/Java/JavaVirtualMachines/jdk1.8.0_161.jdk/Contents/Home/jre/lib/libawt.dylib
0x0000000128863000 	/Library/Java/JavaVirtualMachines/jdk1.8.0_161.jdk/Contents/Home/jre/lib/./libmlib_image.dylib
0x0000000007a9f000 	/System/Library/Frameworks/JavaVM.framework/Versions/A/Frameworks/JavaNativeFoundation.framework/Versions/A/JavaNativeFoundation
0x0000000007a9f000 	/System/Library/Frameworks/JavaVM.framework/Versions/A/Frameworks/JavaRuntimeSupport.framework/Versions/A/JavaRuntimeSupport
0x0000000007a9f000 	/System/Library/Frameworks/JavaVM.framework/Versions/A/JavaVM
0x0000000007a9f000 	/System/Library/PrivateFrameworks/JavaLaunching.framework/Versions/A/JavaLaunching
0x0000000007a9f000 	/System/Library/Frameworks/Carbon.framework/Versions/A/Carbon
0x0000000007a9f000 	/System/Library/Frameworks/Carbon.framework/Versions/A/Frameworks/CommonPanels.framework/Versions/A/CommonPanels
0x0000000007a9f000 	/System/Library/Frameworks/Carbon.framework/Versions/A/Frameworks/Help.framework/Versions/A/Help
0x0000000007a9f000 	/System/Library/Frameworks/Carbon.framework/Versions/A/Frameworks/ImageCapture.framework/Versions/A/ImageCapture
0x0000000007a9f000 	/System/Library/Frameworks/Carbon.framework/Versions/A/Frameworks/OpenScripting.framework/Versions/A/OpenScripting
0x0000000007a9f000 	/System/Library/Frameworks/Carbon.framework/Versions/A/Frameworks/Print.framework/Versions/A/Print
0x0000000007a9f000 	/System/Library/Frameworks/Carbon.framework/Versions/A/Frameworks/SecurityHI.framework/Versions/A/SecurityHI
0x000000012892f000 	/Library/Java/JavaVirtualMachines/jdk1.8.0_161.jdk/Contents/Home/jre/lib/libawt_lwawt.dylib
0x00000001289e9000 	/Library/Java/JavaVirtualMachines/jdk1.8.0_161.jdk/Contents/Home/jre/lib/./libosxapp.dylib
0x0000000007a9f000 	/System/Library/Frameworks/ExceptionHandling.framework/Versions/A/ExceptionHandling
0x0000000007a9f000 	/System/Library/PrivateFrameworks/CoreServicesInternal.framework/Versions/A/CoreServicesInternal
0x0000000007a9f000 	/System/Library/CoreServices/RawCamera.bundle/Contents/MacOS/RawCamera
0x0000000007a9f000 	/System/Library/PrivateFrameworks/MobileAsset.framework/Versions/A/MobileAsset
0x0000000007a9f000 	/System/Library/PrivateFrameworks/StreamingZip.framework/Versions/A/StreamingZip
0x0000000007a9f000 	/System/Library/Frameworks/MediaToolbox.framework/Versions/A/MediaToolbox
0x0000000007a9f000 	/System/Library/PrivateFrameworks/CoreAVCHD.framework/Versions/A/CoreAVCHD
0x0000000007a9f000 	/System/Library/Frameworks/MediaAccessibility.framework/Versions/A/MediaAccessibility
0x0000000007a9f000 	/System/Library/PrivateFrameworks/Mangrove.framework/Versions/A/Mangrove
0x0000000007a9f000 	/System/Library/Frameworks/CoreMedia.framework/Versions/A/CoreMedia
0x0000000007a9f000 	/System/Library/Frameworks/VideoToolbox.framework/Versions/A/VideoToolbox
0x0000000007a9f000 	/System/Library/PrivateFrameworks/CoreAUC.framework/Versions/A/CoreAUC
0x0000000007a9f000 	/usr/lib/libspindump.dylib
0x0000000007a9f000 	/System/Library/PrivateFrameworks/AppleVA.framework/Versions/A/AppleVA
0x0000000007a9f000 	/System/Library/Frameworks/Accelerate.framework/Versions/A/Frameworks/vImage.framework/Versions/A/Libraries/libCGInterfaces.dylib
0x0000000007a9f000 	/System/Library/Frameworks/ApplicationServices.framework/Versions/A/Frameworks/ATS.framework/Versions/A/Resources/libTrueTypeScaler.dylib
0x000000012b52d000 	/System/Library/Extensions/AMDMTLBronzeDriver.bundle/Contents/MacOS/AMDMTLBronzeDriver
0x0000000007a9f000 	/System/Library/PrivateFrameworks/IOAccelMemoryInfo.framework/Versions/A/IOAccelMemoryInfo
0x0000000007a9f000 	/System/Library/PrivateFrameworks/GPUCompiler.framework/Versions/3802/Libraries/libmetal_timestamp.dylib
0x0000000007a9f000 	/System/Library/PrivateFrameworks/FamilyControls.framework/Versions/A/FamilyControls
0x0000000007a9f000 	/System/Library/PrivateFrameworks/CommerceKit.framework/Versions/A/Frameworks/CommerceCore.framework/Versions/A/CommerceCore
0x0000000007a9f000 	/System/Library/PrivateFrameworks/SystemAdministration.framework/Versions/A/SystemAdministration
0x0000000007a9f000 	/System/Library/PrivateFrameworks/AppContainer.framework/Versions/A/AppContainer
0x0000000007a9f000 	/System/Library/PrivateFrameworks/SecCodeWrapper.framework/Versions/A/SecCodeWrapper
0x0000000007a9f000 	/System/Library/PrivateFrameworks/DiskManagement.framework/Versions/A/DiskManagement
0x0000000007a9f000 	/System/Library/Frameworks/DirectoryService.framework/Versions/A/DirectoryService
0x0000000007a9f000 	/System/Library/PrivateFrameworks/DiskImages.framework/Versions/A/DiskImages
0x0000000007a9f000 	/System/Library/PrivateFrameworks/LoginUIKit.framework/Versions/A/Frameworks/LoginUICore.framework/Versions/A/LoginUICore
0x0000000007a9f000 	/usr/lib/libCoreStorage.dylib
0x0000000007a9f000 	/usr/lib/libcsfde.dylib
0x0000000007a9f000 	/usr/lib/libodfde.dylib
0x0000000007a9f000 	/System/Library/PrivateFrameworks/MediaKit.framework/Versions/A/MediaKit
0x0000000007a9f000 	/System/Library/Frameworks/DiscRecording.framework/Versions/A/DiscRecording
0x0000000007a9f000 	/System/Library/PrivateFrameworks/EFILogin.framework/Versions/A/EFILogin
0x0000000007a9f000 	/System/Library/PrivateFrameworks/ProtectedCloudStorage.framework/Versions/A/ProtectedCloudStorage
0x0000000007a9f000 	/usr/lib/libcurl.4.dylib
0x0000000007a9f000 	/usr/lib/libcrypto.35.dylib
0x0000000007a9f000 	/usr/lib/libssl.35.dylib
0x0000000007a9f000 	/System/Library/Frameworks/LDAP.framework/Versions/A/LDAP
0x0000000007a9f000 	/System/Library/PrivateFrameworks/TrustEvaluationAgent.framework/Versions/A/TrustEvaluationAgent
0x0000000007a9f000 	/usr/lib/libsasl2.2.dylib
0x0000000007a9f000 	/System/Library/PrivateFrameworks/CoreDaemon.framework/Versions/B/CoreDaemon
0x0000000007a9f000 	/System/Library/PrivateFrameworks/AppleSRP.framework/Versions/A/AppleSRP
0x0000000007a9f000 	/System/Library/PrivateFrameworks/ViewBridge.framework/Versions/A/ViewBridge
0x0000000007a9f000 	/System/Library/Frameworks/OpenGL.framework/Versions/A/Resources/GLEngine.bundle/GLEngine
0x0000000007a9f000 	/System/Library/Frameworks/OpenGL.framework/Versions/A/Libraries/libGLProgrammability.dylib
0x000000012bbaa000 	/System/Library/Extensions/AMDRadeonX4000GLDriver.bundle/Contents/MacOS/AMDRadeonX4000GLDriver
0x0000000007a9f000 	/System/Library/PrivateFrameworks/GPUSupport.framework/Versions/A/Libraries/libGPUSupportMercury.dylib
0x0000000007a9f000 	/System/Library/Extensions/AMDRadeonX4000GLDriver.bundle/Contents/MacOS/ATIRadeonX4000SCLib.dylib
0x0000000007a9f000 	/System/Library/Frameworks/OpenGL.framework/Versions/A/Resources/GLRendererFloat.bundle/GLRendererFloat
0x0000000007a9f000 	/System/Library/Frameworks/OpenCL.framework/Versions/A/Libraries/libcldcpuengine.dylib
0x000000012bcdd000 	/Library/Java/JavaVirtualMachines/jdk1.8.0_161.jdk/Contents/Home/jre/lib/libfontmanager.dylib
0x000000012a348000 	/Library/Java/JavaVirtualMachines/jdk1.8.0_161.jdk/Contents/Home/jre/lib/libosxui.dylib
0x000000012bd7e000 	/Library/Java/JavaVirtualMachines/jdk1.8.0_161.jdk/Contents/Home/jre/lib/libosx.dylib
0x000000012be1b000 	/Library/Java/JavaVirtualMachines/jdk1.8.0_161.jdk/Contents/Home/jre/lib/libnio.dylib
0x000000012be2b000 	/Library/Java/JavaVirtualMachines/jdk1.8.0_161.jdk/Contents/Home/jre/lib/./libnet.dylib
0x000000012b3d2000 	/Users/mpue/Documents/devel/games/supernova/lib/native/liblwjgl.dylib
0x000000012ae87000 	/Library/Java/JavaVirtualMachines/jdk1.8.0_161.jdk/Contents/Home/jre/lib/libjawt.dylib
0x0000000197e04000 	/Library/Java/JavaVirtualMachines/jdk1.8.0_161.jdk/Contents/Home/jre/lib/libdcpr.dylib
0x000000012b37b000 	/Library/Java/JavaVirtualMachines/jdk1.8.0_161.jdk/Contents/Home/jre/lib/libjpeg.dylib

VM Arguments:
jvm_args: -agentlib:jdwp=transport=dt_socket,suspend=y,address=localhost:50576 -Djava.library.path=/Users/mpue/Documents/devel/games/supernova/lib/native -Dfile.encoding=UTF-8 
java_command: de.pueski.jrhythm.core.JRhythm
java_class_path (initial): /Library/Java/JavaVirtualMachines/jdk1.8.0_161.jdk/Contents/Home/jre/lib/resources.jar:/Library/Java/JavaVirtualMachines/jdk1.8.0_161.jdk/Contents/Home/jre/lib/rt.jar:/Library/Java/JavaVirtualMachines/jdk1.8.0_161.jdk/Contents/Home/jre/lib/jsse.jar:/Library/Java/JavaVirtualMachines/jdk1.8.0_161.jdk/Contents/Home/jre/lib/jce.jar:/Library/Java/JavaVirtualMachines/jdk1.8.0_161.jdk/Contents/Home/jre/lib/charsets.jar:/Library/Java/JavaVirtualMachines/jdk1.8.0_161.jdk/Contents/Home/jre/lib/jfr.jar:/Library/Java/JavaVirtualMachines/jdk1.8.0_161.jdk/Contents/Home/jre/lib/ext/sunec.jar:/Library/Java/JavaVirtualMachines/jdk1.8.0_161.jdk/Contents/Home/jre/lib/ext/nashorn.jar:/Library/Java/JavaVirtualMachines/jdk1.8.0_161.jdk/Contents/Home/jre/lib/ext/cldrdata.jar:/Library/Java/JavaVirtualMachines/jdk1.8.0_161.jdk/Contents/Home/jre/lib/ext/jfxrt.jar:/Library/Java/JavaVirtualMachines/jdk1.8.0_161.jdk/Contents/Home/jre/lib/ext/dnsns.jar:/Library/Java/JavaVirtualMachines/jdk1.8.0_161.jdk/Contents/Home/jre/lib/ext/localedata.jar:/Library/Java/JavaVirtualMachines/jdk1.8.0_161.jdk/Contents/Home/jre/lib/ext/sunjce_provider.jar:/Library/Java/JavaVirtualMachines/jdk1.8.0_161.jdk/Contents/Home/jre/lib/ext/sunpkcs11.jar:/Library/Java/JavaVirtualMachines/jdk1.8.0_161.jdk/Contents/Home/jre/lib/ext/jaccess.jar:/Library/Java/JavaVirtualMachines/jdk1.8.0_161.jdk/Contents/Home/jre/lib/ext/zipfs.jar:/System/Library/Java/Extensions/MRJToolkit.jar:/Users/mpue/Documents/devel/JRhythm/bin:/Users/mpue/Documents/devel/JRhythm/lib/AppleJavaExtensions.jar:/Users/mpue/Documents/devel/JRhythm/lib/lzma.jar:/Users/mpue/Documents/devel/JRhythm/lib/vecmath.jar:/Users/mpue/Documents/devel/JRhythm/lib/stack-alloc.jar:/Users/mpue/Documents/devel/JRhythm/lib/commons-io-1.3.1.jar:/Users/mpue/Documents/devel/JRhythm/lib/commons-lang-2.3.jar:/Users/mpue/Documents/devel/JRhythm/lib/commons-logging-1.1.jar:/Users/mpue/Documents/devel/JRhythm/lib/log4j-1.2.14.jar:/Users/mpue/Documents/devel
Launcher Type: SUN_STANDARD

Environment Variables:
PATH=/usr/bin:/bin:/usr/sbin:/sbin
SHELL=/bin/bash
DISPLAY=/private/tmp/com.apple.launchd.3tVY61MuS1/org.macosforge.xquartz:0

Signal Handlers:
SIGSEGV: [libjvm.dylib+0x5b5439], sa_mask[0]=11111111011111110111111111111111, sa_flags=SA_ONSTACK|SA_RESTART|SA_SIGINFO
SIGBUS: [libjvm.dylib+0x5b5439], sa_mask[0]=11111111011111110111111111111111, sa_flags=SA_RESTART|SA_SIGINFO
SIGFPE: [libjvm.dylib+0x48ae24], sa_mask[0]=11111111011111110111111111111111, sa_flags=SA_RESTART|SA_SIGINFO
SIGPIPE: [libjvm.dylib+0x48ae24], sa_mask[0]=11111111011111110111111111111111, sa_flags=SA_RESTART|SA_SIGINFO
SIGXFSZ: [libjvm.dylib+0x48ae24], sa_mask[0]=11111111011111110111111111111111, sa_flags=SA_RESTART|SA_SIGINFO
SIGILL: [libjvm.dylib+0x48ae24], sa_mask[0]=11111111011111110111111111111111, sa_flags=SA_RESTART|SA_SIGINFO
SIGUSR1: SIG_DFL, sa_mask[0]=00000000000000000000000000000000, sa_flags=none
SIGUSR2: [libjvm.dylib+0x48a942], sa_mask[0]=00100000000000000000000000000000, sa_flags=SA_RESTART|SA_SIGINFO
SIGHUP: [libjvm.dylib+0x488f0d], sa_mask[0]=11111111011111110111111111111111, sa_flags=SA_RESTART|SA_SIGINFO
SIGINT: [libjvm.dylib+0x488f0d], sa_mask[0]=11111111011111110111111111111111, sa_flags=SA_RESTART|SA_SIGINFO
SIGTERM: [libjvm.dylib+0x488f0d], sa_mask[0]=11111111011111110111111111111111, sa_flags=SA_RESTART|SA_SIGINFO
SIGQUIT: [libjvm.dylib+0x488f0d], sa_mask[0]=11111111011111110111111111111111, sa_flags=SA_RESTART|SA_SIGINFO


---------------  S Y S T E M  ---------------

OS:Bsduname:Darwin 17.6.0 Darwin Kernel Version 17.6.0: Tue May  8 15:22:16 PDT 2018; root:xnu-4570.61.1~1/RELEASE_X86_64 x86_64
rlimit: STACK 8192k, CORE 0k, NPROC 1418, NOFILE 10240, AS infinity
load average:1.27 1.50 1.64

CPU:total 8 (initial active 8) (4 cores per cpu, 2 threads per core) family 6 model 158 stepping 9, cmov, cx8, fxsr, mmx, sse, sse2, sse3, ssse3, sse4.1, sse4.2, popcnt, avx, avx2, aes, clmul, erms, rtm, 3dnowpref, lzcnt, ht, tsc, tscinvbit, bmi1, bmi2, adx

Memory: 4k page, physical 16777216k(3210120k free)

/proc/meminfo:


vm_info: Java HotSpot(TM) 64-Bit Server VM (25.161-b12) for bsd-amd64 JRE (1.8.0_161-b12), built on Dec 19 2017 16:22:20 by "java_re" with gcc 4.2.1 (Based on Apple Inc. build 5658) (LLVM build 2336.11.00)

time: Sun Nov 11 13:52:18 2018
elapsed time: 7 seconds (0d 0h 0m 7s)

