#
# A fatal error has been detected by the Java Runtime Environment:
#
#  SIGSEGV (0xb) at pc=0x000000019c6f2a02, pid=1405, tid=0x000000000000dd03
#
# JRE version: Java(TM) SE Runtime Environment (8.0_161-b12) (build 1.8.0_161-b12)
# Java VM: Java HotSpot(TM) 64-Bit Server VM (25.161-b12 mixed mode bsd-amd64 compressed oops)
# Problematic frame:
# C  0x000000019c6f2a02
#
# Failed to write core dump. Core dumps have been disabled. To enable core dumping, try "ulimit -c unlimited" before starting Java again
#
# If you would like to submit a bug report, please visit:
#   http://bugreport.java.com/bugreport/crash.jsp
# The crash happened outside the Java Virtual Machine in native code.
# See problematic frame for where to report the bug.
#

---------------  T H R E A D  ---------------

Current thread (0x00007f9eba96e000):  JavaThread "AWT-EventQueue-0" [_thread_in_native, id=56579, stack(0x00007000028a0000,0x00007000029a0000)]

siginfo: si_signo: 11 (SIGSEGV), si_code: 1 (SEGV_MAPERR), si_addr: 0x0000000116ce5008

Registers:
RAX=0x0000000116cdc000, RBX=0x0000000000035110, RCX=0x0000000000006004, RDX=0x000000012f8f1f58
RSP=0x000070000299d000, RBP=0x000070000299d000, RSI=0x000000012f8dde48, RDI=0x0000000000009008
R8 =0x00007f9ec0818000, R9 =0x000000012f8dde48, R10=0x0000000000000000, R11=0x0000000000000004
R12=0x000000000000002c, R13=0x000000000000134c, R14=0x0000000001070000, R15=0x00007f9ec081dc00
RIP=0x000000019c6f2a02, EFLAGS=0x0000000000010287, ERR=0x0000000000000004
  TRAPNO=0x000000000000000e

Top of Stack: (sp=0x000070000299d000)
0x000070000299d000:   000070000299d0d0 00007fff39be78b6
0x000070000299d010:   00007f9ec0818000 0000000400000000
0x000070000299d020:   0000000c0000000c 000000000000000c
0x000070000299d030:   0000000000000000 0000000000000000
0x000070000299d040:   0000000000000008 0000000000000000
0x000070000299d050:   0000000000000000 0000000000000000
0x000070000299d060:   0000000000000000 0000000000000000
0x000070000299d070:   0000000000000000 0000000000000000
0x000070000299d080:   0000000000000000 0000000000000000
0x000070000299d090:   0000000000000000 0000000000000000
0x000070000299d0a0:   f8d808608b3700e4 000000019c793028
0x000070000299d0b0:   0000000000000000 000000019c793028
0x000070000299d0c0:   000070000299d190 00007f9eba96e000
0x000070000299d0d0:   000070000299d150 0000000116eb7a88
0x000070000299d0e0:   00000006c20da818 00007fff38fc9bf7
0x000070000299d0f0:   000000019c78dc18 0000000000000000
0x000070000299d100:   000070000299d128 000070000299d188
0x000070000299d110:   000070000299d110 0000000000000000
0x000070000299d120:   000070000299d190 000000019c7ab028
0x000070000299d130:   0000000000000000 000000019c793028
0x000070000299d140:   0000000000000000 000070000299d170
0x000070000299d150:   000070000299d1d8 0000000116e9f35d
0x000070000299d160:   00000006c0000538 0000000116eadd38
0x000070000299d170:   00007fff38fc975e 0000000116e9f35d
0x000070000299d180:   000000000000134c 0000000000000000
0x000070000299d190:   0000000000000004 000070000299d198
0x000070000299d1a0:   000000019c792f4c 000070000299d210
0x000070000299d1b0:   000000019c7ab028 0000000000000000
0x000070000299d1c0:   000000019c792fa0 000070000299d170
0x000070000299d1d0:   000070000299d200 000070000299d258
0x000070000299d1e0:   0000000116e9f35d 00007fff38fc975e
0x000070000299d1f0:   0000000000000000 00000006c20da818 

Instructions: (pc=0x000000019c6f2a02)
0x000000019c6f29e2:   49 8b 80 a8 03 00 00 f3 0f 10 04 38 48 8b 44 38
0x000000019c6f29f2:   f8 48 89 06 f3 0f 11 46 08 49 8b 80 b0 03 00 00
0x000000019c6f2a02:   f3 0f 10 04 38 48 8b 44 38 f8 4c 8d 4e 2c 48 89
0x000000019c6f2a12:   46 0c f3 0f 11 46 14 49 39 d1 49 8b 80 e0 03 00 

Register to memory mapping:

RAX=0x0000000116cdc000 is an unknown value
RBX=0x0000000000035110 is an unknown value
RCX=0x0000000000006004 is an unknown value
RDX=0x000000012f8f1f58 is an unknown value
RSP=0x000070000299d000 is pointing into the stack for thread: 0x00007f9eba96e000
RBP=0x000070000299d000 is pointing into the stack for thread: 0x00007f9eba96e000
RSI=0x000000012f8dde48 is an unknown value
RDI=0x0000000000009008 is an unknown value
R8 =0x00007f9ec0818000 is an unknown value
R9 =0x000000012f8dde48 is an unknown value
R10=0x0000000000000000 is an unknown value
R11=0x0000000000000004 is an unknown value
R12=0x000000000000002c is an unknown value
R13=0x000000000000134c is an unknown value
R14=0x0000000001070000 is an unknown value
R15=0x00007f9ec081dc00 is an unknown value


Stack: [0x00007000028a0000,0x00007000029a0000],  sp=0x000070000299d000,  free space=1012k
Native frames: (J=compiled Java code, j=interpreted, Vv=VM code, C=native code)
C  0x000000019c6f2a02
C  [GLEngine+0xa48b6]  gleDrawArraysOrElements_Comp+0x14e
j  org.lwjgl.opengl.GL11.nglDrawArrays(IIIJ)V+0
j  org.lwjgl.opengl.GL11.glDrawArrays(III)V+20
j  de.pueski.jrhythm.objects.Mesh.drawVBO()V+316
j  de.pueski.jrhythm.objects.Mesh.draw()V+1
j  de.pueski.jrhythm.scene.AbstractScene.drawChildren(Lde/pueski/jrhythm/objects/SceneNode;)V+46
j  de.pueski.jrhythm.scene.VehicleScene.genLists()V+23
j  de.pueski.jrhythm.scene.AbstractScene.<init>(Ljava/lang/String;)V+128
j  de.pueski.jrhythm.scene.VehicleScene.<init>(Ljava/lang/String;)V+2
j  de.pueski.jrhythm.core.Game.init()V+105
j  de.pueski.jrhythm.core.JRhythm.run(Lorg/lwjgl/opengl/DisplayMode;ZZ)V+26
j  de.pueski.jrhythm.core.JRhythm$4.actionPerformed(Ljava/awt/event/ActionEvent;)V+98
j  javax.swing.AbstractButton.fireActionPerformed(Ljava/awt/event/ActionEvent;)V+83
j  javax.swing.AbstractButton$Handler.actionPerformed(Ljava/awt/event/ActionEvent;)V+5
j  javax.swing.DefaultButtonModel.fireActionPerformed(Ljava/awt/event/ActionEvent;)V+34
j  javax.swing.DefaultButtonModel.setPressed(Z)V+117
j  javax.swing.plaf.basic.BasicButtonListener.mouseReleased(Ljava/awt/event/MouseEvent;)V+35
j  java.awt.Component.processMouseEvent(Ljava/awt/event/MouseEvent;)V+64
j  javax.swing.JComponent.processMouseEvent(Ljava/awt/event/MouseEvent;)V+23
j  java.awt.Component.processEvent(Ljava/awt/AWTEvent;)V+81
j  java.awt.Container.processEvent(Ljava/awt/AWTEvent;)V+18
j  java.awt.Component.dispatchEventImpl(Ljava/awt/AWTEvent;)V+589
j  java.awt.Container.dispatchEventImpl(Ljava/awt/AWTEvent;)V+42
j  java.awt.Component.dispatchEvent(Ljava/awt/AWTEvent;)V+2
j  java.awt.LightweightDispatcher.retargetMouseEvent(Ljava/awt/Component;ILjava/awt/event/MouseEvent;)V+327
j  java.awt.LightweightDispatcher.processMouseEvent(Ljava/awt/event/MouseEvent;)Z+155
j  java.awt.LightweightDispatcher.dispatchEvent(Ljava/awt/AWTEvent;)Z+50
j  java.awt.Container.dispatchEventImpl(Ljava/awt/AWTEvent;)V+12
j  java.awt.Window.dispatchEventImpl(Ljava/awt/AWTEvent;)V+19
j  java.awt.Component.dispatchEvent(Ljava/awt/AWTEvent;)V+2
j  java.awt.EventQueue.dispatchEventImpl(Ljava/awt/AWTEvent;Ljava/lang/Object;)V+41
j  java.awt.EventQueue.access$500(Ljava/awt/EventQueue;Ljava/awt/AWTEvent;Ljava/lang/Object;)V+3
j  java.awt.EventQueue$3.run()Ljava/lang/Void;+32
j  java.awt.EventQueue$3.run()Ljava/lang/Object;+1
v  ~StubRoutines::call_stub
V  [libjvm.dylib+0x2ef9aa]  JavaCalls::call_helper(JavaValue*, methodHandle*, JavaCallArguments*, Thread*)+0x6ae
V  [libjvm.dylib+0x35019c]  JVM_DoPrivileged+0x4b8
J 661  java.security.AccessController.doPrivileged(Ljava/security/PrivilegedAction;Ljava/security/AccessControlContext;)Ljava/lang/Object; (0 bytes) @ 0x0000000117178755 [0x0000000117178680+0xd5]
J 916 C1 java.awt.EventQueue$4.run()Ljava/lang/Object; (5 bytes) @ 0x00000001171ee364 [0x00000001171edf20+0x444]
v  ~StubRoutines::call_stub
V  [libjvm.dylib+0x2ef9aa]  JavaCalls::call_helper(JavaValue*, methodHandle*, JavaCallArguments*, Thread*)+0x6ae
V  [libjvm.dylib+0x35019c]  JVM_DoPrivileged+0x4b8
J 661  java.security.AccessController.doPrivileged(Ljava/security/PrivilegedAction;Ljava/security/AccessControlContext;)Ljava/lang/Object; (0 bytes) @ 0x0000000117178755 [0x0000000117178680+0xd5]
J 870 C1 java.security.ProtectionDomain$JavaSecurityAccessImpl.doIntersectionPrivilege(Ljava/security/PrivilegedAction;Ljava/security/AccessControlContext;Ljava/security/AccessControlContext;)Ljava/lang/Object; (22 bytes) @ 0x00000001171d986c [0x00000001171d93e0+0x48c]
j  java.awt.EventQueue.dispatchEvent(Ljava/awt/AWTEvent;)V+73
j  java.awt.EventDispatchThread.pumpOneEventForFilters(I)V+245
j  java.awt.EventDispatchThread.pumpEventsForFilter(ILjava/awt/Conditional;Ljava/awt/EventFilter;)V+35
j  java.awt.EventDispatchThread.pumpEventsForHierarchy(ILjava/awt/Conditional;Ljava/awt/Component;)V+11
j  java.awt.EventDispatchThread.pumpEvents(ILjava/awt/Conditional;)V+4
j  java.awt.EventDispatchThread.pumpEvents(Ljava/awt/Conditional;)V+3
j  java.awt.EventDispatchThread.run()V+9
v  ~StubRoutines::call_stub
V  [libjvm.dylib+0x2ef9aa]  JavaCalls::call_helper(JavaValue*, methodHandle*, JavaCallArguments*, Thread*)+0x6ae
V  [libjvm.dylib+0x2f014e]  JavaCalls::call_virtual(JavaValue*, KlassHandle, Symbol*, Symbol*, JavaCallArguments*, Thread*)+0x164
V  [libjvm.dylib+0x2f02fa]  JavaCalls::call_virtual(JavaValue*, Handle, KlassHandle, Symbol*, Symbol*, Thread*)+0x4a
V  [libjvm.dylib+0x34aae5]  thread_entry(JavaThread*, Thread*)+0x7c
V  [libjvm.dylib+0x56edef]  JavaThread::thread_main_inner()+0x9b
V  [libjvm.dylib+0x5704ea]  JavaThread::run()+0x1c2
V  [libjvm.dylib+0x48d83a]  java_start(Thread*)+0xf6
C  [libsystem_pthread.dylib+0x3661]  _pthread_body+0x154
C  [libsystem_pthread.dylib+0x350d]  _pthread_body+0x0
C  [libsystem_pthread.dylib+0x2bf9]  thread_start+0xd
C  0x0000000000000000

Java frames: (J=compiled Java code, j=interpreted, Vv=VM code)
j  org.lwjgl.opengl.GL11.nglDrawArrays(IIIJ)V+0
j  org.lwjgl.opengl.GL11.glDrawArrays(III)V+20
j  de.pueski.jrhythm.objects.Mesh.drawVBO()V+316
j  de.pueski.jrhythm.objects.Mesh.draw()V+1
j  de.pueski.jrhythm.scene.AbstractScene.drawChildren(Lde/pueski/jrhythm/objects/SceneNode;)V+46
j  de.pueski.jrhythm.scene.VehicleScene.genLists()V+23
j  de.pueski.jrhythm.scene.AbstractScene.<init>(Ljava/lang/String;)V+128
j  de.pueski.jrhythm.scene.VehicleScene.<init>(Ljava/lang/String;)V+2
j  de.pueski.jrhythm.core.Game.init()V+105
j  de.pueski.jrhythm.core.JRhythm.run(Lorg/lwjgl/opengl/DisplayMode;ZZ)V+26
j  de.pueski.jrhythm.core.JRhythm$4.actionPerformed(Ljava/awt/event/ActionEvent;)V+98
j  javax.swing.AbstractButton.fireActionPerformed(Ljava/awt/event/ActionEvent;)V+83
j  javax.swing.AbstractButton$Handler.actionPerformed(Ljava/awt/event/ActionEvent;)V+5
j  javax.swing.DefaultButtonModel.fireActionPerformed(Ljava/awt/event/ActionEvent;)V+34
j  javax.swing.DefaultButtonModel.setPressed(Z)V+117
j  javax.swing.plaf.basic.BasicButtonListener.mouseReleased(Ljava/awt/event/MouseEvent;)V+35
j  java.awt.Component.processMouseEvent(Ljava/awt/event/MouseEvent;)V+64
j  javax.swing.JComponent.processMouseEvent(Ljava/awt/event/MouseEvent;)V+23
j  java.awt.Component.processEvent(Ljava/awt/AWTEvent;)V+81
j  java.awt.Container.processEvent(Ljava/awt/AWTEvent;)V+18
j  java.awt.Component.dispatchEventImpl(Ljava/awt/AWTEvent;)V+589
j  java.awt.Container.dispatchEventImpl(Ljava/awt/AWTEvent;)V+42
j  java.awt.Component.dispatchEvent(Ljava/awt/AWTEvent;)V+2
j  java.awt.LightweightDispatcher.retargetMouseEvent(Ljava/awt/Component;ILjava/awt/event/MouseEvent;)V+327
j  java.awt.LightweightDispatcher.processMouseEvent(Ljava/awt/event/MouseEvent;)Z+155
j  java.awt.LightweightDispatcher.dispatchEvent(Ljava/awt/AWTEvent;)Z+50
j  java.awt.Container.dispatchEventImpl(Ljava/awt/AWTEvent;)V+12
j  java.awt.Window.dispatchEventImpl(Ljava/awt/AWTEvent;)V+19
j  java.awt.Component.dispatchEvent(Ljava/awt/AWTEvent;)V+2
j  java.awt.EventQueue.dispatchEventImpl(Ljava/awt/AWTEvent;Ljava/lang/Object;)V+41
j  java.awt.EventQueue.access$500(Ljava/awt/EventQueue;Ljava/awt/AWTEvent;Ljava/lang/Object;)V+3
j  java.awt.EventQueue$3.run()Ljava/lang/Void;+32
j  java.awt.EventQueue$3.run()Ljava/lang/Object;+1
v  ~StubRoutines::call_stub
J 661  java.security.AccessController.doPrivileged(Ljava/security/PrivilegedAction;Ljava/security/AccessControlContext;)Ljava/lang/Object; (0 bytes) @ 0x00000001171786e3 [0x0000000117178680+0x63]
J 916 C1 java.awt.EventQueue$4.run()Ljava/lang/Object; (5 bytes) @ 0x00000001171ee364 [0x00000001171edf20+0x444]
v  ~StubRoutines::call_stub
J 661  java.security.AccessController.doPrivileged(Ljava/security/PrivilegedAction;Ljava/security/AccessControlContext;)Ljava/lang/Object; (0 bytes) @ 0x00000001171786e3 [0x0000000117178680+0x63]
J 870 C1 java.security.ProtectionDomain$JavaSecurityAccessImpl.doIntersectionPrivilege(Ljava/security/PrivilegedAction;Ljava/security/AccessControlContext;Ljava/security/AccessControlContext;)Ljava/lang/Object; (22 bytes) @ 0x00000001171d986c [0x00000001171d93e0+0x48c]
j  java.awt.EventQueue.dispatchEvent(Ljava/awt/AWTEvent;)V+73
j  java.awt.EventDispatchThread.pumpOneEventForFilters(I)V+245
j  java.awt.EventDispatchThread.pumpEventsForFilter(ILjava/awt/Conditional;Ljava/awt/EventFilter;)V+35
j  java.awt.EventDispatchThread.pumpEventsForHierarchy(ILjava/awt/Conditional;Ljava/awt/Component;)V+11
j  java.awt.EventDispatchThread.pumpEvents(ILjava/awt/Conditional;)V+4
j  java.awt.EventDispatchThread.pumpEvents(Ljava/awt/Conditional;)V+3
j  java.awt.EventDispatchThread.run()V+9
v  ~StubRoutines::call_stub

---------------  P R O C E S S  ---------------

Java Threads: ( => current thread )
  0x00007f9ebaaaa800 JavaThread "DestroyJavaVM" [_thread_blocked, id=6147, stack(0x0000700000ac0000,0x0000700000bc0000)]
=>0x00007f9eba96e000 JavaThread "AWT-EventQueue-0" [_thread_in_native, id=56579, stack(0x00007000028a0000,0x00007000029a0000)]
  0x00007f9eb8942000 JavaThread "Image Fetcher 0" daemon [_thread_blocked, id=56331, stack(0x000070000279d000,0x000070000289d000)]
  0x00007f9eba962800 JavaThread "Timer-0" daemon [_thread_blocked, id=77315, stack(0x000070000269a000,0x000070000279a000)]
  0x00007f9eba245000 JavaThread "Java2D Disposer" daemon [_thread_blocked, id=77583, stack(0x0000700002597000,0x0000700002697000)]
  0x00007f9eb892f800 JavaThread "Java2D Queue Flusher" daemon [_thread_blocked, id=78599, stack(0x0000700002494000,0x0000700002594000)]
  0x00007f9eb818d800 JavaThread "AWT-Shutdown" [_thread_blocked, id=37163, stack(0x0000700002102000,0x0000700002202000)]
  0x00007f9eb88f3000 JavaThread "AppKit Thread" daemon [_thread_in_native, id=775, stack(0x00007ffee122e000,0x00007ffee1a2e000)]
  0x00007f9eb803a000 JavaThread "Service Thread" daemon [_thread_blocked, id=43011, stack(0x0000700001efc000,0x0000700001ffc000)]
  0x00007f9eb8037800 JavaThread "C1 CompilerThread3" daemon [_thread_blocked, id=22019, stack(0x0000700001df9000,0x0000700001ef9000)]
  0x00007f9eb882b800 JavaThread "C2 CompilerThread2" daemon [_thread_blocked, id=16387, stack(0x0000700001cf6000,0x0000700001df6000)]
  0x00007f9eb882a800 JavaThread "C2 CompilerThread1" daemon [_thread_blocked, id=16131, stack(0x0000700001bf3000,0x0000700001cf3000)]
  0x00007f9eb8813800 JavaThread "C2 CompilerThread0" daemon [_thread_in_native, id=15619, stack(0x0000700001af0000,0x0000700001bf0000)]
  0x00007f9ebb000000 JavaThread "JDWP Command Reader" daemon [_thread_in_native, id=15107, stack(0x00007000019ed000,0x0000700001aed000)]
  0x00007f9eba801000 JavaThread "JDWP Event Helper Thread" daemon [_thread_blocked, id=17155, stack(0x00007000018ea000,0x00007000019ea000)]
  0x00007f9eba800000 JavaThread "JDWP Transport Listener: dt_socket" daemon [_thread_blocked, id=14599, stack(0x00007000017e7000,0x00007000018e7000)]
  0x00007f9eba035000 JavaThread "Signal Dispatcher" daemon [_thread_blocked, id=17675, stack(0x00007000016e4000,0x00007000017e4000)]
  0x00007f9eb8035800 JavaThread "Finalizer" daemon [_thread_blocked, id=13059, stack(0x00007000015e1000,0x00007000016e1000)]
  0x00007f9eb8032800 JavaThread "Reference Handler" daemon [_thread_blocked, id=12547, stack(0x00007000014de000,0x00007000015de000)]

Other Threads:
  0x00007f9eb802e000 VMThread [stack: 0x00007000013db000,0x00007000014db000] [id=12035]
  0x00007f9ebc008000 WatcherThread [stack: 0x0000700001fff000,0x00007000020ff000] [id=22531]

VM state:not at safepoint (normal execution)

VM Mutex/Monitor currently owned by a thread: None

Heap:
 PSYoungGen      total 244224K, used 6631K [0x000000076ab00000, 0x000000077e100000, 0x00000007c0000000)
  eden space 229376K, 1% used [0x000000076ab00000,0x000000076af64ca0,0x0000000778b00000)
  from space 14848K, 14% used [0x000000077d280000,0x000000077d495010,0x000000077e100000)
  to   space 44032K, 0% used [0x0000000778b00000,0x0000000778b00000,0x000000077b600000)
 ParOldGen       total 272896K, used 70230K [0x00000006c0000000, 0x00000006d0a80000, 0x000000076ab00000)
  object space 272896K, 25% used [0x00000006c0000000,0x00000006c4495940,0x00000006d0a80000)
 Metaspace       used 17828K, capacity 18173K, committed 18432K, reserved 1064960K
  class space    used 2156K, capacity 2276K, committed 2304K, reserved 1048576K

Card table byte_map: [0x000000011076e000,0x0000000110f6f000] byte_map_base: 0x000000010d16e000

Marking Bits: (ParMarkBitMap*) 0x000000010fcf76c0
 Begin Bits: [0x0000000125e97000, 0x0000000129e97000)
 End Bits:   [0x0000000129e97000, 0x000000012de97000)

Polling page: 0x000000010e257000

CodeCache: size=245760Kb used=5602Kb max_used=5613Kb free=240157Kb
 bounds [0x0000000116e97000, 0x0000000117427000, 0x0000000125e97000]
 total_blobs=2266 nmethods=1623 adapters=564
 compilation: enabled

Compilation events (10 events):
Event: 4.586 Thread 0x00007f9eb882a800 nmethod 1594 0x0000000117401190 code [0x0000000117401300, 0x00000001174013d8]
Event: 4.588 Thread 0x00007f9eb8037800 nmethod 1621% 0x0000000117409c90 code [0x000000011740a360, 0x0000000117410578]
Event: 4.588 Thread 0x00007f9eb882b800 1622   !   4       java.util.Vector$Itr::next (63 bytes)
Event: 4.588 Thread 0x00007f9eb882a800 1623       4       de.pueski.jrhythm.objects.Face::calculatePlane (236 bytes)
Event: 4.589 Thread 0x00007f9eb882a800 nmethod 1623 0x0000000117400b90 code [0x0000000117400d00, 0x0000000117400ff8]
Event: 4.589 Thread 0x00007f9eb882a800 1624       4       java.nio.DirectFloatBufferU::put (17 bytes)
Event: 4.589 Thread 0x00007f9eb882a800 nmethod 1624 0x0000000117416810 code [0x0000000117416960, 0x0000000117416a18]
Event: 4.589 Thread 0x00007f9eb882b800 nmethod 1622 0x0000000117416010 code [0x0000000117416180, 0x00000001174165b8]
Event: 4.590 Thread 0x00007f9eb882a800 1625       4       java.nio.DirectIntBufferU::put (17 bytes)
Event: 4.590 Thread 0x00007f9eb882a800 nmethod 1625 0x0000000117415d50 code [0x0000000117415ea0, 0x0000000117415f58]

GC Heap History (10 events):
Event: 4.090 GC heap before
{Heap before GC invocations=4 (full 0):
 PSYoungGen      total 76288K, used 69668K [0x000000076ab00000, 0x0000000774000000, 0x00000007c0000000)
  eden space 65536K, 100% used [0x000000076ab00000,0x000000076eb00000,0x000000076eb00000)
  from space 10752K, 38% used [0x000000076eb00000,0x000000076ef09110,0x000000076f580000)
  to   space 10752K, 0% used [0x0000000773580000,0x0000000773580000,0x0000000774000000)
 ParOldGen       total 175104K, used 84979K [0x00000006c0000000, 0x00000006cab00000, 0x000000076ab00000)
  object space 175104K, 48% used [0x00000006c0000000,0x00000006c52fcd18,0x00000006cab00000)
 Metaspace       used 17819K, capacity 18173K, committed 18432K, reserved 1064960K
  class space    used 2156K, capacity 2276K, committed 2304K, reserved 1048576K
Event: 4.105 GC heap after
Heap after GC invocations=4 (full 0):
 PSYoungGen      total 141824K, used 4100K [0x000000076ab00000, 0x0000000774000000, 0x00000007c0000000)
  eden space 131072K, 0% used [0x000000076ab00000,0x000000076ab00000,0x0000000772b00000)
  from space 10752K, 38% used [0x0000000773580000,0x0000000773981110,0x0000000774000000)
  to   space 10752K, 0% used [0x0000000772b00000,0x0000000772b00000,0x0000000773580000)
 ParOldGen       total 175104K, used 134131K [0x00000006c0000000, 0x00000006cab00000, 0x000000076ab00000)
  object space 175104K, 76% used [0x00000006c0000000,0x00000006c82fcd48,0x00000006cab00000)
 Metaspace       used 17819K, capacity 18173K, committed 18432K, reserved 1064960K
  class space    used 2156K, capacity 2276K, committed 2304K, reserved 1048576K
}
Event: 4.105 GC heap before
{Heap before GC invocations=5 (full 1):
 PSYoungGen      total 141824K, used 4100K [0x000000076ab00000, 0x0000000774000000, 0x00000007c0000000)
  eden space 131072K, 0% used [0x000000076ab00000,0x000000076ab00000,0x0000000772b00000)
  from space 10752K, 38% used [0x0000000773580000,0x0000000773981110,0x0000000774000000)
  to   space 10752K, 0% used [0x0000000772b00000,0x0000000772b00000,0x0000000773580000)
 ParOldGen       total 175104K, used 134131K [0x00000006c0000000, 0x00000006cab00000, 0x000000076ab00000)
  object space 175104K, 76% used [0x00000006c0000000,0x00000006c82fcd48,0x00000006cab00000)
 Metaspace       used 17819K, capacity 18173K, committed 18432K, reserved 1064960K
  class space    used 2156K, capacity 2276K, committed 2304K, reserved 1048576K
Event: 4.122 GC heap after
Heap after GC invocations=5 (full 1):
 PSYoungGen      total 141824K, used 0K [0x000000076ab00000, 0x0000000774000000, 0x00000007c0000000)
  eden space 131072K, 0% used [0x000000076ab00000,0x000000076ab00000,0x0000000772b00000)
  from space 10752K, 0% used [0x0000000773580000,0x0000000773580000,0x0000000774000000)
  to   space 10752K, 0% used [0x0000000772b00000,0x0000000772b00000,0x0000000773580000)
 ParOldGen       total 177152K, used 37459K [0x00000006c0000000, 0x00000006cad00000, 0x000000076ab00000)
  object space 177152K, 21% used [0x00000006c0000000,0x00000006c2494c68,0x00000006cad00000)
 Metaspace       used 17819K, capacity 18173K, committed 18432K, reserved 1064960K
  class space    used 2156K, capacity 2276K, committed 2304K, reserved 1048576K
}
Event: 4.401 GC heap before
{Heap before GC invocations=6 (full 1):
 PSYoungGen      total 141824K, used 131072K [0x000000076ab00000, 0x0000000774000000, 0x00000007c0000000)
  eden space 131072K, 100% used [0x000000076ab00000,0x0000000772b00000,0x0000000772b00000)
  from space 10752K, 0% used [0x0000000773580000,0x0000000773580000,0x0000000774000000)
  to   space 10752K, 0% used [0x0000000772b00000,0x0000000772b00000,0x0000000773580000)
 ParOldGen       total 177152K, used 37459K [0x00000006c0000000, 0x00000006cad00000, 0x000000076ab00000)
  object space 177152K, 21% used [0x00000006c0000000,0x00000006c2494c68,0x00000006cad00000)
 Metaspace       used 17819K, capacity 18173K, committed 18432K, reserved 1064960K
  class space    used 2156K, capacity 2276K, committed 2304K, reserved 1048576K
Event: 4.416 GC heap after
Heap after GC invocations=6 (full 1):
 PSYoungGen      total 141824K, used 256K [0x000000076ab00000, 0x0000000780000000, 0x00000007c0000000)
  eden space 131072K, 0% used [0x000000076ab00000,0x000000076ab00000,0x0000000772b00000)
  from space 10752K, 2% used [0x0000000772b00000,0x0000000772b40000,0x0000000773580000)
  to   space 46592K, 0% used [0x000000077d280000,0x000000077d280000,0x0000000780000000)
 ParOldGen       total 177152K, used 152147K [0x00000006c0000000, 0x00000006cad00000, 0x000000076ab00000)
  object space 177152K, 85% used [0x00000006c0000000,0x00000006c9494cd8,0x00000006cad00000)
 Metaspace       used 17819K, capacity 18173K, committed 18432K, reserved 1064960K
  class space    used 2156K, capacity 2276K, committed 2304K, reserved 1048576K
}
Event: 4.416 GC heap before
{Heap before GC invocations=7 (full 2):
 PSYoungGen      total 141824K, used 256K [0x000000076ab00000, 0x0000000780000000, 0x00000007c0000000)
  eden space 131072K, 0% used [0x000000076ab00000,0x000000076ab00000,0x0000000772b00000)
  from space 10752K, 2% used [0x0000000772b00000,0x0000000772b40000,0x0000000773580000)
  to   space 46592K, 0% used [0x000000077d280000,0x000000077d280000,0x0000000780000000)
 ParOldGen       total 177152K, used 152147K [0x00000006c0000000, 0x00000006cad00000, 0x000000076ab00000)
  object space 177152K, 85% used [0x00000006c0000000,0x00000006c9494cd8,0x00000006cad00000)
 Metaspace       used 17819K, capacity 18173K, committed 18432K, reserved 1064960K
  class space    used 2156K, capacity 2276K, committed 2304K, reserved 1048576K
Event: 4.428 GC heap after
Heap after GC invocations=7 (full 2):
 PSYoungGen      total 141824K, used 0K [0x000000076ab00000, 0x0000000780000000, 0x00000007c0000000)
  eden space 131072K, 0% used [0x000000076ab00000,0x000000076ab00000,0x0000000772b00000)
  from space 10752K, 0% used [0x0000000772b00000,0x0000000772b00000,0x0000000773580000)
  to   space 46592K, 0% used [0x000000077d280000,0x000000077d280000,0x0000000780000000)
 ParOldGen       total 272896K, used 70230K [0x00000006c0000000, 0x00000006d0a80000, 0x000000076ab00000)
  object space 272896K, 25% used [0x00000006c0000000,0x00000006c4495940,0x00000006d0a80000)
 Metaspace       used 17819K, capacity 18173K, committed 18432K, reserved 1064960K
  class space    used 2156K, capacity 2276K, committed 2304K, reserved 1048576K
}
Event: 4.580 GC heap before
{Heap before GC invocations=8 (full 2):
 PSYoungGen      total 141824K, used 131072K [0x000000076ab00000, 0x0000000780000000, 0x00000007c0000000)
  eden space 131072K, 100% used [0x000000076ab00000,0x0000000772b00000,0x0000000772b00000)
  from space 10752K, 0% used [0x0000000772b00000,0x0000000772b00000,0x0000000773580000)
  to   space 46592K, 0% used [0x000000077d280000,0x000000077d280000,0x0000000780000000)
 ParOldGen       total 272896K, used 70230K [0x00000006c0000000, 0x00000006d0a80000, 0x000000076ab00000)
  object space 272896K, 25% used [0x00000006c0000000,0x00000006c4495940,0x00000006d0a80000)
 Metaspace       used 17820K, capacity 18173K, committed 18432K, reserved 1064960K
  class space    used 2156K, capacity 2276K, committed 2304K, reserved 1048576K
Event: 4.582 GC heap after
Heap after GC invocations=8 (full 2):
 PSYoungGen      total 244224K, used 2132K [0x000000076ab00000, 0x000000077e100000, 0x00000007c0000000)
  eden space 229376K, 0% used [0x000000076ab00000,0x000000076ab00000,0x0000000778b00000)
  from space 14848K, 14% used [0x000000077d280000,0x000000077d495010,0x000000077e100000)
  to   space 44032K, 0% used [0x0000000778b00000,0x0000000778b00000,0x000000077b600000)
 ParOldGen       total 272896K, used 70230K [0x00000006c0000000, 0x00000006d0a80000, 0x000000076ab00000)
  object space 272896K, 25% used [0x00000006c0000000,0x00000006c4495940,0x00000006d0a80000)
 Metaspace       used 17820K, capacity 18173K, committed 18432K, reserved 1064960K
  class space    used 2156K, capacity 2276K, committed 2304K, reserved 1048576K
}

Deoptimization events (10 events):
Event: 3.648 Thread 0x00007f9eba96e000 Uncommon trap: reason=unstable_if action=reinterpret pc=0x00000001172da05c method=java.awt.image.ComponentColorModel.getDataElements(ILjava/lang/Object;)Ljava/lang/Object; @ 30
Event: 3.677 Thread 0x00007f9eba96e000 Uncommon trap: reason=unstable_if action=reinterpret pc=0x000000011730e264 method=java.awt.image.ComponentColorModel.getDataElements(ILjava/lang/Object;)Ljava/lang/Object; @ 2085
Event: 3.677 Thread 0x00007f9eba96e000 Uncommon trap: reason=unstable_if action=reinterpret pc=0x00000001172c4d5c method=java.awt.image.ComponentColorModel.getAlpha(Ljava/lang/Object;)I @ 4
Event: 3.677 Thread 0x00007f9eba96e000 Uncommon trap: reason=unstable_if action=reinterpret pc=0x00000001172b40b0 method=java.awt.image.ComponentColorModel.extractComponent(Ljava/lang/Object;II)I @ 4
Event: 3.677 Thread 0x00007f9eba96e000 Uncommon trap: reason=unstable_if action=reinterpret pc=0x00000001172c70d0 method=java.awt.image.ComponentColorModel.getAlpha(Ljava/lang/Object;)I @ 4
Event: 4.535 Thread 0x00007f9eba96e000 Uncommon trap: reason=unstable_if action=reinterpret pc=0x00000001173aa7a0 method=java.io.BufferedReader.readLine(Z)Ljava/lang/String; @ 137
Event: 4.557 Thread 0x00007f9eba96e000 Uncommon trap: reason=array_check action=maybe_recompile pc=0x00000001173fc208 method=java.util.AbstractCollection.toArray([Ljava/lang/Object;)[Ljava/lang/Object; @ 119
Event: 4.557 Thread 0x00007f9eba96e000 Uncommon trap: reason=array_check action=maybe_recompile pc=0x00000001173fc208 method=java.util.AbstractCollection.toArray([Ljava/lang/Object;)[Ljava/lang/Object; @ 119
Event: 4.557 Thread 0x00007f9eba96e000 Uncommon trap: reason=array_check action=maybe_recompile pc=0x00000001173fc208 method=java.util.AbstractCollection.toArray([Ljava/lang/Object;)[Ljava/lang/Object; @ 119
Event: 4.557 Thread 0x00007f9eba96e000 Uncommon trap: reason=array_check action=maybe_recompile pc=0x00000001173fc208 method=java.util.AbstractCollection.toArray([Ljava/lang/Object;)[Ljava/lang/Object; @ 119

Classes redefined (0 events):
No events

Internal exceptions (10 events):
Event: 0.204 Thread 0x00007f9eb8802800 Exception <a 'java/lang/ClassNotFoundException': org/apache/log4j/RollingFileAppenderBeanInfo> (0x000000076b192218) thrown at [/Users/java_re/workspace/8-2-build-macosx-x86_64/jdk8u161/10277/hotspot/src/share/vm/classfile/systemDictionary.cpp, line 210]
Event: 0.204 Thread 0x00007f9eb8802800 Exception <a 'java/lang/ClassNotFoundException': org/apache/log4j/FileAppenderBeanInfo> (0x000000076b19ac70) thrown at [/Users/java_re/workspace/8-2-build-macosx-x86_64/jdk8u161/10277/hotspot/src/share/vm/classfile/systemDictionary.cpp, line 210]
Event: 0.204 Thread 0x00007f9eb8802800 Exception <a 'java/lang/ClassNotFoundException': org/apache/log4j/FileAppenderCustomizer> (0x000000076b1a3890) thrown at [/Users/java_re/workspace/8-2-build-macosx-x86_64/jdk8u161/10277/hotspot/src/share/vm/classfile/systemDictionary.cpp, line 210]
Event: 0.205 Thread 0x00007f9eb8802800 Exception <a 'java/lang/ClassNotFoundException': org/apache/log4j/RollingFileAppenderCustomizer> (0x000000076b1b9aa0) thrown at [/Users/java_re/workspace/8-2-build-macosx-x86_64/jdk8u161/10277/hotspot/src/share/vm/classfile/systemDictionary.cpp, line 210]
Event: 0.234 Thread 0x00007f9eb8802800 Exception <a 'java/lang/NoSuchFieldError': method resolution failed> (0x000000076b2a41a8) thrown at [/Users/java_re/workspace/8-2-build-macosx-x86_64/jdk8u161/10277/hotspot/src/share/vm/prims/methodHandles.cpp, line 1167]
Event: 0.237 Thread 0x00007f9eb8802800 Exception <a 'java/lang/NoSuchFieldError': method resolution failed> (0x000000076b2b18d0) thrown at [/Users/java_re/workspace/8-2-build-macosx-x86_64/jdk8u161/10277/hotspot/src/share/vm/prims/methodHandles.cpp, line 1167]
Event: 0.344 Thread 0x00007f9eb8802800 Exception <a 'java/io/FileNotFoundException'> (0x000000076b32c130) thrown at [/Users/java_re/workspace/8-2-build-macosx-x86_64/jdk8u161/10277/hotspot/src/share/vm/prims/jni.cpp, line 709]
Event: 0.344 Thread 0x00007f9eb8802800 Exception <a 'java/io/FileNotFoundException'> (0x000000076b32cc90) thrown at [/Users/java_re/workspace/8-2-build-macosx-x86_64/jdk8u161/10277/hotspot/src/share/vm/prims/jni.cpp, line 709]
Event: 0.496 Thread 0x00007f9eb8802800 Exception <a 'java/io/FileNotFoundException'> (0x000000076b7c4c98) thrown at [/Users/java_re/workspace/8-2-build-macosx-x86_64/jdk8u161/10277/hotspot/src/share/vm/prims/jni.cpp, line 709]
Event: 3.212 Thread 0x00007f9eba96e000 Exception <a 'org/lwjgl/LWJGLException': Could not create pixel format> (0x000000076bfbbe40) thrown at [/Users/java_re/workspace/8-2-build-macosx-x86_64/jdk8u161/10277/hotspot/src/share/vm/prims/jni.cpp, line 735]

Events (10 events):
Event: 4.557 Thread 0x00007f9eba96e000 DEOPT PACKING pc=0x00000001173fc208 sp=0x000070000299ce60
Event: 4.557 Thread 0x00007f9eba96e000 DEOPT UNPACKING pc=0x0000000116edc73a sp=0x000070000299ce28 mode 2
Event: 4.557 Thread 0x00007f9eba96e000 Uncommon trap: trap_request=0xffffffd6 fr.pc=0x00000001173fc208
Event: 4.557 Thread 0x00007f9eba96e000 DEOPT PACKING pc=0x00000001173fc208 sp=0x000070000299ce60
Event: 4.557 Thread 0x00007f9eba96e000 DEOPT UNPACKING pc=0x0000000116edc73a sp=0x000070000299ce28 mode 2
Event: 4.557 Thread 0x00007f9eba96e000 Uncommon trap: trap_request=0xffffffd6 fr.pc=0x00000001173fc208
Event: 4.557 Thread 0x00007f9eba96e000 DEOPT PACKING pc=0x00000001173fc208 sp=0x000070000299ce60
Event: 4.557 Thread 0x00007f9eba96e000 DEOPT UNPACKING pc=0x0000000116edc73a sp=0x000070000299ce28 mode 2
Event: 4.580 Executing VM operation: ParallelGCFailedAllocation
Event: 4.582 Executing VM operation: ParallelGCFailedAllocation done


Dynamic libraries:
0x0000000007a9f000 	/System/Library/Frameworks/Cocoa.framework/Versions/A/Cocoa
0x0000000007a9f000 	/System/Library/Frameworks/Security.framework/Versions/A/Security
0x0000000007a9f000 	/System/Library/Frameworks/ApplicationServices.framework/Versions/A/ApplicationServices
0x0000000007a9f000 	/usr/lib/libz.1.dylib
0x0000000007a9f000 	/usr/lib/libSystem.B.dylib
0x0000000007a9f000 	/usr/lib/libobjc.A.dylib
0x0000000007a9f000 	/System/Library/Frameworks/CoreFoundation.framework/Versions/A/CoreFoundation
0x0000000007a9f000 	/System/Library/Frameworks/Foundation.framework/Versions/C/Foundation
0x0000000007a9f000 	/System/Library/Frameworks/AppKit.framework/Versions/C/AppKit
0x0000000007a9f000 	/System/Library/Frameworks/CoreData.framework/Versions/A/CoreData
0x0000000007a9f000 	/System/Library/PrivateFrameworks/RemoteViewServices.framework/Versions/A/RemoteViewServices
0x0000000007a9f000 	/System/Library/PrivateFrameworks/UIFoundation.framework/Versions/A/UIFoundation
0x0000000007a9f000 	/System/Library/PrivateFrameworks/DFRFoundation.framework/Versions/A/DFRFoundation
0x0000000007a9f000 	/System/Library/Frameworks/Metal.framework/Versions/A/Metal
0x0000000007a9f000 	/System/Library/PrivateFrameworks/DesktopServicesPriv.framework/Versions/A/DesktopServicesPriv
0x0000000007a9f000 	/usr/lib/libenergytrace.dylib
0x0000000007a9f000 	/System/Library/PrivateFrameworks/SkyLight.framework/Versions/A/SkyLight
0x0000000007a9f000 	/System/Library/Frameworks/CoreGraphics.framework/Versions/A/CoreGraphics
0x0000000007a9f000 	/usr/lib/libScreenReader.dylib
0x0000000007a9f000 	/System/Library/Frameworks/Accelerate.framework/Versions/A/Accelerate
0x0000000007a9f000 	/System/Library/Frameworks/IOSurface.framework/Versions/A/IOSurface
0x0000000007a9f000 	/System/Library/Frameworks/AudioToolbox.framework/Versions/A/AudioToolbox
0x0000000007a9f000 	/System/Library/Frameworks/AudioUnit.framework/Versions/A/AudioUnit
0x0000000007a9f000 	/System/Library/PrivateFrameworks/DataDetectorsCore.framework/Versions/A/DataDetectorsCore
0x0000000007a9f000 	/System/Library/Frameworks/Carbon.framework/Versions/A/Frameworks/HIToolbox.framework/Versions/A/HIToolbox
0x0000000007a9f000 	/usr/lib/libicucore.A.dylib
0x0000000007a9f000 	/System/Library/Frameworks/QuartzCore.framework/Versions/A/QuartzCore
0x0000000007a9f000 	/System/Library/PrivateFrameworks/SignpostNotification.framework/Versions/A/SignpostNotification
0x0000000007a9f000 	/System/Library/Frameworks/Carbon.framework/Versions/A/Frameworks/SpeechRecognition.framework/Versions/A/SpeechRecognition
0x0000000007a9f000 	/usr/lib/libauto.dylib
0x0000000007a9f000 	/usr/lib/libxml2.2.dylib
0x0000000007a9f000 	/System/Library/PrivateFrameworks/CoreUI.framework/Versions/A/CoreUI
0x0000000007a9f000 	/System/Library/Frameworks/CoreAudio.framework/Versions/A/CoreAudio
0x0000000007a9f000 	/System/Library/Frameworks/DiskArbitration.framework/Versions/A/DiskArbitration
0x0000000007a9f000 	/usr/lib/liblangid.dylib
0x0000000007a9f000 	/System/Library/PrivateFrameworks/MultitouchSupport.framework/Versions/A/MultitouchSupport
0x0000000007a9f000 	/System/Library/Frameworks/IOKit.framework/Versions/A/IOKit
0x0000000007a9f000 	/usr/lib/libDiagnosticMessagesClient.dylib
0x0000000007a9f000 	/System/Library/Frameworks/CoreServices.framework/Versions/A/CoreServices
0x0000000007a9f000 	/System/Library/PrivateFrameworks/PerformanceAnalysis.framework/Versions/A/PerformanceAnalysis
0x0000000007a9f000 	/System/Library/Frameworks/OpenGL.framework/Versions/A/OpenGL
0x0000000007a9f000 	/System/Library/Frameworks/ColorSync.framework/Versions/A/ColorSync
0x0000000007a9f000 	/System/Library/Frameworks/CoreImage.framework/Versions/A/CoreImage
0x0000000007a9f000 	/System/Library/Frameworks/CoreText.framework/Versions/A/CoreText
0x0000000007a9f000 	/System/Library/Frameworks/ImageIO.framework/Versions/A/ImageIO
0x0000000007a9f000 	/System/Library/PrivateFrameworks/Backup.framework/Versions/A/Backup
0x0000000007a9f000 	/usr/lib/libarchive.2.dylib
0x0000000007a9f000 	/System/Library/Frameworks/CFNetwork.framework/Versions/A/CFNetwork
0x0000000007a9f000 	/System/Library/Frameworks/SystemConfiguration.framework/Versions/A/SystemConfiguration
0x0000000007a9f000 	/usr/lib/libCRFSuite.dylib
0x0000000007a9f000 	/usr/lib/libc++.1.dylib
0x0000000007a9f000 	/usr/lib/libc++abi.dylib
0x0000000007a9f000 	/usr/lib/system/libcache.dylib
0x0000000007a9f000 	/usr/lib/system/libcommonCrypto.dylib
0x0000000007a9f000 	/usr/lib/system/libcompiler_rt.dylib
0x0000000007a9f000 	/usr/lib/system/libcopyfile.dylib
0x0000000007a9f000 	/usr/lib/system/libcorecrypto.dylib
0x0000000007a9f000 	/usr/lib/system/libdispatch.dylib
0x0000000007a9f000 	/usr/lib/system/libdyld.dylib
0x0000000007a9f000 	/usr/lib/system/libkeymgr.dylib
0x0000000007a9f000 	/usr/lib/system/liblaunch.dylib
0x0000000007a9f000 	/usr/lib/system/libmacho.dylib
0x0000000007a9f000 	/usr/lib/system/libquarantine.dylib
0x0000000007a9f000 	/usr/lib/system/libremovefile.dylib
0x0000000007a9f000 	/usr/lib/system/libsystem_asl.dylib
0x0000000007a9f000 	/usr/lib/system/libsystem_blocks.dylib
0x0000000007a9f000 	/usr/lib/system/libsystem_c.dylib
0x0000000007a9f000 	/usr/lib/system/libsystem_configuration.dylib
0x0000000007a9f000 	/usr/lib/system/libsystem_coreservices.dylib
0x0000000007a9f000 	/usr/lib/system/libsystem_darwin.dylib
0x0000000007a9f000 	/usr/lib/system/libsystem_dnssd.dylib
0x0000000007a9f000 	/usr/lib/system/libsystem_info.dylib
0x0000000007a9f000 	/usr/lib/system/libsystem_m.dylib
0x0000000007a9f000 	/usr/lib/system/libsystem_malloc.dylib
0x0000000007a9f000 	/usr/lib/system/libsystem_network.dylib
0x0000000007a9f000 	/usr/lib/system/libsystem_networkextension.dylib
0x0000000007a9f000 	/usr/lib/system/libsystem_notify.dylib
0x0000000007a9f000 	/usr/lib/system/libsystem_sandbox.dylib
0x0000000007a9f000 	/usr/lib/system/libsystem_secinit.dylib
0x0000000007a9f000 	/usr/lib/system/libsystem_kernel.dylib
0x0000000007a9f000 	/usr/lib/system/libsystem_platform.dylib
0x0000000007a9f000 	/usr/lib/system/libsystem_pthread.dylib
0x0000000007a9f000 	/usr/lib/system/libsystem_symptoms.dylib
0x0000000007a9f000 	/usr/lib/system/libsystem_trace.dylib
0x0000000007a9f000 	/usr/lib/system/libunwind.dylib
0x0000000007a9f000 	/usr/lib/system/libxpc.dylib
0x0000000007a9f000 	/usr/lib/closure/libclosured.dylib
0x0000000007a9f000 	/usr/lib/libbsm.0.dylib
0x0000000007a9f000 	/usr/lib/system/libkxld.dylib
0x0000000007a9f000 	/usr/lib/libOpenScriptingUtil.dylib
0x0000000007a9f000 	/usr/lib/libcoretls.dylib
0x0000000007a9f000 	/usr/lib/libcoretls_cfhelpers.dylib
0x0000000007a9f000 	/usr/lib/libpam.2.dylib
0x0000000007a9f000 	/usr/lib/libsqlite3.dylib
0x0000000007a9f000 	/usr/lib/libxar.1.dylib
0x0000000007a9f000 	/usr/lib/libbz2.1.0.dylib
0x0000000007a9f000 	/usr/lib/liblzma.5.dylib
0x0000000007a9f000 	/usr/lib/libnetwork.dylib
0x0000000007a9f000 	/usr/lib/libapple_nghttp2.dylib
0x0000000007a9f000 	/usr/lib/libpcap.A.dylib
0x0000000007a9f000 	/usr/lib/libboringssl.dylib
0x0000000007a9f000 	/usr/lib/libusrtcp.dylib
0x0000000007a9f000 	/usr/lib/libapple_crypto.dylib
0x0000000007a9f000 	/System/Library/Frameworks/CoreServices.framework/Versions/A/Frameworks/FSEvents.framework/Versions/A/FSEvents
0x0000000007a9f000 	/System/Library/Frameworks/CoreServices.framework/Versions/A/Frameworks/CarbonCore.framework/Versions/A/CarbonCore
0x0000000007a9f000 	/System/Library/Frameworks/CoreServices.framework/Versions/A/Frameworks/Metadata.framework/Versions/A/Metadata
0x0000000007a9f000 	/System/Library/Frameworks/CoreServices.framework/Versions/A/Frameworks/OSServices.framework/Versions/A/OSServices
0x0000000007a9f000 	/System/Library/Frameworks/CoreServices.framework/Versions/A/Frameworks/SearchKit.framework/Versions/A/SearchKit
0x0000000007a9f000 	/System/Library/Frameworks/CoreServices.framework/Versions/A/Frameworks/AE.framework/Versions/A/AE
0x0000000007a9f000 	/System/Library/Frameworks/CoreServices.framework/Versions/A/Frameworks/LaunchServices.framework/Versions/A/LaunchServices
0x0000000007a9f000 	/System/Library/Frameworks/CoreServices.framework/Versions/A/Frameworks/DictionaryServices.framework/Versions/A/DictionaryServices
0x0000000007a9f000 	/System/Library/Frameworks/CoreServices.framework/Versions/A/Frameworks/SharedFileList.framework/Versions/A/SharedFileList
0x0000000007a9f000 	/System/Library/Frameworks/NetFS.framework/Versions/A/NetFS
0x0000000007a9f000 	/System/Library/PrivateFrameworks/NetAuth.framework/Versions/A/NetAuth
0x0000000007a9f000 	/System/Library/PrivateFrameworks/login.framework/Versions/A/Frameworks/loginsupport.framework/Versions/A/loginsupport
0x0000000007a9f000 	/System/Library/PrivateFrameworks/TCC.framework/Versions/A/TCC
0x0000000007a9f000 	/usr/lib/libmecabra.dylib
0x0000000007a9f000 	/System/Library/Frameworks/ApplicationServices.framework/Versions/A/Frameworks/ATS.framework/Versions/A/ATS
0x0000000007a9f000 	/System/Library/Frameworks/ApplicationServices.framework/Versions/A/Frameworks/ColorSyncLegacy.framework/Versions/A/ColorSyncLegacy
0x0000000007a9f000 	/System/Library/Frameworks/ApplicationServices.framework/Versions/A/Frameworks/HIServices.framework/Versions/A/HIServices
0x0000000007a9f000 	/System/Library/Frameworks/ApplicationServices.framework/Versions/A/Frameworks/LangAnalysis.framework/Versions/A/LangAnalysis
0x0000000007a9f000 	/System/Library/Frameworks/ApplicationServices.framework/Versions/A/Frameworks/PrintCore.framework/Versions/A/PrintCore
0x0000000007a9f000 	/System/Library/Frameworks/ApplicationServices.framework/Versions/A/Frameworks/QD.framework/Versions/A/QD
0x0000000007a9f000 	/System/Library/Frameworks/ApplicationServices.framework/Versions/A/Frameworks/SpeechSynthesis.framework/Versions/A/SpeechSynthesis
0x0000000007a9f000 	/System/Library/Frameworks/CoreDisplay.framework/Versions/A/CoreDisplay
0x0000000007a9f000 	/System/Library/Frameworks/Accelerate.framework/Versions/A/Frameworks/vImage.framework/Versions/A/vImage
0x0000000007a9f000 	/System/Library/Frameworks/Accelerate.framework/Versions/A/Frameworks/vecLib.framework/Versions/A/vecLib
0x0000000007a9f000 	/System/Library/Frameworks/Accelerate.framework/Versions/A/Frameworks/vecLib.framework/Versions/A/libvDSP.dylib
0x0000000007a9f000 	/System/Library/Frameworks/Accelerate.framework/Versions/A/Frameworks/vecLib.framework/Versions/A/libBNNS.dylib
0x0000000007a9f000 	/System/Library/Frameworks/Accelerate.framework/Versions/A/Frameworks/vecLib.framework/Versions/A/libQuadrature.dylib
0x0000000007a9f000 	/System/Library/Frameworks/Accelerate.framework/Versions/A/Frameworks/vecLib.framework/Versions/A/libvMisc.dylib
0x0000000007a9f000 	/System/Library/Frameworks/Accelerate.framework/Versions/A/Frameworks/vecLib.framework/Versions/A/libLAPACK.dylib
0x0000000007a9f000 	/System/Library/Frameworks/Accelerate.framework/Versions/A/Frameworks/vecLib.framework/Versions/A/libBLAS.dylib
0x0000000007a9f000 	/System/Library/Frameworks/Accelerate.framework/Versions/A/Frameworks/vecLib.framework/Versions/A/libLinearAlgebra.dylib
0x0000000007a9f000 	/System/Library/Frameworks/Accelerate.framework/Versions/A/Frameworks/vecLib.framework/Versions/A/libSparse.dylib
0x0000000007a9f000 	/System/Library/Frameworks/Accelerate.framework/Versions/A/Frameworks/vecLib.framework/Versions/A/libSparseBLAS.dylib
0x0000000007a9f000 	/System/Library/PrivateFrameworks/GPUWrangler.framework/Versions/A/GPUWrangler
0x0000000007a9f000 	/System/Library/PrivateFrameworks/IOAccelerator.framework/Versions/A/IOAccelerator
0x0000000007a9f000 	/System/Library/PrivateFrameworks/IOPresentment.framework/Versions/A/IOPresentment
0x0000000007a9f000 	/System/Library/PrivateFrameworks/DSExternalDisplay.framework/Versions/A/DSExternalDisplay
0x0000000007a9f000 	/System/Library/Frameworks/OpenGL.framework/Versions/A/Libraries/libCoreFSCache.dylib
0x0000000007a9f000 	/System/Library/Frameworks/CoreVideo.framework/Versions/A/CoreVideo
0x0000000007a9f000 	/System/Library/PrivateFrameworks/GraphVisualizer.framework/Versions/A/GraphVisualizer
0x0000000007a9f000 	/System/Library/Frameworks/MetalPerformanceShaders.framework/Versions/A/MetalPerformanceShaders
0x0000000007a9f000 	/usr/lib/libFosl_dynamic.dylib
0x0000000007a9f000 	/System/Library/PrivateFrameworks/FaceCore.framework/Versions/A/FaceCore
0x0000000007a9f000 	/System/Library/Frameworks/OpenCL.framework/Versions/A/OpenCL
0x0000000007a9f000 	/usr/lib/libcompression.dylib
0x0000000007a9f000 	/System/Library/Frameworks/ApplicationServices.framework/Versions/A/Frameworks/ATS.framework/Versions/A/Resources/libFontParser.dylib
0x0000000007a9f000 	/System/Library/Frameworks/ApplicationServices.framework/Versions/A/Frameworks/ATS.framework/Versions/A/Resources/libFontRegistry.dylib
0x0000000007a9f000 	/System/Library/Frameworks/ImageIO.framework/Versions/A/Resources/libJPEG.dylib
0x0000000007a9f000 	/System/Library/Frameworks/ImageIO.framework/Versions/A/Resources/libTIFF.dylib
0x0000000007a9f000 	/System/Library/Frameworks/ImageIO.framework/Versions/A/Resources/libPng.dylib
0x0000000007a9f000 	/System/Library/Frameworks/ImageIO.framework/Versions/A/Resources/libGIF.dylib
0x0000000007a9f000 	/System/Library/Frameworks/ImageIO.framework/Versions/A/Resources/libJP2.dylib
0x0000000007a9f000 	/System/Library/Frameworks/ImageIO.framework/Versions/A/Resources/libRadiance.dylib
0x0000000007a9f000 	/System/Library/PrivateFrameworks/AppleJPEG.framework/Versions/A/AppleJPEG
0x0000000007a9f000 	/System/Library/Frameworks/MetalPerformanceShaders.framework/Frameworks/MPSCore.framework/Versions/A/MPSCore
0x0000000007a9f000 	/System/Library/Frameworks/MetalPerformanceShaders.framework/Frameworks/MPSImage.framework/Versions/A/MPSImage
0x0000000007a9f000 	/System/Library/Frameworks/MetalPerformanceShaders.framework/Frameworks/MPSNeuralNetwork.framework/Versions/A/MPSNeuralNetwork
0x0000000007a9f000 	/System/Library/Frameworks/MetalPerformanceShaders.framework/Frameworks/MPSMatrix.framework/Versions/A/MPSMatrix
0x0000000007a9f000 	/System/Library/PrivateFrameworks/MetalTools.framework/Versions/A/MetalTools
0x0000000007a9f000 	/System/Library/Frameworks/OpenGL.framework/Versions/A/Libraries/libGLU.dylib
0x0000000007a9f000 	/System/Library/Frameworks/OpenGL.framework/Versions/A/Libraries/libGFXShared.dylib
0x0000000007a9f000 	/System/Library/Frameworks/OpenGL.framework/Versions/A/Libraries/libGL.dylib
0x0000000007a9f000 	/System/Library/Frameworks/OpenGL.framework/Versions/A/Libraries/libGLImage.dylib
0x0000000007a9f000 	/System/Library/Frameworks/OpenGL.framework/Versions/A/Libraries/libCVMSPluginSupport.dylib
0x0000000007a9f000 	/System/Library/Frameworks/OpenGL.framework/Versions/A/Libraries/libCoreVMClient.dylib
0x0000000007a9f000 	/usr/lib/libcups.2.dylib
0x0000000007a9f000 	/System/Library/Frameworks/Kerberos.framework/Versions/A/Kerberos
0x0000000007a9f000 	/System/Library/Frameworks/GSS.framework/Versions/A/GSS
0x0000000007a9f000 	/usr/lib/libresolv.9.dylib
0x0000000007a9f000 	/usr/lib/libiconv.2.dylib
0x0000000007a9f000 	/System/Library/PrivateFrameworks/Heimdal.framework/Versions/A/Heimdal
0x0000000007a9f000 	/usr/lib/libheimdal-asn1.dylib
0x0000000007a9f000 	/System/Library/Frameworks/OpenDirectory.framework/Versions/A/OpenDirectory
0x0000000007a9f000 	/System/Library/PrivateFrameworks/CommonAuth.framework/Versions/A/CommonAuth
0x0000000007a9f000 	/System/Library/Frameworks/OpenDirectory.framework/Versions/A/Frameworks/CFOpenDirectory.framework/Versions/A/CFOpenDirectory
0x0000000007a9f000 	/System/Library/Frameworks/SecurityFoundation.framework/Versions/A/SecurityFoundation
0x0000000007a9f000 	/System/Library/PrivateFrameworks/APFS.framework/Versions/A/APFS
0x0000000007a9f000 	/usr/lib/libutil.dylib
0x0000000007a9f000 	/System/Library/PrivateFrameworks/AppleSauce.framework/Versions/A/AppleSauce
0x0000000007a9f000 	/System/Library/PrivateFrameworks/LinguisticData.framework/Versions/A/LinguisticData
0x0000000007a9f000 	/usr/lib/libmarisa.dylib
0x0000000007a9f000 	/System/Library/PrivateFrameworks/Lexicon.framework/Versions/A/Lexicon
0x0000000007a9f000 	/usr/lib/libChineseTokenizer.dylib
0x0000000007a9f000 	/usr/lib/libcmph.dylib
0x0000000007a9f000 	/System/Library/PrivateFrameworks/LanguageModeling.framework/Versions/A/LanguageModeling
0x0000000007a9f000 	/System/Library/PrivateFrameworks/CoreEmoji.framework/Versions/A/CoreEmoji
0x0000000007a9f000 	/System/Library/Frameworks/ServiceManagement.framework/Versions/A/ServiceManagement
0x0000000007a9f000 	/System/Library/PrivateFrameworks/BackgroundTaskManagement.framework/Versions/A/BackgroundTaskManagement
0x0000000007a9f000 	/usr/lib/libxslt.1.dylib
0x0000000007a9f000 	/System/Library/Frameworks/Carbon.framework/Versions/A/Frameworks/Ink.framework/Versions/A/Ink
0x0000000007a9f000 	/System/Library/PrivateFrameworks/TextureIO.framework/Versions/A/TextureIO
0x0000000007a9f000 	/usr/lib/libate.dylib
0x0000000007a9f000 	/System/Library/PrivateFrameworks/CrashReporterSupport.framework/Versions/A/CrashReporterSupport
0x0000000007a9f000 	/System/Library/PrivateFrameworks/Sharing.framework/Versions/A/Sharing
0x0000000007a9f000 	/System/Library/PrivateFrameworks/IconServices.framework/Versions/A/IconServices
0x0000000007a9f000 	/System/Library/PrivateFrameworks/Apple80211.framework/Versions/A/Apple80211
0x0000000007a9f000 	/System/Library/PrivateFrameworks/CoreUtils.framework/Versions/A/CoreUtils
0x0000000007a9f000 	/System/Library/Frameworks/CoreWLAN.framework/Versions/A/CoreWLAN
0x0000000007a9f000 	/System/Library/Frameworks/IOBluetooth.framework/Versions/A/IOBluetooth
0x0000000007a9f000 	/System/Library/PrivateFrameworks/ProtocolBuffer.framework/Versions/A/ProtocolBuffer
0x0000000007a9f000 	/System/Library/PrivateFrameworks/CoreWiFi.framework/Versions/A/CoreWiFi
0x0000000007a9f000 	/System/Library/Frameworks/CoreBluetooth.framework/Versions/A/CoreBluetooth
0x0000000007a9f000 	/System/Library/PrivateFrameworks/DebugSymbols.framework/Versions/A/DebugSymbols
0x0000000007a9f000 	/System/Library/PrivateFrameworks/CoreSymbolication.framework/Versions/A/CoreSymbolication
0x0000000007a9f000 	/System/Library/PrivateFrameworks/Symbolication.framework/Versions/A/Symbolication
0x0000000007a9f000 	/System/Library/PrivateFrameworks/AppleFSCompression.framework/Versions/A/AppleFSCompression
0x0000000007a9f000 	/System/Library/PrivateFrameworks/SpeechRecognitionCore.framework/Versions/A/SpeechRecognitionCore
0x000000010f400000 	/Library/Java/JavaVirtualMachines/jdk1.8.0_161.jdk/Contents/Home/jre/lib/server/libjvm.dylib
0x0000000007a9f000 	/usr/lib/libstdc++.6.0.9.dylib
0x000000010e213000 	/Library/Java/JavaVirtualMachines/jdk1.8.0_161.jdk/Contents/Home/jre/lib/libverify.dylib
0x000000010e221000 	/Library/Java/JavaVirtualMachines/jdk1.8.0_161.jdk/Contents/Home/jre/lib/libjava.dylib
0x000000010e258000 	/Library/Java/JavaVirtualMachines/jdk1.8.0_161.jdk/Contents/Home/jre/lib/libjdwp.dylib
0x000000010e2a3000 	/Library/Java/JavaVirtualMachines/jdk1.8.0_161.jdk/Contents/Home/jre/lib/libnpt.dylib
0x000000010e2f0000 	/Library/Java/JavaVirtualMachines/jdk1.8.0_161.jdk/Contents/Home/jre/lib/libzip.dylib
0x000000010e3f5000 	/Library/Java/JavaVirtualMachines/jdk1.8.0_161.jdk/Contents/Home/jre/lib/libdt_socket.dylib
0x0000000115e85000 	/Library/Java/JavaVirtualMachines/jdk1.8.0_161.jdk/Contents/Home/jre/lib/libawt.dylib
0x0000000115f2f000 	/Library/Java/JavaVirtualMachines/jdk1.8.0_161.jdk/Contents/Home/jre/lib/./libmlib_image.dylib
0x0000000007a9f000 	/System/Library/Frameworks/JavaVM.framework/Versions/A/Frameworks/JavaNativeFoundation.framework/Versions/A/JavaNativeFoundation
0x0000000007a9f000 	/System/Library/Frameworks/JavaVM.framework/Versions/A/Frameworks/JavaRuntimeSupport.framework/Versions/A/JavaRuntimeSupport
0x0000000007a9f000 	/System/Library/Frameworks/JavaVM.framework/Versions/A/JavaVM
0x0000000007a9f000 	/System/Library/PrivateFrameworks/JavaLaunching.framework/Versions/A/JavaLaunching
0x0000000007a9f000 	/System/Library/Frameworks/Carbon.framework/Versions/A/Carbon
0x0000000007a9f000 	/System/Library/Frameworks/Carbon.framework/Versions/A/Frameworks/CommonPanels.framework/Versions/A/CommonPanels
0x0000000007a9f000 	/System/Library/Frameworks/Carbon.framework/Versions/A/Frameworks/Help.framework/Versions/A/Help
0x0000000007a9f000 	/System/Library/Frameworks/Carbon.framework/Versions/A/Frameworks/ImageCapture.framework/Versions/A/ImageCapture
0x0000000007a9f000 	/System/Library/Frameworks/Carbon.framework/Versions/A/Frameworks/OpenScripting.framework/Versions/A/OpenScripting
0x0000000007a9f000 	/System/Library/Frameworks/Carbon.framework/Versions/A/Frameworks/Print.framework/Versions/A/Print
0x0000000007a9f000 	/System/Library/Frameworks/Carbon.framework/Versions/A/Frameworks/SecurityHI.framework/Versions/A/SecurityHI
0x0000000115ffb000 	/Library/Java/JavaVirtualMachines/jdk1.8.0_161.jdk/Contents/Home/jre/lib/libawt_lwawt.dylib
0x00000001160b5000 	/Library/Java/JavaVirtualMachines/jdk1.8.0_161.jdk/Contents/Home/jre/lib/./libosxapp.dylib
0x0000000007a9f000 	/System/Library/Frameworks/ExceptionHandling.framework/Versions/A/ExceptionHandling
0x0000000007a9f000 	/System/Library/PrivateFrameworks/CoreServicesInternal.framework/Versions/A/CoreServicesInternal
0x0000000007a9f000 	/System/Library/CoreServices/RawCamera.bundle/Contents/MacOS/RawCamera
0x0000000007a9f000 	/System/Library/PrivateFrameworks/MobileAsset.framework/Versions/A/MobileAsset
0x0000000007a9f000 	/System/Library/PrivateFrameworks/StreamingZip.framework/Versions/A/StreamingZip
0x0000000007a9f000 	/System/Library/Frameworks/MediaToolbox.framework/Versions/A/MediaToolbox
0x0000000007a9f000 	/System/Library/PrivateFrameworks/CoreAVCHD.framework/Versions/A/CoreAVCHD
0x0000000007a9f000 	/System/Library/Frameworks/MediaAccessibility.framework/Versions/A/MediaAccessibility
0x0000000007a9f000 	/System/Library/PrivateFrameworks/Mangrove.framework/Versions/A/Mangrove
0x0000000007a9f000 	/System/Library/Frameworks/CoreMedia.framework/Versions/A/CoreMedia
0x0000000007a9f000 	/System/Library/Frameworks/VideoToolbox.framework/Versions/A/VideoToolbox
0x0000000007a9f000 	/System/Library/PrivateFrameworks/CoreAUC.framework/Versions/A/CoreAUC
0x0000000007a9f000 	/usr/lib/libspindump.dylib
0x0000000007a9f000 	/System/Library/PrivateFrameworks/AppleVA.framework/Versions/A/AppleVA
0x0000000007a9f000 	/System/Library/Frameworks/Accelerate.framework/Versions/A/Frameworks/vImage.framework/Versions/A/Libraries/libCGInterfaces.dylib
0x0000000007a9f000 	/System/Library/Frameworks/ApplicationServices.framework/Versions/A/Frameworks/ATS.framework/Versions/A/Resources/libTrueTypeScaler.dylib
0x000000012fd63000 	/System/Library/Extensions/AMDMTLBronzeDriver.bundle/Contents/MacOS/AMDMTLBronzeDriver
0x0000000007a9f000 	/System/Library/PrivateFrameworks/IOAccelMemoryInfo.framework/Versions/A/IOAccelMemoryInfo
0x0000000007a9f000 	/System/Library/PrivateFrameworks/GPUCompiler.framework/Versions/3802/Libraries/libmetal_timestamp.dylib
0x0000000007a9f000 	/System/Library/PrivateFrameworks/FamilyControls.framework/Versions/A/FamilyControls
0x0000000007a9f000 	/System/Library/PrivateFrameworks/CommerceKit.framework/Versions/A/Frameworks/CommerceCore.framework/Versions/A/CommerceCore
0x0000000007a9f000 	/System/Library/PrivateFrameworks/SystemAdministration.framework/Versions/A/SystemAdministration
0x0000000007a9f000 	/System/Library/PrivateFrameworks/AppContainer.framework/Versions/A/AppContainer
0x0000000007a9f000 	/System/Library/PrivateFrameworks/SecCodeWrapper.framework/Versions/A/SecCodeWrapper
0x0000000007a9f000 	/System/Library/PrivateFrameworks/DiskManagement.framework/Versions/A/DiskManagement
0x0000000007a9f000 	/System/Library/Frameworks/DirectoryService.framework/Versions/A/DirectoryService
0x0000000007a9f000 	/System/Library/PrivateFrameworks/DiskImages.framework/Versions/A/DiskImages
0x0000000007a9f000 	/System/Library/PrivateFrameworks/LoginUIKit.framework/Versions/A/Frameworks/LoginUICore.framework/Versions/A/LoginUICore
0x0000000007a9f000 	/usr/lib/libCoreStorage.dylib
0x0000000007a9f000 	/usr/lib/libcsfde.dylib
0x0000000007a9f000 	/usr/lib/libodfde.dylib
0x0000000007a9f000 	/System/Library/PrivateFrameworks/MediaKit.framework/Versions/A/MediaKit
0x0000000007a9f000 	/System/Library/Frameworks/DiscRecording.framework/Versions/A/DiscRecording
0x0000000007a9f000 	/System/Library/PrivateFrameworks/EFILogin.framework/Versions/A/EFILogin
0x0000000007a9f000 	/System/Library/PrivateFrameworks/ProtectedCloudStorage.framework/Versions/A/ProtectedCloudStorage
0x0000000007a9f000 	/usr/lib/libcurl.4.dylib
0x0000000007a9f000 	/usr/lib/libcrypto.35.dylib
0x0000000007a9f000 	/usr/lib/libssl.35.dylib
0x0000000007a9f000 	/System/Library/Frameworks/LDAP.framework/Versions/A/LDAP
0x0000000007a9f000 	/System/Library/PrivateFrameworks/TrustEvaluationAgent.framework/Versions/A/TrustEvaluationAgent
0x0000000007a9f000 	/usr/lib/libsasl2.2.dylib
0x0000000007a9f000 	/System/Library/PrivateFrameworks/CoreDaemon.framework/Versions/B/CoreDaemon
0x0000000007a9f000 	/System/Library/PrivateFrameworks/AppleSRP.framework/Versions/A/AppleSRP
0x0000000007a9f000 	/System/Library/Frameworks/OpenGL.framework/Versions/A/Resources/GLEngine.bundle/GLEngine
0x0000000007a9f000 	/System/Library/Frameworks/OpenGL.framework/Versions/A/Libraries/libGLProgrammability.dylib
0x00000001300ea000 	/System/Library/Extensions/AMDRadeonX4000GLDriver.bundle/Contents/MacOS/AMDRadeonX4000GLDriver
0x0000000007a9f000 	/System/Library/PrivateFrameworks/GPUSupport.framework/Versions/A/Libraries/libGPUSupportMercury.dylib
0x0000000007a9f000 	/System/Library/Extensions/AMDRadeonX4000GLDriver.bundle/Contents/MacOS/ATIRadeonX4000SCLib.dylib
0x0000000007a9f000 	/System/Library/Frameworks/OpenGL.framework/Versions/A/Resources/GLRendererFloat.bundle/GLRendererFloat
0x0000000007a9f000 	/System/Library/Frameworks/OpenCL.framework/Versions/A/Libraries/libcldcpuengine.dylib
0x00000001302ea000 	/Library/Java/JavaVirtualMachines/jdk1.8.0_161.jdk/Contents/Home/jre/lib/libfontmanager.dylib
0x0000000130351000 	/Library/Java/JavaVirtualMachines/jdk1.8.0_161.jdk/Contents/Home/jre/lib/libosxui.dylib
0x0000000130f17000 	/Library/Java/JavaVirtualMachines/jdk1.8.0_161.jdk/Contents/Home/jre/lib/libosx.dylib
0x000000013129d000 	/Library/Java/JavaVirtualMachines/jdk1.8.0_161.jdk/Contents/Home/jre/lib/libnio.dylib
0x00000001312ad000 	/Library/Java/JavaVirtualMachines/jdk1.8.0_161.jdk/Contents/Home/jre/lib/./libnet.dylib
0x0000000131616000 	/Users/mpue/Documents/devel/games/supernova/lib/native/liblwjgl.dylib
0x0000000116df6000 	/Library/Java/JavaVirtualMachines/jdk1.8.0_161.jdk/Contents/Home/jre/lib/libjawt.dylib
0x0000000007a9f000 	/System/Library/PrivateFrameworks/ViewBridge.framework/Versions/A/ViewBridge
0x000000019cbab000 	/Library/Java/JavaVirtualMachines/jdk1.8.0_161.jdk/Contents/Home/jre/lib/libdcpr.dylib
0x000000012f74f000 	/Library/Java/JavaVirtualMachines/jdk1.8.0_161.jdk/Contents/Home/jre/lib/libjpeg.dylib

VM Arguments:
jvm_args: -agentlib:jdwp=transport=dt_socket,suspend=y,address=localhost:51675 -Djava.library.path=/Users/mpue/Documents/devel/games/supernova/lib/native -Dfile.encoding=UTF-8 
java_command: de.pueski.jrhythm.core.JRhythm
java_class_path (initial): /Library/Java/JavaVirtualMachines/jdk1.8.0_161.jdk/Contents/Home/jre/lib/resources.jar:/Library/Java/JavaVirtualMachines/jdk1.8.0_161.jdk/Contents/Home/jre/lib/rt.jar:/Library/Java/JavaVirtualMachines/jdk1.8.0_161.jdk/Contents/Home/jre/lib/jsse.jar:/Library/Java/JavaVirtualMachines/jdk1.8.0_161.jdk/Contents/Home/jre/lib/jce.jar:/Library/Java/JavaVirtualMachines/jdk1.8.0_161.jdk/Contents/Home/jre/lib/charsets.jar:/Library/Java/JavaVirtualMachines/jdk1.8.0_161.jdk/Contents/Home/jre/lib/jfr.jar:/Library/Java/JavaVirtualMachines/jdk1.8.0_161.jdk/Contents/Home/jre/lib/ext/sunec.jar:/Library/Java/JavaVirtualMachines/jdk1.8.0_161.jdk/Contents/Home/jre/lib/ext/nashorn.jar:/Library/Java/JavaVirtualMachines/jdk1.8.0_161.jdk/Contents/Home/jre/lib/ext/cldrdata.jar:/Library/Java/JavaVirtualMachines/jdk1.8.0_161.jdk/Contents/Home/jre/lib/ext/jfxrt.jar:/Library/Java/JavaVirtualMachines/jdk1.8.0_161.jdk/Contents/Home/jre/lib/ext/dnsns.jar:/Library/Java/JavaVirtualMachines/jdk1.8.0_161.jdk/Contents/Home/jre/lib/ext/localedata.jar:/Library/Java/JavaVirtualMachines/jdk1.8.0_161.jdk/Contents/Home/jre/lib/ext/sunjce_provider.jar:/Library/Java/JavaVirtualMachines/jdk1.8.0_161.jdk/Contents/Home/jre/lib/ext/sunpkcs11.jar:/Library/Java/JavaVirtualMachines/jdk1.8.0_161.jdk/Contents/Home/jre/lib/ext/jaccess.jar:/Library/Java/JavaVirtualMachines/jdk1.8.0_161.jdk/Contents/Home/jre/lib/ext/zipfs.jar:/System/Library/Java/Extensions/MRJToolkit.jar:/Users/mpue/Documents/devel/JRhythm/bin:/Users/mpue/Documents/devel/JRhythm/lib/AppleJavaExtensions.jar:/Users/mpue/Documents/devel/JRhythm/lib/lzma.jar:/Users/mpue/Documents/devel/JRhythm/lib/vecmath.jar:/Users/mpue/Documents/devel/JRhythm/lib/stack-alloc.jar:/Users/mpue/Documents/devel/JRhythm/lib/commons-io-1.3.1.jar:/Users/mpue/Documents/devel/JRhythm/lib/commons-lang-2.3.jar:/Users/mpue/Documents/devel/JRhythm/lib/commons-logging-1.1.jar:/Users/mpue/Documents/devel/JRhythm/lib/log4j-1.2.14.jar:/Users/mpue/Documents/devel
Launcher Type: SUN_STANDARD

Environment Variables:
PATH=/usr/bin:/bin:/usr/sbin:/sbin
SHELL=/bin/bash
DISPLAY=/private/tmp/com.apple.launchd.3tVY61MuS1/org.macosforge.xquartz:0

Signal Handlers:
SIGSEGV: [libjvm.dylib+0x5b5439], sa_mask[0]=11111111011111110111111111111111, sa_flags=SA_ONSTACK|SA_RESTART|SA_SIGINFO
SIGBUS: [libjvm.dylib+0x5b5439], sa_mask[0]=11111111011111110111111111111111, sa_flags=SA_RESTART|SA_SIGINFO
SIGFPE: [libjvm.dylib+0x48ae24], sa_mask[0]=11111111011111110111111111111111, sa_flags=SA_RESTART|SA_SIGINFO
SIGPIPE: [libjvm.dylib+0x48ae24], sa_mask[0]=11111111011111110111111111111111, sa_flags=SA_RESTART|SA_SIGINFO
SIGXFSZ: [libjvm.dylib+0x48ae24], sa_mask[0]=11111111011111110111111111111111, sa_flags=SA_RESTART|SA_SIGINFO
SIGILL: [libjvm.dylib+0x48ae24], sa_mask[0]=11111111011111110111111111111111, sa_flags=SA_RESTART|SA_SIGINFO
SIGUSR1: SIG_DFL, sa_mask[0]=00000000000000000000000000000000, sa_flags=none
SIGUSR2: [libjvm.dylib+0x48a942], sa_mask[0]=00100000000000000000000000000000, sa_flags=SA_RESTART|SA_SIGINFO
SIGHUP: [libjvm.dylib+0x488f0d], sa_mask[0]=11111111011111110111111111111111, sa_flags=SA_RESTART|SA_SIGINFO
SIGINT: [libjvm.dylib+0x488f0d], sa_mask[0]=11111111011111110111111111111111, sa_flags=SA_RESTART|SA_SIGINFO
SIGTERM: [libjvm.dylib+0x488f0d], sa_mask[0]=11111111011111110111111111111111, sa_flags=SA_RESTART|SA_SIGINFO
SIGQUIT: [libjvm.dylib+0x488f0d], sa_mask[0]=11111111011111110111111111111111, sa_flags=SA_RESTART|SA_SIGINFO


---------------  S Y S T E M  ---------------

OS:Bsduname:Darwin 17.6.0 Darwin Kernel Version 17.6.0: Tue May  8 15:22:16 PDT 2018; root:xnu-4570.61.1~1/RELEASE_X86_64 x86_64
rlimit: STACK 8192k, CORE 0k, NPROC 1418, NOFILE 10240, AS infinity
load average:2.02 1.76 1.62

CPU:total 8 (initial active 8) (4 cores per cpu, 2 threads per core) family 6 model 158 stepping 9, cmov, cx8, fxsr, mmx, sse, sse2, sse3, ssse3, sse4.1, sse4.2, popcnt, avx, avx2, aes, clmul, erms, rtm, 3dnowpref, lzcnt, ht, tsc, tscinvbit, bmi1, bmi2, adx

Memory: 4k page, physical 16777216k(1137124k free)

/proc/meminfo:


vm_info: Java HotSpot(TM) 64-Bit Server VM (25.161-b12) for bsd-amd64 JRE (1.8.0_161-b12), built on Dec 19 2017 16:22:20 by "java_re" with gcc 4.2.1 (Based on Apple Inc. build 5658) (LLVM build 2336.11.00)

time: Sun Nov 11 16:38:00 2018
elapsed time: 4 seconds (0d 0h 0m 4s)

